#
# There is insufficient memory for the Java Runtime Environment to continue.
# Native memory allocation (mmap) failed to map 572522496 bytes for G1 virtual space
# Possible reasons:
#   The system is out of physical RAM or swap space
#   The process is running with CompressedOops enabled, and the Java Heap may be blocking the growth of the native heap
# Possible solutions:
#   Reduce memory load on the system
#   Increase physical memory or swap space
#   Check if swap backing store is full
#   Decrease Java heap size (-Xmx/-Xms)
#   Decrease number of Java threads
#   Decrease Java thread stack sizes (-Xss)
#   Set larger code cache with -XX:ReservedCodeCacheSize=
#   JVM is running with Zero Based Compressed Oops mode in which the Java heap is
#     placed in the first 32GB address space. The Java Heap base address is the
#     maximum limit for the native heap growth. Please use -XX:HeapBaseMinAddress
#     to set the Java Heap base and to place the Java Heap above 32GB virtual address.
# This output file may be truncated or incomplete.
#
#  Out of Memory Error (os_windows.cpp:3466), pid=55916, tid=45236
#
# JRE version: Java(TM) SE Runtime Environment (16.0.2+7) (build 16.0.2+7-67)
# Java VM: Java HotSpot(TM) 64-Bit Server VM (16.0.2+7-67, mixed mode, sharing, tiered, compressed oops, compressed class ptrs, g1 gc, windows-amd64)
# No core dump will be written. Minidumps are not enabled by default on client versions of Windows
#

---------------  S U M M A R Y ------------

Command Line: -Dmaven.multiModuleProjectDirectory=G:\WorkSpace\Talexs\TalexFrame -Dmaven.home=C:\Users\Lenovo\.m2\wrapper\dists\apache-maven-3.8.3-bin\5a6n1u8or3307vo2u2jgmkhm0t\apache-maven-3.8.3 -Dclassworlds.conf=C:\Users\Lenovo\.m2\wrapper\dists\apache-maven-3.8.3-bin\5a6n1u8or3307vo2u2jgmkhm0t\apache-maven-3.8.3\bin\m2.conf -Dmaven.ext.class.path=D:\JetBrains\apps\IDEA-U\ch-0\221.5787.30\plugins\maven\lib\maven-event-listener.jar -javaagent:D:\JetBrains\apps\IDEA-U\ch-0\221.5787.30\lib\idea_rt.jar=8775:D:\JetBrains\apps\IDEA-U\ch-0\221.5787.30\bin -Dfile.encoding=UTF-8 org.codehaus.classworlds.Launcher -Didea.version=2022.1.2 -s D:\apache-maven-3.8.1\conf\settings.xml -DskipTests=true install

Host: AMD Ryzen 5 5500U with Radeon Graphics         , 12 cores, 15G,  Windows 10 , 64 bit Build 22581 (10.0.22581.1)
Time: Sun Jun  5 10:48:16 2022  Windows 10 , 64 bit Build 22581 (10.0.22581.1) elapsed time: 34.520540 seconds (0d 0h 0m 34s)

---------------  T H R E A D  ---------------

Current thread (0x000001fbad1d2fe0):  VMThread "VM Thread" [stack: 0x000000721ab00000,0x000000721ac00000] [id=45236]

Stack: [0x000000721ab00000,0x000000721ac00000]
Native frames: (J=compiled Java code, j=interpreted, Vv=VM code, C=native code)
V  [jvm.dll+0x6681ca]
V  [jvm.dll+0x7c9e69]
V  [jvm.dll+0x7cb61e]
V  [jvm.dll+0x7cbc73]
V  [jvm.dll+0x242c55]
V  [jvm.dll+0x664f89]
V  [jvm.dll+0x659b75]
V  [jvm.dll+0x2fbfbb]
V  [jvm.dll+0x3031b6]
V  [jvm.dll+0x35299e]
V  [jvm.dll+0x352bcf]
V  [jvm.dll+0x2d3028]
V  [jvm.dll+0x2d0bb5]
V  [jvm.dll+0x2d01ec]
V  [jvm.dll+0x3152d2]
V  [jvm.dll+0x7d00ab]
V  [jvm.dll+0x7d0da4]
V  [jvm.dll+0x7d12a9]
V  [jvm.dll+0x7d1564]
V  [jvm.dll+0x7d1630]
V  [jvm.dll+0x7795aa]
V  [jvm.dll+0x667066]
C  [ucrtbase.dll+0x29363]
C  [KERNEL32.DLL+0x16624]
C  [ntdll.dll+0x4a958]

VM_Operation (0x000000721a5fc700): G1CollectForAllocation, mode: safepoint, requested by thread 0x000001fb8a690ca0


---------------  P R O C E S S  ---------------

Threads class SMR info:
_java_thread_list=0x000001fbb6c97b80, length=13, elements={
0x000001fb8a690ca0, 0x000001fbad1d53e0, 0x000001fbad1d7df0, 0x000001fbad202a50,
0x000001fbad1f17c0, 0x000001fbad1f1dd0, 0x000001fbad1f63f0, 0x000001fbad1f96e0,
0x000001fbad1fd110, 0x000001fbad1fe3b0, 0x000001fbadcf95f0, 0x000001fbade3d9e0,
0x000001fbade42080
}

Java Threads: ( => current thread )
  0x000001fb8a690ca0 JavaThread "main" [_thread_blocked, id=47320, stack(0x000000721a500000,0x000000721a600000)]
  0x000001fbad1d53e0 JavaThread "Reference Handler" daemon [_thread_blocked, id=51284, stack(0x000000721ac00000,0x000000721ad00000)]
  0x000001fbad1d7df0 JavaThread "Finalizer" daemon [_thread_blocked, id=49664, stack(0x000000721ad00000,0x000000721ae00000)]
  0x000001fbad202a50 JavaThread "Signal Dispatcher" daemon [_thread_blocked, id=30324, stack(0x000000721ae00000,0x000000721af00000)]
  0x000001fbad1f17c0 JavaThread "Attach Listener" daemon [_thread_blocked, id=44648, stack(0x000000721af00000,0x000000721b000000)]
  0x000001fbad1f1dd0 JavaThread "Service Thread" daemon [_thread_blocked, id=4292, stack(0x000000721b000000,0x000000721b100000)]
  0x000001fbad1f63f0 JavaThread "Monitor Deflation Thread" daemon [_thread_blocked, id=50112, stack(0x000000721b100000,0x000000721b200000)]
  0x000001fbad1f96e0 JavaThread "C2 CompilerThread0" daemon [_thread_blocked, id=45888, stack(0x000000721b200000,0x000000721b300000)]
  0x000001fbad1fd110 JavaThread "C1 CompilerThread0" daemon [_thread_blocked, id=42392, stack(0x000000721b300000,0x000000721b400000)]
  0x000001fbad1fe3b0 JavaThread "Sweeper thread" daemon [_thread_blocked, id=49868, stack(0x000000721b400000,0x000000721b500000)]
  0x000001fbadcf95f0 JavaThread "Common-Cleaner" daemon [_thread_blocked, id=51576, stack(0x000000721b500000,0x000000721b600000)]
  0x000001fbade3d9e0 JavaThread "Monitor Ctrl-Break" daemon [_thread_in_native, id=25988, stack(0x000000721b600000,0x000000721b700000)]
  0x000001fbade42080 JavaThread "Notification Thread" daemon [_thread_blocked, id=56112, stack(0x000000721b700000,0x000000721b800000)]

Other Threads:
=>0x000001fbad1d2fe0 VMThread "VM Thread" [stack: 0x000000721ab00000,0x000000721ac00000] [id=45236]
  0x000001fbade484d0 WatcherThread [stack: 0x000000721b800000,0x000000721b900000] [id=36276]
  0x000001fb8a6e0bd0 GCTaskThread "GC Thread#0" [stack: 0x000000721a600000,0x000000721a700000] [id=40036]
  0x000001fbae74b5f0 GCTaskThread "GC Thread#1" [stack: 0x000000721bb00000,0x000000721bc00000] [id=54376]
  0x000001fbae7f8a10 GCTaskThread "GC Thread#2" [stack: 0x000000721bc00000,0x000000721bd00000] [id=46824]
  0x000001fbae6a03a0 GCTaskThread "GC Thread#3" [stack: 0x000000721bd00000,0x000000721be00000] [id=23644]
  0x000001fbae5860f0 GCTaskThread "GC Thread#4" [stack: 0x000000721be00000,0x000000721bf00000] [id=52876]
  0x000001fbae5b8c50 GCTaskThread "GC Thread#5" [stack: 0x000000721bf00000,0x000000721c000000] [id=55688]
  0x000001fbae5b8f60 GCTaskThread "GC Thread#6" [stack: 0x000000721c000000,0x000000721c100000] [id=17948]
  0x000001fbae74a4c0 GCTaskThread "GC Thread#7" [stack: 0x000000721c100000,0x000000721c200000] [id=12844]
  0x000001fbae6e8f70 GCTaskThread "GC Thread#8" [stack: 0x000000721c200000,0x000000721c300000] [id=54760]
  0x000001fbaeaf9d00 GCTaskThread "GC Thread#9" [stack: 0x000000721c300000,0x000000721c400000] [id=43864]
  0x000001fb8a6f2240 ConcurrentGCThread "G1 Main Marker" [stack: 0x000000721a700000,0x000000721a800000] [id=12992]
  0x000001fb8a6f3a60 ConcurrentGCThread "G1 Conc#0" [stack: 0x000000721a800000,0x000000721a900000] [id=24312]
  0x000001fbaedb4eb0 ConcurrentGCThread "G1 Conc#1" [stack: 0x000000721c400000,0x000000721c500000] [id=56052]
  0x000001fbaedb51c0 ConcurrentGCThread "G1 Conc#2" [stack: 0x000000721c500000,0x000000721c600000] [id=39680]
  0x000001fb8a755ab0 ConcurrentGCThread "G1 Refine#0" [stack: 0x000000721a900000,0x000000721aa00000] [id=24308]
  0x000001fbae374fd0 ConcurrentGCThread "G1 Refine#1" [stack: 0x000000721c600000,0x000000721c700000] [id=13124]
  0x000001fbb0ae6d10 ConcurrentGCThread "G1 Refine#2" [stack: 0x000000721c700000,0x000000721c800000] [id=54984]
  0x000001fbae844e20 ConcurrentGCThread "G1 Refine#3" [stack: 0x000000721c800000,0x000000721c900000] [id=55668]
  0x000001fbb08f7bb0 ConcurrentGCThread "G1 Refine#4" [stack: 0x000000721c900000,0x000000721ca00000] [id=47756]
  0x000001fbae69eff0 ConcurrentGCThread "G1 Refine#5" [stack: 0x000000721ca00000,0x000000721cb00000] [id=52248]
  0x000001fbbe590000 ConcurrentGCThread "G1 Refine#6" [stack: 0x000000721ba00000,0x000000721bb00000] [id=52572]
  0x000001fbbd719fe0 ConcurrentGCThread "G1 Refine#7" [stack: 0x000000721cb00000,0x000000721cc00000] [id=55852]
  0x000001fb8a7562d0 ConcurrentGCThread "G1 Service" [stack: 0x000000721aa00000,0x000000721ab00000] [id=53980]

Threads with active compile tasks:

VM state: at safepoint (normal execution)

VM Mutex/Monitor currently owned by a thread:  ([mutex/lock_event])
[0x000001fb8a68d150] Threads_lock - owner thread: 0x000001fbad1d2fe0
[0x000001fb8a68c2b0] Heap_lock - owner thread: 0x000001fb8a690ca0

Heap address: 0x000000070a400000, size: 3932 MB, Compressed Oops mode: Zero based, Oop shift amount: 3

CDS archive(s) mapped at: [0x0000000800000000-0x0000000800bb0000-0x0000000800bb0000), size 12255232, SharedBaseAddress: 0x0000000800000000, ArchiveRelocationMode: 0.
Compressed class space mapped at: 0x0000000800c00000-0x0000000840c00000, reserved size: 1073741824
Narrow klass base: 0x0000000800000000, Narrow klass shift: 3, Narrow klass range: 0x100000000

GC Precious Log:
 CPUs: 12 total, 12 available
 Memory: 15722M
 Large Page Support: Disabled
 NUMA Support: Disabled
 Compressed Oops: Enabled (Zero based)
 Heap Region Size: 2M
 Heap Min Capacity: 8M
 Heap Initial Capacity: 246M
 Heap Max Capacity: 3932M
 Pre-touch: Disabled
 Parallel Workers: 10
 Concurrent Workers: 3
 Concurrent Refinement Workers: 10
 Periodic GC: Disabled

Heap:
 garbage-first heap   total 387072K, used 120172K [0x000000070a400000, 0x0000000800000000)
  region size 2048K, 10 young (20480K), 10 survivors (20480K)
 Metaspace       used 54096K, committed 54912K, reserved 1105920K
  class space    used 6168K, committed 6528K, reserved 1048576K

Heap Regions: E=young(eden), S=young(survivor), O=old, HS=humongous(starts), HC=humongous(continues), CS=collection set, F=free, OA=open archive, CA=closed archive, TAMS=top-at-mark-start (previous, next)
|   0|0x000000070a400000, 0x000000070a600000, 0x000000070a600000|100%| O|  |TAMS 0x000000070a600000, 0x000000070a400000| Untracked 
|   1|0x000000070a600000, 0x000000070a800000, 0x000000070a800000|100%| O|  |TAMS 0x000000070a800000, 0x000000070a600000| Untracked 
|   2|0x000000070a800000, 0x000000070aa00000, 0x000000070aa00000|100%| O|  |TAMS 0x000000070a800000, 0x000000070a800000| Untracked 
|   3|0x000000070aa00000, 0x000000070ac00000, 0x000000070ac00000|100%| O|  |TAMS 0x000000070aa00000, 0x000000070aa00000| Untracked 
|   4|0x000000070ac00000, 0x000000070ae00000, 0x000000070ae00000|100%| O|  |TAMS 0x000000070ac00000, 0x000000070ac00000| Untracked 
|   5|0x000000070ae00000, 0x000000070b000000, 0x000000070b000000|100%| O|  |TAMS 0x000000070ae00000, 0x000000070ae00000| Untracked 
|   6|0x000000070b000000, 0x000000070b200000, 0x000000070b200000|100%|HS|  |TAMS 0x000000070b200000, 0x000000070b000000| Complete 
|   7|0x000000070b200000, 0x000000070b400000, 0x000000070b400000|100%|HC|  |TAMS 0x000000070b400000, 0x000000070b200000| Complete 
|   8|0x000000070b400000, 0x000000070b600000, 0x000000070b600000|100%|HS|  |TAMS 0x000000070b400000, 0x000000070b400000| Complete 
|   9|0x000000070b600000, 0x000000070b800000, 0x000000070b800000|100%| O|  |TAMS 0x000000070b800000, 0x000000070b600000| Untracked 
|  10|0x000000070b800000, 0x000000070ba00000, 0x000000070ba00000|100%| O|  |TAMS 0x000000070b800000, 0x000000070b800000| Untracked 
|  11|0x000000070ba00000, 0x000000070bc00000, 0x000000070bc00000|100%| O|  |TAMS 0x000000070ba00000, 0x000000070ba00000| Untracked 
|  12|0x000000070bc00000, 0x000000070be00000, 0x000000070be00000|100%| O|  |TAMS 0x000000070bc00000, 0x000000070bc00000| Untracked 
|  13|0x000000070be00000, 0x000000070c000000, 0x000000070c000000|100%| O|  |TAMS 0x000000070be00000, 0x000000070be00000| Untracked 
|  14|0x000000070c000000, 0x000000070c200000, 0x000000070c200000|100%| O|  |TAMS 0x000000070c200000, 0x000000070c000000| Untracked 
|  15|0x000000070c200000, 0x000000070c400000, 0x000000070c400000|100%| O|  |TAMS 0x000000070c200000, 0x000000070c200000| Untracked 
|  16|0x000000070c400000, 0x000000070c600000, 0x000000070c600000|100%| O|  |TAMS 0x000000070c400000, 0x000000070c400000| Untracked 
|  17|0x000000070c600000, 0x000000070c800000, 0x000000070c800000|100%| O|  |TAMS 0x000000070c600000, 0x000000070c600000| Untracked 
|  18|0x000000070c800000, 0x000000070ca00000, 0x000000070ca00000|100%| O|  |TAMS 0x000000070c800000, 0x000000070c800000| Untracked 
|  19|0x000000070ca00000, 0x000000070cc00000, 0x000000070cc00000|100%| O|  |TAMS 0x000000070ca00000, 0x000000070ca00000| Untracked 
|  20|0x000000070cc00000, 0x000000070ce00000, 0x000000070ce00000|100%| O|  |TAMS 0x000000070cc00000, 0x000000070cc00000| Untracked 
|  21|0x000000070ce00000, 0x000000070d000000, 0x000000070d000000|100%| O|  |TAMS 0x000000070ce00000, 0x000000070ce00000| Untracked 
|  22|0x000000070d000000, 0x000000070d200000, 0x000000070d200000|100%| O|  |TAMS 0x000000070d000000, 0x000000070d000000| Untracked 
|  23|0x000000070d200000, 0x000000070d35b200, 0x000000070d400000| 67%| O|  |TAMS 0x000000070d200000, 0x000000070d200000| Untracked 
|  24|0x000000070d400000, 0x000000070d600000, 0x000000070d600000|100%|HS|  |TAMS 0x000000070d400000, 0x000000070d400000| Complete 
|  25|0x000000070d600000, 0x000000070d800000, 0x000000070d800000|100%|HC|  |TAMS 0x000000070d600000, 0x000000070d600000| Complete 
|  26|0x000000070d800000, 0x000000070da00000, 0x000000070da00000|100%| O|  |TAMS 0x000000070da00000, 0x000000070d800000| Untracked 
|  27|0x000000070da00000, 0x000000070dc00000, 0x000000070dc00000|100%| O|  |TAMS 0x000000070dc00000, 0x000000070da00000| Untracked 
|  28|0x000000070dc00000, 0x000000070de00000, 0x000000070de00000|100%| O|  |TAMS 0x000000070de00000, 0x000000070dc00000| Untracked 
|  29|0x000000070de00000, 0x000000070e000000, 0x000000070e000000|100%| O|  |TAMS 0x000000070e000000, 0x000000070de00000| Untracked 
|  30|0x000000070e000000, 0x000000070e200000, 0x000000070e200000|100%| O|  |TAMS 0x000000070e200000, 0x000000070e000000| Untracked 
|  31|0x000000070e200000, 0x000000070e400000, 0x000000070e400000|100%|HS|  |TAMS 0x000000070e200000, 0x000000070e200000| Complete 
|  32|0x000000070e400000, 0x000000070e600000, 0x000000070e600000|100%|HC|  |TAMS 0x000000070e400000, 0x000000070e400000| Complete 
|  33|0x000000070e600000, 0x000000070e800000, 0x000000070e800000|100%|HC|  |TAMS 0x000000070e600000, 0x000000070e600000| Complete 
|  34|0x000000070e800000, 0x000000070ea00000, 0x000000070ea00000|100%|HC|  |TAMS 0x000000070e800000, 0x000000070e800000| Complete 
|  35|0x000000070ea00000, 0x000000070ea00000, 0x000000070ec00000|  0%| F|  |TAMS 0x000000070ea00000, 0x000000070ea00000| Untracked 
|  36|0x000000070ec00000, 0x000000070ec00000, 0x000000070ee00000|  0%| F|  |TAMS 0x000000070ec00000, 0x000000070ec00000| Untracked 
|  37|0x000000070ee00000, 0x000000070ee00000, 0x000000070f000000|  0%| F|  |TAMS 0x000000070ee00000, 0x000000070ee00000| Untracked 
|  38|0x000000070f000000, 0x000000070f000000, 0x000000070f200000|  0%| F|  |TAMS 0x000000070f000000, 0x000000070f000000| Untracked 
|  39|0x000000070f200000, 0x000000070f200000, 0x000000070f400000|  0%| F|  |TAMS 0x000000070f200000, 0x000000070f200000| Untracked 
|  40|0x000000070f400000, 0x000000070f600000, 0x000000070f600000|100%| O|  |TAMS 0x000000070f600000, 0x000000070f400000| Untracked 
|  41|0x000000070f600000, 0x000000070f800000, 0x000000070f800000|100%| O|  |TAMS 0x000000070f800000, 0x000000070f600000| Untracked 
|  42|0x000000070f800000, 0x000000070fa00000, 0x000000070fa00000|100%| O|  |TAMS 0x000000070fa00000, 0x000000070f800000| Untracked 
|  43|0x000000070fa00000, 0x000000070fc00000, 0x000000070fc00000|100%| O|  |TAMS 0x000000070fc00000, 0x000000070fa00000| Untracked 
|  44|0x000000070fc00000, 0x000000070fc00000, 0x000000070fe00000|  0%| F|  |TAMS 0x000000070fc00000, 0x000000070fc00000| Untracked 
|  45|0x000000070fe00000, 0x000000070fe00000, 0x0000000710000000|  0%| F|  |TAMS 0x000000070fe00000, 0x000000070fe00000| Untracked 
|  46|0x0000000710000000, 0x0000000710000000, 0x0000000710200000|  0%| F|  |TAMS 0x0000000710000000, 0x0000000710000000| Untracked 
|  47|0x0000000710200000, 0x0000000710400000, 0x0000000710400000|100%| O|  |TAMS 0x0000000710400000, 0x0000000710200000| Untracked 
|  48|0x0000000710400000, 0x0000000710600000, 0x0000000710600000|100%| O|  |TAMS 0x0000000710600000, 0x0000000710400000| Untracked 
|  49|0x0000000710600000, 0x0000000710800000, 0x0000000710800000|100%| O|  |TAMS 0x0000000710800000, 0x0000000710600000| Untracked 
|  50|0x0000000710800000, 0x0000000710800000, 0x0000000710a00000|  0%| F|  |TAMS 0x0000000710800000, 0x0000000710800000| Untracked 
|  51|0x0000000710a00000, 0x0000000710a00000, 0x0000000710c00000|  0%| F|  |TAMS 0x0000000710a00000, 0x0000000710a00000| Untracked 
|  52|0x0000000710c00000, 0x0000000710c00000, 0x0000000710e00000|  0%| F|  |TAMS 0x0000000710c00000, 0x0000000710c00000| Untracked 
|  53|0x0000000710e00000, 0x0000000710e00000, 0x0000000711000000|  0%| F|  |TAMS 0x0000000710e00000, 0x0000000710e00000| Untracked 
|  54|0x0000000711000000, 0x0000000711000000, 0x0000000711200000|  0%| F|  |TAMS 0x0000000711000000, 0x0000000711000000| Untracked 
|  55|0x0000000711200000, 0x0000000711200000, 0x0000000711400000|  0%| F|  |TAMS 0x0000000711200000, 0x0000000711200000| Untracked 
|  56|0x0000000711400000, 0x0000000711400000, 0x0000000711600000|  0%| F|  |TAMS 0x0000000711400000, 0x0000000711400000| Untracked 
|  57|0x0000000711600000, 0x0000000711600000, 0x0000000711800000|  0%| F|  |TAMS 0x0000000711600000, 0x0000000711600000| Untracked 
|  58|0x0000000711800000, 0x0000000711a00000, 0x0000000711a00000|100%| O|  |TAMS 0x0000000711a00000, 0x0000000711800000| Untracked 
|  59|0x0000000711a00000, 0x0000000711c00000, 0x0000000711c00000|100%| O|  |TAMS 0x0000000711c00000, 0x0000000711a00000| Untracked 
|  60|0x0000000711c00000, 0x0000000711e00000, 0x0000000711e00000|100%| O|  |TAMS 0x0000000711e00000, 0x0000000711c00000| Untracked 
|  61|0x0000000711e00000, 0x0000000712000000, 0x0000000712000000|100%| O|  |TAMS 0x0000000712000000, 0x0000000711e00000| Untracked 
|  62|0x0000000712000000, 0x0000000712200000, 0x0000000712200000|100%| O|  |TAMS 0x0000000712200000, 0x0000000712000000| Untracked 
|  63|0x0000000712200000, 0x0000000712400000, 0x0000000712400000|100%| O|  |TAMS 0x0000000712400000, 0x0000000712200000| Untracked 
|  64|0x0000000712400000, 0x0000000712400000, 0x0000000712600000|  0%| F|  |TAMS 0x0000000712400000, 0x0000000712400000| Untracked 
|  65|0x0000000712600000, 0x0000000712600000, 0x0000000712800000|  0%| F|  |TAMS 0x0000000712600000, 0x0000000712600000| Untracked 
|  66|0x0000000712800000, 0x0000000712800000, 0x0000000712a00000|  0%| F|  |TAMS 0x0000000712800000, 0x0000000712800000| Untracked 
|  67|0x0000000712a00000, 0x0000000712a00000, 0x0000000712c00000|  0%| F|  |TAMS 0x0000000712a00000, 0x0000000712a00000| Untracked 
|  68|0x0000000712c00000, 0x0000000712c00000, 0x0000000712e00000|  0%| F|  |TAMS 0x0000000712c00000, 0x0000000712c00000| Untracked 
|  69|0x0000000712e00000, 0x0000000713000000, 0x0000000713000000|100%| S|CS|TAMS 0x0000000712e00000, 0x0000000712e00000| Complete 
|  70|0x0000000713000000, 0x0000000713200000, 0x0000000713200000|100%| S|CS|TAMS 0x0000000713000000, 0x0000000713000000| Complete 
|  71|0x0000000713200000, 0x0000000713400000, 0x0000000713400000|100%| S|CS|TAMS 0x0000000713200000, 0x0000000713200000| Complete 
|  72|0x0000000713400000, 0x0000000713600000, 0x0000000713600000|100%| S|CS|TAMS 0x0000000713400000, 0x0000000713400000| Complete 
|  73|0x0000000713600000, 0x0000000713800000, 0x0000000713800000|100%| S|CS|TAMS 0x0000000713600000, 0x0000000713600000| Complete 
|  74|0x0000000713800000, 0x0000000713a00000, 0x0000000713a00000|100%| S|CS|TAMS 0x0000000713800000, 0x0000000713800000| Complete 
|  75|0x0000000713a00000, 0x0000000713c00000, 0x0000000713c00000|100%| S|CS|TAMS 0x0000000713a00000, 0x0000000713a00000| Complete 
|  76|0x0000000713c00000, 0x0000000713e00000, 0x0000000713e00000|100%| S|CS|TAMS 0x0000000713c00000, 0x0000000713c00000| Complete 
|  77|0x0000000713e00000, 0x0000000714000000, 0x0000000714000000|100%| S|CS|TAMS 0x0000000713e00000, 0x0000000713e00000| Complete 
|  78|0x0000000714000000, 0x0000000714200000, 0x0000000714200000|100%| S|CS|TAMS 0x0000000714000000, 0x0000000714000000| Complete 
|  79|0x0000000714200000, 0x0000000714400000, 0x0000000714400000|100%| O|  |TAMS 0x0000000714400000, 0x0000000714200000| Untracked 
|  80|0x0000000714400000, 0x0000000714400000, 0x0000000714600000|  0%| F|  |TAMS 0x0000000714400000, 0x0000000714400000| Untracked 
|  81|0x0000000714600000, 0x0000000714600000, 0x0000000714800000|  0%| F|  |TAMS 0x0000000714600000, 0x0000000714600000| Untracked 
|  82|0x0000000714800000, 0x0000000714800000, 0x0000000714a00000|  0%| F|  |TAMS 0x0000000714800000, 0x0000000714800000| Untracked 
|  83|0x0000000714a00000, 0x0000000714a00000, 0x0000000714c00000|  0%| F|  |TAMS 0x0000000714a00000, 0x0000000714a00000| Untracked 
|  84|0x0000000714c00000, 0x0000000714c00000, 0x0000000714e00000|  0%| F|  |TAMS 0x0000000714c00000, 0x0000000714c00000| Untracked 
|  85|0x0000000714e00000, 0x0000000714e00000, 0x0000000715000000|  0%| F|  |TAMS 0x0000000714e00000, 0x0000000714e00000| Untracked 
|  86|0x0000000715000000, 0x0000000715000000, 0x0000000715200000|  0%| F|  |TAMS 0x0000000715000000, 0x0000000715000000| Untracked 
|  87|0x0000000715200000, 0x0000000715200000, 0x0000000715400000|  0%| F|  |TAMS 0x0000000715200000, 0x0000000715200000| Untracked 
|  88|0x0000000715400000, 0x0000000715400000, 0x0000000715600000|  0%| F|  |TAMS 0x0000000715400000, 0x0000000715400000| Untracked 
|  89|0x0000000715600000, 0x0000000715600000, 0x0000000715800000|  0%| F|  |TAMS 0x0000000715600000, 0x0000000715600000| Untracked 
|  90|0x0000000715800000, 0x0000000715800000, 0x0000000715a00000|  0%| F|  |TAMS 0x0000000715800000, 0x0000000715800000| Untracked 
|  91|0x0000000715a00000, 0x0000000715a00000, 0x0000000715c00000|  0%| F|  |TAMS 0x0000000715a00000, 0x0000000715a00000| Untracked 
|  92|0x0000000715c00000, 0x0000000715c00000, 0x0000000715e00000|  0%| F|  |TAMS 0x0000000715c00000, 0x0000000715c00000| Untracked 
|  93|0x0000000715e00000, 0x0000000715e00000, 0x0000000716000000|  0%| F|  |TAMS 0x0000000715e00000, 0x0000000715e00000| Untracked 
|  94|0x0000000716000000, 0x0000000716000000, 0x0000000716200000|  0%| F|  |TAMS 0x0000000716000000, 0x0000000716000000| Untracked 
|  95|0x0000000716200000, 0x0000000716200000, 0x0000000716400000|  0%| F|  |TAMS 0x0000000716200000, 0x0000000716200000| Untracked 
|  96|0x0000000716400000, 0x0000000716400000, 0x0000000716600000|  0%| F|  |TAMS 0x0000000716400000, 0x0000000716400000| Untracked 
|  97|0x0000000716600000, 0x0000000716600000, 0x0000000716800000|  0%| F|  |TAMS 0x0000000716600000, 0x0000000716600000| Untracked 
|  98|0x0000000716800000, 0x0000000716800000, 0x0000000716a00000|  0%| F|  |TAMS 0x0000000716800000, 0x0000000716800000| Untracked 
|  99|0x0000000716a00000, 0x0000000716a00000, 0x0000000716c00000|  0%| F|  |TAMS 0x0000000716a00000, 0x0000000716a00000| Untracked 
| 100|0x0000000716c00000, 0x0000000716c00000, 0x0000000716e00000|  0%| F|  |TAMS 0x0000000716c00000, 0x0000000716c00000| Untracked 
| 101|0x0000000716e00000, 0x0000000716e00000, 0x0000000717000000|  0%| F|  |TAMS 0x0000000716e00000, 0x0000000716e00000| Untracked 
| 102|0x0000000717000000, 0x0000000717000000, 0x0000000717200000|  0%| F|  |TAMS 0x0000000717000000, 0x0000000717000000| Untracked 
| 103|0x0000000717200000, 0x0000000717200000, 0x0000000717400000|  0%| F|  |TAMS 0x0000000717200000, 0x0000000717200000| Untracked 
| 104|0x0000000717400000, 0x0000000717400000, 0x0000000717600000|  0%| F|  |TAMS 0x0000000717400000, 0x0000000717400000| Untracked 
| 105|0x0000000717600000, 0x0000000717600000, 0x0000000717800000|  0%| F|  |TAMS 0x0000000717600000, 0x0000000717600000| Untracked 
| 106|0x0000000717800000, 0x0000000717800000, 0x0000000717a00000|  0%| F|  |TAMS 0x0000000717800000, 0x0000000717800000| Untracked 
| 107|0x0000000717a00000, 0x0000000717a00000, 0x0000000717c00000|  0%| F|  |TAMS 0x0000000717a00000, 0x0000000717a00000| Untracked 
| 108|0x0000000717c00000, 0x0000000717c00000, 0x0000000717e00000|  0%| F|  |TAMS 0x0000000717c00000, 0x0000000717c00000| Untracked 
| 109|0x0000000717e00000, 0x0000000717e00000, 0x0000000718000000|  0%| F|  |TAMS 0x0000000717e00000, 0x0000000717e00000| Untracked 
| 110|0x0000000718000000, 0x0000000718000000, 0x0000000718200000|  0%| F|  |TAMS 0x0000000718000000, 0x0000000718000000| Untracked 
| 111|0x0000000718200000, 0x0000000718200000, 0x0000000718400000|  0%| F|  |TAMS 0x0000000718200000, 0x0000000718200000| Untracked 
| 112|0x0000000718400000, 0x0000000718400000, 0x0000000718600000|  0%| F|  |TAMS 0x0000000718400000, 0x0000000718400000| Untracked 
| 113|0x0000000718600000, 0x0000000718600000, 0x0000000718800000|  0%| F|  |TAMS 0x0000000718600000, 0x0000000718600000| Untracked 
| 114|0x0000000718800000, 0x0000000718800000, 0x0000000718a00000|  0%| F|  |TAMS 0x0000000718800000, 0x0000000718800000| Untracked 
| 115|0x0000000718a00000, 0x0000000718a00000, 0x0000000718c00000|  0%| F|  |TAMS 0x0000000718a00000, 0x0000000718a00000| Untracked 
| 116|0x0000000718c00000, 0x0000000718c00000, 0x0000000718e00000|  0%| F|  |TAMS 0x0000000718c00000, 0x0000000718c00000| Untracked 
| 117|0x0000000718e00000, 0x0000000718e00000, 0x0000000719000000|  0%| F|  |TAMS 0x0000000718e00000, 0x0000000718e00000| Untracked 
| 118|0x0000000719000000, 0x0000000719000000, 0x0000000719200000|  0%| F|  |TAMS 0x0000000719000000, 0x0000000719000000| Untracked 
| 119|0x0000000719200000, 0x0000000719200000, 0x0000000719400000|  0%| F|  |TAMS 0x0000000719200000, 0x0000000719200000| Untracked 
| 120|0x0000000719400000, 0x0000000719400000, 0x0000000719600000|  0%| F|  |TAMS 0x0000000719400000, 0x0000000719400000| Untracked 
| 121|0x0000000719600000, 0x0000000719600000, 0x0000000719800000|  0%| F|  |TAMS 0x0000000719600000, 0x0000000719600000| Untracked 
| 122|0x0000000719800000, 0x0000000719800000, 0x0000000719a00000|  0%| F|  |TAMS 0x0000000719800000, 0x0000000719800000| Untracked 
| 123|0x0000000719a00000, 0x0000000719a00000, 0x0000000719c00000|  0%| F|  |TAMS 0x0000000719a00000, 0x0000000719a00000| Untracked 
| 124|0x0000000719c00000, 0x0000000719c00000, 0x0000000719e00000|  0%| F|  |TAMS 0x0000000719c00000, 0x0000000719c00000| Untracked 
| 125|0x0000000719e00000, 0x0000000719e00000, 0x000000071a000000|  0%| F|  |TAMS 0x0000000719e00000, 0x0000000719e00000| Untracked 
| 126|0x000000071a000000, 0x000000071a000000, 0x000000071a200000|  0%| F|  |TAMS 0x000000071a000000, 0x000000071a000000| Untracked 
| 127|0x000000071a200000, 0x000000071a200000, 0x000000071a400000|  0%| F|  |TAMS 0x000000071a200000, 0x000000071a200000| Untracked 
| 128|0x000000071a400000, 0x000000071a400000, 0x000000071a600000|  0%| F|  |TAMS 0x000000071a400000, 0x000000071a400000| Untracked 
| 129|0x000000071a600000, 0x000000071a600000, 0x000000071a800000|  0%| F|  |TAMS 0x000000071a600000, 0x000000071a600000| Untracked 
| 130|0x000000071a800000, 0x000000071a800000, 0x000000071aa00000|  0%| F|  |TAMS 0x000000071a800000, 0x000000071a800000| Untracked 
| 131|0x000000071aa00000, 0x000000071aa00000, 0x000000071ac00000|  0%| F|  |TAMS 0x000000071aa00000, 0x000000071aa00000| Untracked 
| 132|0x000000071ac00000, 0x000000071ac00000, 0x000000071ae00000|  0%| F|  |TAMS 0x000000071ac00000, 0x000000071ac00000| Untracked 
| 133|0x000000071ae00000, 0x000000071ae00000, 0x000000071b000000|  0%| F|  |TAMS 0x000000071ae00000, 0x000000071ae00000| Untracked 
| 134|0x000000071b000000, 0x000000071b000000, 0x000000071b200000|  0%| F|  |TAMS 0x000000071b000000, 0x000000071b000000| Untracked 
| 135|0x000000071b200000, 0x000000071b200000, 0x000000071b400000|  0%| F|  |TAMS 0x000000071b200000, 0x000000071b200000| Untracked 
| 136|0x000000071b400000, 0x000000071b400000, 0x000000071b600000|  0%| F|  |TAMS 0x000000071b400000, 0x000000071b400000| Untracked 
| 137|0x000000071b600000, 0x000000071b600000, 0x000000071b800000|  0%| F|  |TAMS 0x000000071b600000, 0x000000071b600000| Untracked 
| 138|0x000000071b800000, 0x000000071b800000, 0x000000071ba00000|  0%| F|  |TAMS 0x000000071b800000, 0x000000071b800000| Untracked 
| 139|0x000000071ba00000, 0x000000071ba00000, 0x000000071bc00000|  0%| F|  |TAMS 0x000000071ba00000, 0x000000071ba00000| Untracked 
| 140|0x000000071bc00000, 0x000000071bc00000, 0x000000071be00000|  0%| F|  |TAMS 0x000000071bc00000, 0x000000071bc00000| Untracked 
| 141|0x000000071be00000, 0x000000071be00000, 0x000000071c000000|  0%| F|  |TAMS 0x000000071be00000, 0x000000071be00000| Untracked 
| 142|0x000000071c000000, 0x000000071c000000, 0x000000071c200000|  0%| F|  |TAMS 0x000000071c000000, 0x000000071c000000| Untracked 
| 143|0x000000071c200000, 0x000000071c200000, 0x000000071c400000|  0%| F|  |TAMS 0x000000071c200000, 0x000000071c200000| Untracked 
| 144|0x000000071c400000, 0x000000071c400000, 0x000000071c600000|  0%| F|  |TAMS 0x000000071c400000, 0x000000071c400000| Untracked 
| 145|0x000000071c600000, 0x000000071c600000, 0x000000071c800000|  0%| F|  |TAMS 0x000000071c600000, 0x000000071c600000| Untracked 
| 146|0x000000071c800000, 0x000000071c800000, 0x000000071ca00000|  0%| F|  |TAMS 0x000000071c800000, 0x000000071c800000| Untracked 
| 147|0x000000071ca00000, 0x000000071ca00000, 0x000000071cc00000|  0%| F|  |TAMS 0x000000071ca00000, 0x000000071ca00000| Untracked 
| 148|0x000000071cc00000, 0x000000071cc00000, 0x000000071ce00000|  0%| F|  |TAMS 0x000000071cc00000, 0x000000071cc00000| Untracked 
| 149|0x000000071ce00000, 0x000000071ce00000, 0x000000071d000000|  0%| F|  |TAMS 0x000000071ce00000, 0x000000071ce00000| Untracked 
| 150|0x000000071d000000, 0x000000071d000000, 0x000000071d200000|  0%| F|  |TAMS 0x000000071d000000, 0x000000071d000000| Untracked 
| 151|0x000000071d200000, 0x000000071d200000, 0x000000071d400000|  0%| F|  |TAMS 0x000000071d200000, 0x000000071d200000| Untracked 
| 152|0x000000071d400000, 0x000000071d400000, 0x000000071d600000|  0%| F|  |TAMS 0x000000071d400000, 0x000000071d400000| Untracked 
| 153|0x000000071d600000, 0x000000071d600000, 0x000000071d800000|  0%| F|  |TAMS 0x000000071d600000, 0x000000071d600000| Untracked 
| 154|0x000000071d800000, 0x000000071d800000, 0x000000071da00000|  0%| F|  |TAMS 0x000000071d800000, 0x000000071d800000| Untracked 
| 155|0x000000071da00000, 0x000000071da00000, 0x000000071dc00000|  0%| F|  |TAMS 0x000000071da00000, 0x000000071da00000| Untracked 
| 156|0x000000071dc00000, 0x000000071dc00000, 0x000000071de00000|  0%| F|  |TAMS 0x000000071dc00000, 0x000000071dc00000| Untracked 
| 157|0x000000071de00000, 0x000000071de00000, 0x000000071e000000|  0%| F|  |TAMS 0x000000071de00000, 0x000000071de00000| Untracked 
| 158|0x000000071e000000, 0x000000071e000000, 0x000000071e200000|  0%| F|  |TAMS 0x000000071e000000, 0x000000071e000000| Untracked 
| 159|0x000000071e200000, 0x000000071e200000, 0x000000071e400000|  0%| F|  |TAMS 0x000000071e200000, 0x000000071e200000| Untracked 
| 160|0x000000071e400000, 0x000000071e400000, 0x000000071e600000|  0%| F|  |TAMS 0x000000071e400000, 0x000000071e400000| Untracked 
| 161|0x000000071e600000, 0x000000071e600000, 0x000000071e800000|  0%| F|  |TAMS 0x000000071e600000, 0x000000071e600000| Untracked 
| 162|0x000000071e800000, 0x000000071e800000, 0x000000071ea00000|  0%| F|  |TAMS 0x000000071e800000, 0x000000071e800000| Untracked 
| 163|0x000000071ea00000, 0x000000071ea00000, 0x000000071ec00000|  0%| F|  |TAMS 0x000000071ea00000, 0x000000071ea00000| Untracked 
| 164|0x000000071ec00000, 0x000000071ec00000, 0x000000071ee00000|  0%| F|  |TAMS 0x000000071ec00000, 0x000000071ec00000| Untracked 
| 165|0x000000071ee00000, 0x000000071ee00000, 0x000000071f000000|  0%| F|  |TAMS 0x000000071ee00000, 0x000000071ee00000| Untracked 
| 166|0x000000071f000000, 0x000000071f000000, 0x000000071f200000|  0%| F|  |TAMS 0x000000071f000000, 0x000000071f000000| Untracked 
| 167|0x000000071f200000, 0x000000071f200000, 0x000000071f400000|  0%| F|  |TAMS 0x000000071f200000, 0x000000071f200000| Untracked 
| 168|0x000000071f400000, 0x000000071f400000, 0x000000071f600000|  0%| F|  |TAMS 0x000000071f400000, 0x000000071f400000| Untracked 
| 169|0x000000071f600000, 0x000000071f600000, 0x000000071f800000|  0%| F|  |TAMS 0x000000071f600000, 0x000000071f600000| Untracked 
| 170|0x000000071f800000, 0x000000071f800000, 0x000000071fa00000|  0%| F|  |TAMS 0x000000071f800000, 0x000000071f800000| Untracked 
| 171|0x000000071fa00000, 0x000000071fa00000, 0x000000071fc00000|  0%| F|  |TAMS 0x000000071fa00000, 0x000000071fa00000| Untracked 
| 172|0x000000071fc00000, 0x000000071fc00000, 0x000000071fe00000|  0%| F|  |TAMS 0x000000071fc00000, 0x000000071fc00000| Untracked 
| 173|0x000000071fe00000, 0x000000071fe00000, 0x0000000720000000|  0%| F|  |TAMS 0x000000071fe00000, 0x000000071fe00000| Untracked 
| 174|0x0000000720000000, 0x0000000720000000, 0x0000000720200000|  0%| F|  |TAMS 0x0000000720000000, 0x0000000720000000| Untracked 
| 175|0x0000000720200000, 0x0000000720200000, 0x0000000720400000|  0%| F|  |TAMS 0x0000000720200000, 0x0000000720200000| Untracked 
| 176|0x0000000720400000, 0x0000000720400000, 0x0000000720600000|  0%| F|  |TAMS 0x0000000720400000, 0x0000000720400000| Untracked 
| 177|0x0000000720600000, 0x0000000720600000, 0x0000000720800000|  0%| F|  |TAMS 0x0000000720600000, 0x0000000720600000| Untracked 
| 178|0x0000000720800000, 0x0000000720800000, 0x0000000720a00000|  0%| F|  |TAMS 0x0000000720800000, 0x0000000720800000| Untracked 
| 179|0x0000000720a00000, 0x0000000720a00000, 0x0000000720c00000|  0%| F|  |TAMS 0x0000000720a00000, 0x0000000720a00000| Untracked 
| 180|0x0000000720c00000, 0x0000000720c00000, 0x0000000720e00000|  0%| F|  |TAMS 0x0000000720c00000, 0x0000000720c00000| Untracked 
| 181|0x0000000720e00000, 0x0000000720e00000, 0x0000000721000000|  0%| F|  |TAMS 0x0000000720e00000, 0x0000000720e00000| Untracked 
| 182|0x0000000721000000, 0x0000000721000000, 0x0000000721200000|  0%| F|  |TAMS 0x0000000721000000, 0x0000000721000000| Untracked 
| 183|0x0000000721200000, 0x0000000721200000, 0x0000000721400000|  0%| F|  |TAMS 0x0000000721200000, 0x0000000721200000| Untracked 
| 184|0x0000000721400000, 0x0000000721400000, 0x0000000721600000|  0%| F|  |TAMS 0x0000000721400000, 0x0000000721400000| Untracked 
| 185|0x0000000721600000, 0x0000000721600000, 0x0000000721800000|  0%| F|  |TAMS 0x0000000721600000, 0x0000000721600000| Untracked 
| 186|0x0000000721800000, 0x0000000721800000, 0x0000000721a00000|  0%| F|  |TAMS 0x0000000721800000, 0x0000000721800000| Untracked 
| 187|0x0000000721a00000, 0x0000000721a00000, 0x0000000721c00000|  0%| F|  |TAMS 0x0000000721a00000, 0x0000000721a00000| Untracked 
| 188|0x0000000721c00000, 0x0000000721c00000, 0x0000000721e00000|  0%| F|  |TAMS 0x0000000721c00000, 0x0000000721c00000| Untracked 

Card table byte_map: [0x000001fba1b10000,0x000001fba22c0000] _byte_map_base: 0x000001fb9e2be000

Marking Bits (Prev, Next): (CMBitMap*) 0x000001fb8a6e2190, (CMBitMap*) 0x000001fb8a6e2150
 Prev Bits: [0x000001fba67e0000, 0x000001fbaa550000)
 Next Bits: [0x000001fba2a70000, 0x000001fba67e0000)

Polling page: 0x000001fb88680000

Metaspace:

Usage:
  Non-class:     46.80 MB used.
      Class:      6.02 MB used.
       Both:     52.83 MB used.

Virtual space:
  Non-class space:       56.00 MB reserved,      47.25 MB ( 84%) committed,  7 nodes.
      Class space:        1.00 GB reserved,       6.38 MB ( <1%) committed,  1 nodes.
              Both:        1.05 GB reserved,      53.62 MB (  5%) committed. 

Chunk freelists:
   Non-Class:  4.48 MB
       Class:  1.52 MB
        Both:  6.00 MB

MaxMetaspaceSize: 17179869184.00 GB
CompressedClassSpaceSize: 1.00 GB
 - commit_granule_bytes: 65536.
 - commit_granule_words: 8192.
 - virtual_space_node_default_size: 1048576.
 - enlarge_chunks_in_place: 1.
 - new_chunks_are_fully_committed: 0.
 - uncommit_free_chunks: 1.
 - use_allocation_guard: 0.
 - handle_deallocations: 1.


Internal statistics:

num_allocs_failed_limit: 6.
num_arena_births: 426.
num_arena_deaths: 18.
num_vsnodes_births: 8.
num_vsnodes_deaths: 0.
num_space_committed: 910.
num_space_uncommitted: 52.
num_chunks_returned_to_freelist: 252.
num_chunks_taken_from_freelist: 2867.
num_chunk_merges: 66.
num_chunk_splits: 1998.
num_chunks_enlarged: 1536.
num_purges: 4.

CodeHeap 'non-profiled nmethods': size=120000Kb used=9847Kb max_used=9847Kb free=110152Kb
 bounds [0x000001fb998d0000, 0x000001fb9a270000, 0x000001fba0e00000]
CodeHeap 'profiled nmethods': size=120000Kb used=22404Kb max_used=23388Kb free=97595Kb
 bounds [0x000001fb923a0000, 0x000001fb93a80000, 0x000001fb998d0000]
CodeHeap 'non-nmethods': size=5760Kb used=1268Kb max_used=1373Kb free=4491Kb
 bounds [0x000001fb91e00000, 0x000001fb92070000, 0x000001fb923a0000]
 total_blobs=10761 nmethods=10189 adapters=483
 compilation: enabled
              stopped_count=0, restarted_count=0
 full_count=0

Compilation events (20 events):
Event: 34.184 Thread 0x000001fbad1f96e0 13628   !   4       jdk.proxy12.$Proxy54::isDirectory (32 bytes)
Event: 34.185 Thread 0x000001fbad1f96e0 nmethod 13628 0x000001fb9a26aa10 code [0x000001fb9a26abc0, 0x000001fb9a26ad28]
Event: 34.185 Thread 0x000001fbad1f96e0 13627   !   4       org.codehaus.plexus.archiver.zip.AbstractZipArchiver::zipFile (156 bytes)
Event: 34.188 Thread 0x000001fbad1f96e0 nmethod 13627 0x000001fb9a26ae90 code [0x000001fb9a26b060, 0x000001fb9a26b5d8]
Event: 34.188 Thread 0x000001fbad1f96e0 13629   !   4       jdk.proxy12.$Proxy54::isFile (32 bytes)
Event: 34.189 Thread 0x000001fbad1f96e0 nmethod 13629 0x000001fb9a26ba90 code [0x000001fb9a26bc40, 0x000001fb9a26bda8]
Event: 34.206 Thread 0x000001fbad1f96e0 13630   !   4       jdk.internal.reflect.GeneratedMethodAccessor66::invoke (66 bytes)
Event: 34.208 Thread 0x000001fbad1f96e0 nmethod 13630 0x000001fb9a26bf10 code [0x000001fb9a26c0a0, 0x000001fb9a26c218]
Event: 34.321 Thread 0x000001fbad1fd110 13631       3       java.security.AccessController::getContext (23 bytes)
Event: 34.321 Thread 0x000001fbad1fd110 nmethod 13631 0x000001fb932a9710 code [0x000001fb932a98e0, 0x000001fb932a9bb8]
Event: 34.332 Thread 0x000001fbad1f96e0 13633       4       java.util.LinkedList::toArray (81 bytes)
Event: 34.334 Thread 0x000001fbad1f96e0 nmethod 13633 0x000001fb9a26c890 code [0x000001fb9a26ca20, 0x000001fb9a26cc98]
Event: 34.337 Thread 0x000001fbad1f96e0 13634   !   4       jdk.internal.reflect.GeneratedMethodAccessor64::invoke (66 bytes)
Event: 34.338 Thread 0x000001fbad1f96e0 nmethod 13634 0x000001fb9a26ce10 code [0x000001fb9a26cfa0, 0x000001fb9a26d098]
Event: 34.338 Thread 0x000001fbad1f96e0 13635   !   4       jdk.internal.reflect.GeneratedMethodAccessor65::invoke (66 bytes)
Event: 34.338 Thread 0x000001fbad1f96e0 nmethod 13635 0x000001fb9a26d190 code [0x000001fb9a26d320, 0x000001fb9a26d418]
Event: 34.369 Thread 0x000001fbad1fd110 13637       3       java.security.AccessControlContext::calculateFields (89 bytes)
Event: 34.369 Thread 0x000001fbad1fd110 nmethod 13637 0x000001fb9389d610 code [0x000001fb9389d7e0, 0x000001fb9389dc38]
Event: 34.452 Thread 0x000001fbad1f96e0 13638       4       java.util.LinkedList::toArray (81 bytes)
Event: 34.455 Thread 0x000001fbad1f96e0 nmethod 13638 0x000001fb9a26da10 code [0x000001fb9a26dba0, 0x000001fb9a26de18]

GC Heap History (20 events):
Event: 20.508 GC heap after
{Heap after GC invocations=24 (full 0):
 garbage-first heap   total 342016K, used 107389K [0x000000070a400000, 0x0000000800000000)
  region size 2048K, 8 young (16384K), 8 survivors (16384K)
 Metaspace       used 49991K, committed 50752K, reserved 1097728K
  class space    used 5627K, committed 6016K, reserved 1048576K
}
Event: 20.519 GC heap before
{Heap before GC invocations=24 (full 0):
 garbage-first heap   total 342016K, used 109437K [0x000000070a400000, 0x0000000800000000)
  region size 2048K, 9 young (18432K), 8 survivors (16384K)
 Metaspace       used 49992K, committed 50752K, reserved 1097728K
  class space    used 5627K, committed 6016K, reserved 1048576K
}
Event: 20.528 GC heap after
{Heap after GC invocations=25 (full 0):
 garbage-first heap   total 342016K, used 82242K [0x000000070a400000, 0x0000000800000000)
  region size 2048K, 1 young (2048K), 1 survivors (2048K)
 Metaspace       used 49992K, committed 50752K, reserved 1097728K
  class space    used 5627K, committed 6016K, reserved 1048576K
}
Event: 24.916 GC heap before
{Heap before GC invocations=25 (full 0):
 garbage-first heap   total 342016K, used 268610K [0x000000070a400000, 0x0000000800000000)
  region size 2048K, 92 young (188416K), 1 survivors (2048K)
 Metaspace       used 54956K, committed 55808K, reserved 1105920K
  class space    used 6301K, committed 6720K, reserved 1048576K
}
Event: 24.920 GC heap after
{Heap after GC invocations=26 (full 0):
 garbage-first heap   total 342016K, used 86338K [0x000000070a400000, 0x0000000800000000)
  region size 2048K, 3 young (6144K), 3 survivors (6144K)
 Metaspace       used 54956K, committed 55808K, reserved 1105920K
  class space    used 6301K, committed 6720K, reserved 1048576K
}
Event: 28.666 GC heap before
{Heap before GC invocations=26 (full 0):
 garbage-first heap   total 342016K, used 330050K [0x000000070a400000, 0x0000000800000000)
  region size 2048K, 90 young (184320K), 3 survivors (6144K)
 Metaspace       used 55441K, committed 56256K, reserved 1105920K
  class space    used 6340K, committed 6720K, reserved 1048576K
}
Event: 28.674 GC heap after
{Heap after GC invocations=27 (full 0):
 garbage-first heap   total 358400K, used 171934K [0x000000070a400000, 0x0000000800000000)
  region size 2048K, 11 young (22528K), 11 survivors (22528K)
 Metaspace       used 55441K, committed 56256K, reserved 1105920K
  class space    used 6340K, committed 6720K, reserved 1048576K
}
Event: 28.886 GC heap before
{Heap before GC invocations=28 (full 0):
 garbage-first heap   total 358400K, used 184222K [0x000000070a400000, 0x0000000800000000)
  region size 2048K, 14 young (28672K), 11 survivors (22528K)
 Metaspace       used 53523K, committed 54528K, reserved 1105920K
  class space    used 6128K, committed 6528K, reserved 1048576K
}
Event: 28.892 GC heap after
{Heap after GC invocations=29 (full 0):
 garbage-first heap   total 358400K, used 179559K [0x000000070a400000, 0x0000000800000000)
  region size 2048K, 1 young (2048K), 1 survivors (2048K)
 Metaspace       used 53523K, committed 54528K, reserved 1105920K
  class space    used 6128K, committed 6528K, reserved 1048576K
}
Event: 31.820 GC heap before
{Heap before GC invocations=30 (full 0):
 garbage-first heap   total 376832K, used 333159K [0x000000070a400000, 0x0000000800000000)
  region size 2048K, 56 young (114688K), 1 survivors (2048K)
 Metaspace       used 53733K, committed 54592K, reserved 1105920K
  class space    used 6141K, committed 6528K, reserved 1048576K
}
Event: 31.821 GC heap after
{Heap after GC invocations=31 (full 0):
 garbage-first heap   total 376832K, used 220293K [0x000000070a400000, 0x0000000800000000)
  region size 2048K, 1 young (2048K), 1 survivors (2048K)
 Metaspace       used 53733K, committed 54592K, reserved 1105920K
  class space    used 6141K, committed 6528K, reserved 1048576K
}
Event: 31.910 GC heap before
{Heap before GC invocations=31 (full 0):
 garbage-first heap   total 376832K, used 236677K [0x000000070a400000, 0x0000000800000000)
  region size 2048K, 9 young (18432K), 1 survivors (2048K)
 Metaspace       used 53734K, committed 54592K, reserved 1105920K
  class space    used 6141K, committed 6528K, reserved 1048576K
}
Event: 31.916 GC heap after
{Heap after GC invocations=32 (full 0):
 garbage-first heap   total 376832K, used 197198K [0x000000070a400000, 0x0000000800000000)
  region size 2048K, 1 young (2048K), 1 survivors (2048K)
 Metaspace       used 53734K, committed 54592K, reserved 1105920K
  class space    used 6141K, committed 6528K, reserved 1048576K
}
Event: 32.551 GC heap before
{Heap before GC invocations=32 (full 0):
 garbage-first heap   total 376832K, used 313934K [0x000000070a400000, 0x0000000800000000)
  region size 2048K, 58 young (118784K), 1 survivors (2048K)
 Metaspace       used 54009K, committed 54784K, reserved 1105920K
  class space    used 6165K, committed 6528K, reserved 1048576K
}
Event: 32.558 GC heap after
{Heap after GC invocations=33 (full 0):
 garbage-first heap   total 376832K, used 209361K [0x000000070a400000, 0x0000000800000000)
  region size 2048K, 7 young (14336K), 7 survivors (14336K)
 Metaspace       used 54009K, committed 54784K, reserved 1105920K
  class space    used 6165K, committed 6528K, reserved 1048576K
}
Event: 33.026 GC heap before
{Heap before GC invocations=34 (full 0):
 garbage-first heap   total 315392K, used 186833K [0x000000070a400000, 0x0000000800000000)
  region size 2048K, 56 young (114688K), 7 survivors (14336K)
 Metaspace       used 54017K, committed 54784K, reserved 1105920K
  class space    used 6165K, committed 6528K, reserved 1048576K
}
Event: 33.039 GC heap after
{Heap after GC invocations=35 (full 0):
 garbage-first heap   total 315392K, used 100782K [0x000000070a400000, 0x0000000800000000)
  region size 2048K, 7 young (14336K), 7 survivors (14336K)
 Metaspace       used 54017K, committed 54784K, reserved 1105920K
  class space    used 6165K, committed 6528K, reserved 1048576K
}
Event: 33.042 GC heap before
{Heap before GC invocations=35 (full 0):
 garbage-first heap   total 315392K, used 102830K [0x000000070a400000, 0x0000000800000000)
  region size 2048K, 8 young (16384K), 7 survivors (14336K)
 Metaspace       used 54017K, committed 54784K, reserved 1105920K
  class space    used 6165K, committed 6528K, reserved 1048576K
}
Event: 33.051 GC heap after
{Heap after GC invocations=36 (full 0):
 garbage-first heap   total 315392K, used 86823K [0x000000070a400000, 0x0000000800000000)
  region size 2048K, 1 young (2048K), 1 survivors (2048K)
 Metaspace       used 54017K, committed 54784K, reserved 1105920K
  class space    used 6165K, committed 6528K, reserved 1048576K
}
Event: 34.497 GC heap before
{Heap before GC invocations=36 (full 0):
 garbage-first heap   total 315392K, used 248615K [0x000000070a400000, 0x0000000800000000)
  region size 2048K, 74 young (151552K), 1 survivors (2048K)
 Metaspace       used 54096K, committed 54912K, reserved 1105920K
  class space    used 6168K, committed 6528K, reserved 1048576K
}

Deoptimization events (20 events):
Event: 34.355 Thread 0x000001fb8a690ca0 Uncommon trap: trap_request=0xffffff76 fr.pc=0x000001fb9a26cc2c relative=0x000000000000020c
Event: 34.355 Thread 0x000001fb8a690ca0 Uncommon trap: reason=predicate action=maybe_recompile pc=0x000001fb9a26cc2c method=java.util.LinkedList.toArray([Ljava/lang/Object;)[Ljava/lang/Object; @ 39 c2
Event: 34.355 Thread 0x000001fb8a690ca0 DEOPT PACKING pc=0x000001fb9a26cc2c sp=0x000000721a5fd9d0
Event: 34.355 Thread 0x000001fb8a690ca0 DEOPT UNPACKING pc=0x000001fb91e4d72e sp=0x000000721a5fd998 mode 2
Event: 34.452 Thread 0x000001fb8a690ca0 Uncommon trap: trap_request=0xffffffbe fr.pc=0x000001fb9a242eec relative=0x00000000000002cc
Event: 34.452 Thread 0x000001fb8a690ca0 Uncommon trap: reason=profile_predicate action=maybe_recompile pc=0x000001fb9a242eec method=java.util.LinkedList.toArray([Ljava/lang/Object;)[Ljava/lang/Object; @ 37 c2
Event: 34.452 Thread 0x000001fb8a690ca0 DEOPT PACKING pc=0x000001fb9a242eec sp=0x000000721a5fd9e0
Event: 34.452 Thread 0x000001fb8a690ca0 DEOPT UNPACKING pc=0x000001fb91e4d72e sp=0x000000721a5fd9b0 mode 2
Event: 34.482 Thread 0x000001fb8a690ca0 Uncommon trap: trap_request=0xffffffbe fr.pc=0x000001fb9a26ddac relative=0x000000000000020c
Event: 34.482 Thread 0x000001fb8a690ca0 Uncommon trap: reason=profile_predicate action=maybe_recompile pc=0x000001fb9a26ddac method=java.util.LinkedList.toArray([Ljava/lang/Object;)[Ljava/lang/Object; @ 39 c2
Event: 34.482 Thread 0x000001fb8a690ca0 DEOPT PACKING pc=0x000001fb9a26ddac sp=0x000000721a5fd9d0
Event: 34.482 Thread 0x000001fb8a690ca0 DEOPT UNPACKING pc=0x000001fb91e4d72e sp=0x000000721a5fd998 mode 2
Event: 34.496 Thread 0x000001fb8a690ca0 Uncommon trap: trap_request=0xffffffbe fr.pc=0x000001fb9a26ddac relative=0x000000000000020c
Event: 34.496 Thread 0x000001fb8a690ca0 Uncommon trap: reason=profile_predicate action=maybe_recompile pc=0x000001fb9a26ddac method=java.util.LinkedList.toArray([Ljava/lang/Object;)[Ljava/lang/Object; @ 39 c2
Event: 34.496 Thread 0x000001fb8a690ca0 DEOPT PACKING pc=0x000001fb9a26ddac sp=0x000000721a5fd9d0
Event: 34.496 Thread 0x000001fb8a690ca0 DEOPT UNPACKING pc=0x000001fb91e4d72e sp=0x000000721a5fd998 mode 2
Event: 34.496 Thread 0x000001fb8a690ca0 Uncommon trap: trap_request=0xffffffbe fr.pc=0x000001fb9a242eec relative=0x00000000000002cc
Event: 34.496 Thread 0x000001fb8a690ca0 Uncommon trap: reason=profile_predicate action=maybe_recompile pc=0x000001fb9a242eec method=java.util.LinkedList.toArray([Ljava/lang/Object;)[Ljava/lang/Object; @ 37 c2
Event: 34.496 Thread 0x000001fb8a690ca0 DEOPT PACKING pc=0x000001fb9a242eec sp=0x000000721a5fd9d0
Event: 34.496 Thread 0x000001fb8a690ca0 DEOPT UNPACKING pc=0x000001fb91e4d72e sp=0x000000721a5fd9a0 mode 2

Classes unloaded (20 events):
Event: 28.722 Thread 0x000001fbad1d2fe0 Unloading class 0x0000000800fb4000 'org/apache/logging/log4j/core/config/plugins/processor/PluginProcessor'
Event: 28.722 Thread 0x000001fbad1d2fe0 Unloading class 0x0000000800f86ba8 'lombok/launch/AnnotationProcessorHider$ClaimingProcessor'
Event: 28.722 Thread 0x000001fbad1d2fe0 Unloading class 0x0000000800f869a8 'lombok/launch/AnnotationProcessorHider$AstModificationNotifierData'
Event: 28.722 Thread 0x000001fbad1d2fe0 Unloading class 0x0000000800f86698 'lombok/launch/ShadowClassLoader'
Event: 28.722 Thread 0x000001fbad1d2fe0 Unloading class 0x0000000800f86498 'lombok/launch/Main'
Event: 28.722 Thread 0x000001fbad1d2fe0 Unloading class 0x0000000800f86218 'lombok/launch/AnnotationProcessorHider$AnnotationProcessor'
Event: 28.722 Thread 0x000001fbad1d2fe0 Unloading class 0x0000000800f86000 'org/springframework/boot/configurationprocessor/fieldvalues/javac/Trees'
Event: 28.722 Thread 0x000001fbad1d2fe0 Unloading class 0x0000000800f85c08 'org/springframework/boot/configurationprocessor/fieldvalues/javac/ReflectionWrapper'
Event: 28.722 Thread 0x000001fbad1d2fe0 Unloading class 0x0000000800f85a10 'org/springframework/boot/configurationprocessor/fieldvalues/javac/TreeVisitor'
Event: 28.722 Thread 0x000001fbad1d2fe0 Unloading class 0x0000000800f857e8 'org/springframework/boot/configurationprocessor/fieldvalues/javac/JavaCompilerFieldValuesParser'
Event: 28.722 Thread 0x000001fbad1d2fe0 Unloading class 0x0000000800f84e00 'org/springframework/boot/configurationprocessor/fieldvalues/FieldValuesParser'
Event: 28.722 Thread 0x000001fbad1d2fe0 Unloading class 0x0000000800f85540 'org/springframework/boot/configurationprocessor/MetadataGenerationEnvironment'
Event: 28.722 Thread 0x000001fbad1d2fe0 Unloading class 0x0000000800f85320 'org/springframework/boot/configurationprocessor/TypeUtils$$Lambda$355+0x0000000800f85320'
Event: 28.722 Thread 0x000001fbad1d2fe0 Unloading class 0x0000000800f85000 'org/springframework/boot/configurationprocessor/TypeUtils$TypeExtractor'
Event: 28.722 Thread 0x000001fbad1d2fe0 Unloading class 0x0000000800f84bd0 'org/springframework/boot/configurationprocessor/TypeUtils$$Lambda$354+0x0000000800f84bd0'
Event: 28.722 Thread 0x000001fbad1d2fe0 Unloading class 0x0000000800f84978 'org/springframework/boot/configurationprocessor/TypeUtils'
Event: 28.722 Thread 0x000001fbad1d2fe0 Unloading class 0x0000000800f84750 'org/springframework/boot/configurationprocessor/MetadataCollector'
Event: 28.722 Thread 0x000001fbad1d2fe0 Unloading class 0x0000000800f84528 'org/springframework/boot/configurationprocessor/MetadataStore'
Event: 28.722 Thread 0x000001fbad1d2fe0 Unloading class 0x0000000800f842c8 'org/springframework/boot/configurationprocessor/metadata/InvalidConfigurationMetadataException'
Event: 28.722 Thread 0x000001fbad1d2fe0 Unloading class 0x0000000800f84000 'org/springframework/boot/configurationprocessor/ConfigurationMetadataAnnotationProcessor'

Classes redefined (0 events):
No events

Internal exceptions (20 events):
Event: 19.845 Thread 0x000001fb8a690ca0 Exception <a 'java/lang/NoClassDefFoundError'{0x0000000715488cd0}: org/sonatype/aether/graph/DependencyNode> (0x0000000715488cd0) 
thrown [t:\workspace\open\src\hotspot\share\classfile\systemDictionary.cpp, line 245]
Event: 20.934 Thread 0x000001fb8a690ca0 Exception <a 'java/lang/NoClassDefFoundError'{0x000000071bda5910}: org/sonatype/aether/graph/DependencyNode> (0x000000071bda5910) 
thrown [t:\workspace\open\src\hotspot\share\classfile\systemDictionary.cpp, line 245]
Event: 21.101 Thread 0x000001fb8a690ca0 Exception <a 'java/lang/NoClassDefFoundError'{0x000000071ab4e2a8}: org/sonatype/aether/graph/DependencyNode> (0x000000071ab4e2a8) 
thrown [t:\workspace\open\src\hotspot\share\classfile\systemDictionary.cpp, line 245]
Event: 21.320 Thread 0x000001fb8a690ca0 Exception <a 'sun/nio/fs/WindowsException'{0x000000071939e0a8}> (0x000000071939e0a8) 
thrown [t:\workspace\open\src\hotspot\share\prims\jni.cpp, line 579]
Event: 21.320 Thread 0x000001fb8a690ca0 Exception <a 'sun/nio/fs/WindowsException'{0x000000071939f1b0}> (0x000000071939f1b0) 
thrown [t:\workspace\open\src\hotspot\share\prims\jni.cpp, line 579]
Event: 21.320 Thread 0x000001fb8a690ca0 Exception <a 'sun/nio/fs/WindowsException'{0x00000007193a02d0}> (0x00000007193a02d0) 
thrown [t:\workspace\open\src\hotspot\share\prims\jni.cpp, line 579]
Event: 21.320 Thread 0x000001fb8a690ca0 Exception <a 'sun/nio/fs/WindowsException'{0x00000007193a13d8}> (0x00000007193a13d8) 
thrown [t:\workspace\open\src\hotspot\share\prims\jni.cpp, line 579]
Event: 21.328 Thread 0x000001fb8a690ca0 Exception <a 'sun/nio/fs/WindowsException'{0x000000071914a040}> (0x000000071914a040) 
thrown [t:\workspace\open\src\hotspot\share\prims\jni.cpp, line 579]
Event: 21.328 Thread 0x000001fb8a690ca0 Exception <a 'sun/nio/fs/WindowsException'{0x000000071914b8f8}> (0x000000071914b8f8) 
thrown [t:\workspace\open\src\hotspot\share\prims\jni.cpp, line 579]
Event: 21.328 Thread 0x000001fb8a690ca0 Exception <a 'sun/nio/fs/WindowsException'{0x000000071914d1e8}> (0x000000071914d1e8) 
thrown [t:\workspace\open\src\hotspot\share\prims\jni.cpp, line 579]
Event: 21.328 Thread 0x000001fb8a690ca0 Exception <a 'sun/nio/fs/WindowsException'{0x000000071914eaa0}> (0x000000071914eaa0) 
thrown [t:\workspace\open\src\hotspot\share\prims\jni.cpp, line 579]
Event: 21.335 Thread 0x000001fb8a690ca0 Exception <a 'sun/nio/fs/WindowsException'{0x0000000718e42910}> (0x0000000718e42910) 
thrown [t:\workspace\open\src\hotspot\share\prims\jni.cpp, line 579]
Event: 21.335 Thread 0x000001fb8a690ca0 Exception <a 'sun/nio/fs/WindowsException'{0x0000000718e44220}> (0x0000000718e44220) 
thrown [t:\workspace\open\src\hotspot\share\prims\jni.cpp, line 579]
Event: 21.335 Thread 0x000001fb8a690ca0 Exception <a 'sun/nio/fs/WindowsException'{0x0000000718e45b68}> (0x0000000718e45b68) 
thrown [t:\workspace\open\src\hotspot\share\prims\jni.cpp, line 579]
Event: 21.335 Thread 0x000001fb8a690ca0 Exception <a 'sun/nio/fs/WindowsException'{0x0000000718e47478}> (0x0000000718e47478) 
thrown [t:\workspace\open\src\hotspot\share\prims\jni.cpp, line 579]
Event: 21.382 Thread 0x000001fb8a690ca0 Exception <a 'java/lang/NoClassDefFoundError'{0x0000000718de1698}: com/google/inject/ConfigurationException> (0x0000000718de1698) 
thrown [t:\workspace\open\src\hotspot\share\classfile\systemDictionary.cpp, line 245]
Event: 21.683 Thread 0x000001fb8a690ca0 Exception <a 'java/lang/NoClassDefFoundError'{0x000000071657a4a0}: com/google/inject/ConfigurationException> (0x000000071657a4a0) 
thrown [t:\workspace\open\src\hotspot\share\classfile\systemDictionary.cpp, line 245]
Event: 28.976 Thread 0x000001fbb1fd50f0 Implicit null exception at 0x000001fb99c27de9 to 0x000001fb99c2882c
Event: 28.976 Thread 0x000001fbb1fd50f0 Implicit null exception at 0x000001fb999ee71f to 0x000001fb999ee88c
Event: 28.981 Thread 0x000001fbb1fd50f0 Exception <a 'java/lang/NoSuchMethodError'{0x00000007210041b0}: 'java.lang.Object java.lang.invoke.DirectMethodHandle$Holder.invokeStaticInit(java.lang.Object, java.lang.Object, int, int, int, int)'> (0x00000007210041b0) 
thrown [t:\workspace\open\src\hotspot\share\interpreter\linkResolver.cpp, line 790]

Events (20 events):
Event: 32.301 Thread 0x000001fbad1fe3b0 flushing nmethod 0x000001fb93949590
Event: 32.301 Thread 0x000001fbad1fe3b0 flushing nmethod 0x000001fb93949b10
Event: 32.301 Thread 0x000001fbad1fe3b0 flushing nmethod 0x000001fb93a07110
Event: 32.301 Thread 0x000001fbad1fe3b0 flushing nmethod 0x000001fb93a08390
Event: 32.301 Thread 0x000001fbad1fe3b0 flushing nmethod 0x000001fb93a08a10
Event: 32.301 Thread 0x000001fbad1fe3b0 flushing nmethod 0x000001fb93a0c390
Event: 32.551 Executing  VM operation: G1CollectForAllocation
Event: 32.558 Executing  VM operation: G1CollectForAllocation done
Event: 32.596 Executing  VM operation: G1Concurrent
Event: 32.603 Executing  VM operation: G1Concurrent done
Event: 32.623 Executing  VM operation: G1Concurrent
Event: 32.623 Executing  VM operation: G1Concurrent done
Event: 33.026 Executing  VM operation: G1CollectForAllocation
Event: 33.039 Executing  VM operation: G1CollectForAllocation done
Event: 33.041 Executing  VM operation: G1CollectForAllocation
Event: 33.051 Executing  VM operation: G1CollectForAllocation done
Event: 33.333 Thread 0x000001fbb310b7f0 Thread exited: 0x000001fbb310b7f0
Event: 34.055 Executing  VM operation: Cleanup
Event: 34.055 Executing  VM operation: Cleanup done
Event: 34.497 Executing  VM operation: G1CollectForAllocation


Dynamic libraries:
0x00007ff6a9f50000 - 0x00007ff6a9f60000 	C:\Program Files\Java\jdk-16.0.2\bin\java.exe
0x00007ffddba50000 - 0x00007ffddbc61000 	C:\WINDOWS\SYSTEM32\ntdll.dll
0x00007ffdda090000 - 0x00007ffdda152000 	C:\WINDOWS\System32\KERNEL32.DLL
0x00007ffdd9460000 - 0x00007ffdd97fb000 	C:\WINDOWS\System32\KERNELBASE.dll
0x00007ffdd91a0000 - 0x00007ffdd92b1000 	C:\WINDOWS\System32\ucrtbase.dll
0x00007ffdcfd60000 - 0x00007ffdcfd78000 	C:\Program Files\Java\jdk-16.0.2\bin\jli.dll
0x00007ffdc63b0000 - 0x00007ffdc63c9000 	C:\Program Files\Java\jdk-16.0.2\bin\VCRUNTIME140.dll
0x00007ffdd9c90000 - 0x00007ffdd9d3e000 	C:\WINDOWS\System32\ADVAPI32.dll
0x00007ffdd9d70000 - 0x00007ffdd9e15000 	C:\WINDOWS\System32\msvcrt.dll
0x00007ffdd9fe0000 - 0x00007ffdda086000 	C:\WINDOWS\System32\sechost.dll
0x00007ffdda940000 - 0x00007ffddaa55000 	C:\WINDOWS\System32\RPCRT4.dll
0x00007ffdda680000 - 0x00007ffdda826000 	C:\WINDOWS\System32\USER32.dll
0x00007ffdd90d0000 - 0x00007ffdd90f6000 	C:\WINDOWS\System32\win32u.dll
0x00007ffdd9d40000 - 0x00007ffdd9d69000 	C:\WINDOWS\System32\GDI32.dll
0x00007ffdd8090000 - 0x00007ffdd8334000 	C:\WINDOWS\WinSxS\amd64_microsoft.windows.common-controls_6595b64144ccf1df_6.0.22581.1_none_5efe8a4b9dcf743d\COMCTL32.dll
0x00007ffdd9340000 - 0x00007ffdd9458000 	C:\WINDOWS\System32\gdi32full.dll
0x00007ffdd9100000 - 0x00007ffdd919a000 	C:\WINDOWS\System32\msvcp_win.dll
0x00007ffdd7c80000 - 0x00007ffdd7c8a000 	C:\WINDOWS\SYSTEM32\VERSION.dll
0x00007ffdda5e0000 - 0x00007ffdda611000 	C:\WINDOWS\System32\IMM32.DLL
0x00007ffdd3680000 - 0x00007ffdd368c000 	C:\Program Files\Java\jdk-16.0.2\bin\vcruntime140_1.dll
0x00007ffdc3d50000 - 0x00007ffdc3de1000 	C:\Program Files\Java\jdk-16.0.2\bin\msvcp140.dll
0x00007ffd6c270000 - 0x00007ffd6ce1b000 	C:\Program Files\Java\jdk-16.0.2\bin\server\jvm.dll
0x00007ffdd9a70000 - 0x00007ffdd9a78000 	C:\WINDOWS\System32\PSAPI.DLL
0x00007ffdd3440000 - 0x00007ffdd3449000 	C:\WINDOWS\SYSTEM32\WSOCK32.dll
0x00007ffdcf5e0000 - 0x00007ffdcf614000 	C:\WINDOWS\SYSTEM32\WINMM.dll
0x00007ffdd9870000 - 0x00007ffdd98e1000 	C:\WINDOWS\System32\WS2_32.dll
0x00007ffdd7010000 - 0x00007ffdd7028000 	C:\WINDOWS\SYSTEM32\kernel.appcore.dll
0x00007ffdd3460000 - 0x00007ffdd346a000 	C:\Program Files\Java\jdk-16.0.2\bin\jimage.dll
0x00007ffdd8820000 - 0x00007ffdd8a4e000 	C:\WINDOWS\SYSTEM32\DBGHELP.DLL
0x00007ffdda160000 - 0x00007ffdda4d5000 	C:\WINDOWS\System32\combase.dll
0x00007ffdd9990000 - 0x00007ffdd9a67000 	C:\WINDOWS\System32\OLEAUT32.dll
0x00007ffdd8690000 - 0x00007ffdd86c2000 	C:\WINDOWS\SYSTEM32\dbgcore.DLL
0x00007ffdd92c0000 - 0x00007ffdd933b000 	C:\WINDOWS\System32\bcryptPrimitives.dll
0x00007ffdc9e70000 - 0x00007ffdc9e7e000 	C:\Program Files\Java\jdk-16.0.2\bin\instrument.dll
0x00007ffdc3a40000 - 0x00007ffdc3a65000 	C:\Program Files\Java\jdk-16.0.2\bin\java.dll
0x00007ffddaee0000 - 0x00007ffddb6c3000 	C:\WINDOWS\System32\SHELL32.dll
0x00007ffdd5fe0000 - 0x00007ffdd6878000 	C:\WINDOWS\SYSTEM32\windows.storage.dll
0x00007ffdd5ea0000 - 0x00007ffdd5fdd000 	C:\WINDOWS\SYSTEM32\wintypes.dll
0x00007ffdda4e0000 - 0x00007ffdda5d1000 	C:\WINDOWS\System32\SHCORE.dll
0x00007ffddb9b0000 - 0x00007ffddba0e000 	C:\WINDOWS\System32\shlwapi.dll
0x00007ffdd8dd0000 - 0x00007ffdd8df1000 	C:\WINDOWS\SYSTEM32\profapi.dll
0x00007ffdc12b0000 - 0x00007ffdc12c8000 	C:\Program Files\Java\jdk-16.0.2\bin\zip.dll
0x00007ffdc2cd0000 - 0x00007ffdc2ce9000 	C:\Program Files\Java\jdk-16.0.2\bin\net.dll
0x00007ffdd1740000 - 0x00007ffdd1852000 	C:\WINDOWS\SYSTEM32\WINHTTP.dll
0x00007ffdd7ea0000 - 0x00007ffdd7f09000 	C:\WINDOWS\system32\mswsock.dll
0x00007ffdc1a90000 - 0x00007ffdc1aa3000 	C:\Program Files\Java\jdk-16.0.2\bin\nio.dll
0x00007ffdcf670000 - 0x00007ffdcf68a000 	D:\JetBrains\apps\IDEA-U\ch-0\221.5787.30\bin\breakgen64.dll
0x0000000069ac0000 - 0x0000000069ae4000 	C:\Users\Lenovo\AppData\Local\Temp\jansi-2.3.4-79fefd746ba0a731-jansi.dll
0x00007ffdc6390000 - 0x00007ffdc63a0000 	C:\Program Files\Java\jdk-16.0.2\bin\verify.dll
0x00007ffdd8b40000 - 0x00007ffdd8b5b000 	C:\WINDOWS\SYSTEM32\CRYPTSP.dll
0x00007ffdd6f80000 - 0x00007ffdd6fb5000 	C:\WINDOWS\system32\rsaenh.dll
0x00007ffdd7f90000 - 0x00007ffdd7fb8000 	C:\WINDOWS\SYSTEM32\USERENV.dll
0x00007ffdd87a0000 - 0x00007ffdd87c8000 	C:\WINDOWS\SYSTEM32\bcrypt.dll
0x00007ffdd8000000 - 0x00007ffdd800c000 	C:\WINDOWS\SYSTEM32\CRYPTBASE.dll
0x00007ffdd6ac0000 - 0x00007ffdd6aed000 	C:\WINDOWS\SYSTEM32\IPHLPAPI.DLL
0x00007ffdd9c30000 - 0x00007ffdd9c39000 	C:\WINDOWS\System32\NSI.dll
0x00007ffdd1090000 - 0x00007ffdd10a9000 	C:\WINDOWS\SYSTEM32\dhcpcsvc6.DLL
0x00007ffdd0f20000 - 0x00007ffdd0f3f000 	C:\WINDOWS\SYSTEM32\dhcpcsvc.DLL
0x00007ffdd6af0000 - 0x00007ffdd6be5000 	C:\WINDOWS\SYSTEM32\DNSAPI.dll

dbghelp: loaded successfully - version: 4.0.5 - missing functions: none
symbol engine: initialized successfully - sym options: 0x614 - pdb path: .;C:\Program Files\Java\jdk-16.0.2\bin;C:\WINDOWS\SYSTEM32;C:\WINDOWS\WinSxS\amd64_microsoft.windows.common-controls_6595b64144ccf1df_6.0.22581.1_none_5efe8a4b9dcf743d;C:\Program Files\Java\jdk-16.0.2\bin\server;D:\JetBrains\apps\IDEA-U\ch-0\221.5787.30\bin;C:\Users\Lenovo\AppData\Local\Temp

VM Arguments:
jvm_args: -Dmaven.multiModuleProjectDirectory=G:\WorkSpace\Talexs\TalexFrame -Dmaven.home=C:\Users\Lenovo\.m2\wrapper\dists\apache-maven-3.8.3-bin\5a6n1u8or3307vo2u2jgmkhm0t\apache-maven-3.8.3 -Dclassworlds.conf=C:\Users\Lenovo\.m2\wrapper\dists\apache-maven-3.8.3-bin\5a6n1u8or3307vo2u2jgmkhm0t\apache-maven-3.8.3\bin\m2.conf -Dmaven.ext.class.path=D:\JetBrains\apps\IDEA-U\ch-0\221.5787.30\plugins\maven\lib\maven-event-listener.jar -javaagent:D:\JetBrains\apps\IDEA-U\ch-0\221.5787.30\lib\idea_rt.jar=8775:D:\JetBrains\apps\IDEA-U\ch-0\221.5787.30\bin -Dfile.encoding=UTF-8 
java_command: org.codehaus.classworlds.Launcher -Didea.version=2022.1.2 -s D:\apache-maven-3.8.1\conf\settings.xml -DskipTests=true install
java_class_path (initial): C:\Users\Lenovo\.m2\wrapper\dists\apache-maven-3.8.3-bin\5a6n1u8or3307vo2u2jgmkhm0t\apache-maven-3.8.3\boot\plexus-classworlds-2.6.0.jar;C:\Users\Lenovo\.m2\wrapper\dists\apache-maven-3.8.3-bin\5a6n1u8or3307vo2u2jgmkhm0t\apache-maven-3.8.3\boot\plexus-classworlds.license
Launcher Type: SUN_STANDARD

[Global flags]
     intx CICompilerCount                          = 4                                         {product} {ergonomic}
     uint ConcGCThreads                            = 3                                         {product} {ergonomic}
     uint G1ConcRefinementThreads                  = 10                                        {product} {ergonomic}
   size_t G1HeapRegionSize                         = 2097152                                   {product} {ergonomic}
    uintx GCDrainStackTargetSize                   = 64                                        {product} {ergonomic}
   size_t InitialHeapSize                          = 257949696                                 {product} {ergonomic}
   size_t MarkStackSize                            = 4194304                                   {product} {ergonomic}
   size_t MaxHeapSize                              = 4123000832                                {product} {ergonomic}
   size_t MaxNewSize                               = 2472542208                                {product} {ergonomic}
   size_t MinHeapDeltaBytes                        = 2097152                                   {product} {ergonomic}
   size_t MinHeapSize                              = 8388608                                   {product} {ergonomic}
    uintx NonNMethodCodeHeapSize                   = 5839372                                {pd product} {ergonomic}
    uintx NonProfiledCodeHeapSize                  = 122909434                              {pd product} {ergonomic}
    uintx ProfiledCodeHeapSize                     = 122909434                              {pd product} {ergonomic}
    uintx ReservedCodeCacheSize                    = 251658240                              {pd product} {ergonomic}
     bool SegmentedCodeCache                       = true                                      {product} {ergonomic}
   size_t SoftMaxHeapSize                          = 4123000832                             {manageable} {ergonomic}
     bool UseCompressedClassPointers               = true                           {product lp64_product} {ergonomic}
     bool UseCompressedOops                        = true                           {product lp64_product} {ergonomic}
     bool UseG1GC                                  = true                                      {product} {ergonomic}
     bool UseLargePagesIndividualAllocation        = false                                  {pd product} {ergonomic}

Logging:
Log output configuration:
 #0: stdout all=warning uptime,level,tags
 #1: stderr all=off uptime,level,tags

Environment Variables:
JAVA_HOME=C:\Program Files\Java\jdk1.8.0_291
CLASSPATH=.;C:\Program Files\Java\jdk1.8.0_291\lib\dt.jar;C:\Program Files\Java\jdk1.8.0_291\lib\tools.jar;D:\apache-jmeter-5.4.3\lib\ext\ApacheJMeter_core.jar;D:\apache-jmeter-5.4.3\lib\jorphan.jar;D:\apache-jmeter-5.4.3\lib\logkit-2.0.jar;
PATH=C:\Python27\;C:\Program Files\Python310\Scripts\;C:\Program Files\Python310\;C:\Program Files\Common Files\Oracle\Java\javapath;D:\VMware Workstation Pro\bin\;C:\Program Files\PlasticSCM5\server;C:\Program Files\PlasticSCM5\client;D:\Python2.7\Scripts\;D:\Python2.7\;C:\Program Files (x86)\Common Files\Intel\Shared Libraries\redist\intel64\compiler;C:\WINDOWS\system32;C:\WINDOWS;C:\WINDOWS\System32\Wbem;C:\WINDOWS\System32\WindowsPowerShell\v1.0\;C:\WINDOWS\System32\OpenSSH\;D:\NodeJs\;C:\Program Files\Git\cmd;C:\Program Files\python;C:\Program Files\python\Scripts;D:\BtSoft\panel\script;G:\WorkSpace\Golang\Environment\core\bin;D:\Redis\;C:\Program Files\dotnet\;C:\WINDOWS\system32;C:\WINDOWS;C:\WINDOWS\System32\Wbem;C:\WINDOWS\System32\WindowsPowerShell\v1.0\;C:\WINDOWS\System32\OpenSSH\;C:\Python27;C:\Python27\Scripts;D:\Flutter\flutter\bin;C:\Program Files (x86)\dotnet\;G:\WorkSpace\Python\Environment\Scripts\;G:\WorkSpace\Python\Environment\;C:\Users\Lenovo\AppData\Local\Microsoft\WindowsApps;D:\Bandizip\;C:\Program Files\Java\jdk1.8.0_291\bin;C:\Program Files\Java\jdk1.8.0_291\jre\bin;D:\Microsoft VS Code\bin;C:\Users\Lenovo\AppData\Roaming\npm;D:\NodeJs\node_global;D:\apache-maven-3.8.1\bin;%DevEco Studio%;C:\Users\Lenovo\AppData\Local\GitHubDesktop\bin;C:\Users\Lenovo\go\bin;C:\Users\Lenovo\.dotnet\tools;C:\Users\Lenovo\AppData\Local\Programs\oh-my-posh\bin;C:\Users\Lenovo\AppData\Local\Programs\oh-my-posh\themes;C:\Program Files\Python310\python.exe;C:\Python27\python.exe\Scripts\pip2.exe
USERNAME=Lenovo
OS=Windows_NT
PROCESSOR_IDENTIFIER=AMD64 Family 23 Model 104 Stepping 1, AuthenticAMD



---------------  S Y S T E M  ---------------

OS:
 Windows 10 , 64 bit Build 22581 (10.0.22581.1)
OS uptime: 1 days 13:19 hours

CPU: total 12 (initial active 12) (12 cores per cpu, 2 threads per core) family 23 model 104 stepping 1 microcode 0x0, cx8, cmov, fxsr, ht, mmx, 3dnowpref, sse, sse2, sse3, ssse3, sse4a, sse4.1, sse4.2, popcnt, lzcnt, tsc, tscinvbit, avx, avx2, aes, clmul, bmi1, bmi2, adx, sha, fma, vzeroupper, clflush, clflushopt

Memory: 4k page, system-wide physical 15722M (530M free)
TotalPageFile size 31009M (AvailPageFile size 226M)
current process WorkingSet (physical memory assigned to process): 549M, peak: 718M
current process commit charge ("private bytes"): 658M, peak: 1204M

vm_info: Java HotSpot(TM) 64-Bit Server VM (16.0.2+7-67) for windows-amd64 JRE (16.0.2+7-67), built on Jun  8 2021 23:24:19 by "mach5one" with MS VC++ 16.7 (VS2019)

END.
