[2022/01/19-11:49:32] [ INFO ] [main] com.talex.frame.talexframe.TalexFrameApplication: Starting TalexFrameApplication using Java 1.8.0_291 on LENOVO-NX-T with PID 25160 (G:\WorkSpace\Talexs\TalexFrame\target\classes started by Lenovo in G:\WorkSpace\Talexs\TalexFrame) 
[2022/01/19-11:49:32] [ INFO ] [main] com.talex.frame.talexframe.TalexFrameApplication: No active profile set, falling back to default profiles: default 
[2022/01/19-11:49:34] [ WARN ] [main] org.mybatis.spring.mapper.ClassPathMapperScanner: No MyBatis mapper was found in '[com.talex.frame.talexframe]' package. Please check your configuration. 
[2022/01/19-11:49:36] [ WARN ] [main] org.apache.catalina.core.AprLifecycleListener: This listener must only be nested within Server elements, but is in [TomcatEmbeddedContext]. 
[2022/01/19-11:49:41] [ WARN ] [main] org.springframework.boot.autoconfigure.orm.jpa.JpaBaseConfiguration$JpaWebConfiguration: spring.jpa.open-in-view is enabled by default. Therefore, database queries may be performed during view rendering. Explicitly configure spring.jpa.open-in-view to disable this warning 
[2022/01/19-11:49:44] [ WARN ] [main] org.springframework.boot.web.servlet.context.AnnotationConfigServletWebServerApplicationContext: Exception encountered during context initialization - cancelling refresh attempt: org.springframework.context.ApplicationContextException: Failed to start bean 'webServerStartStop'; nested exception is org.springframework.boot.web.server.PortInUseException: Port 8080 is already in use 
[2022/01/19-11:49:44] [ ERROR] [main] org.springframework.boot.diagnostics.LoggingFailureAnalysisReporter: 

***************************
APPLICATION FAILED TO START
***************************

Description:

Web server failed to start. Port 8080 was already in use.

Action:

Identify and stop the process that's listening on port 8080 or configure this application to listen on another port.
 
[2022/01/19-11:50:59] [ INFO ] [main] com.talex.frame.talexframe.TalexFrameApplication: Starting TalexFrameApplication using Java 1.8.0_291 on LENOVO-NX-T with PID 16292 (G:\WorkSpace\Talexs\TalexFrame\target\classes started by Lenovo in G:\WorkSpace\Talexs\TalexFrame) 
[2022/01/19-11:50:59] [ INFO ] [main] com.talex.frame.talexframe.TalexFrameApplication: No active profile set, falling back to default profiles: default 
[2022/01/19-11:51:01] [ WARN ] [main] org.mybatis.spring.mapper.ClassPathMapperScanner: No MyBatis mapper was found in '[com.talex.frame.talexframe]' package. Please check your configuration. 
[2022/01/19-11:51:02] [ WARN ] [main] org.apache.catalina.core.AprLifecycleListener: This listener must only be nested within Server elements, but is in [TomcatEmbeddedContext]. 
[2022/01/19-11:51:06] [ WARN ] [main] org.springframework.boot.autoconfigure.orm.jpa.JpaBaseConfiguration$JpaWebConfiguration: spring.jpa.open-in-view is enabled by default. Therefore, database queries may be performed during view rendering. Explicitly configure spring.jpa.open-in-view to disable this warning 
[2022/01/19-11:51:10] [ INFO ] [main] com.talex.frame.talexframe.TalexFrameApplication: Started TalexFrameApplication in 13.671 seconds (JVM running for 17.449) 
[2022/01/19-12:18:15] [ INFO ] [main] com.talex.frame.talexframe.TalexFrameApplication: Starting TalexFrameApplication using Java 1.8.0_291 on LENOVO-NX-T with PID 23220 (G:\WorkSpace\Talexs\TalexFrame\target\classes started by Lenovo in G:\WorkSpace\Talexs\TalexFrame) 
[2022/01/19-12:18:15] [ INFO ] [main] com.talex.frame.talexframe.TalexFrameApplication: No active profile set, falling back to default profiles: default 
[2022/01/19-12:18:17] [ WARN ] [main] org.mybatis.spring.mapper.ClassPathMapperScanner: No MyBatis mapper was found in '[com.talex.frame.talexframe]' package. Please check your configuration. 
[2022/01/19-12:18:18] [ WARN ] [main] org.apache.catalina.core.AprLifecycleListener: This listener must only be nested within Server elements, but is in [TomcatEmbeddedContext]. 
[2022/01/19-12:18:23] [ WARN ] [main] org.springframework.boot.autoconfigure.orm.jpa.JpaBaseConfiguration$JpaWebConfiguration: spring.jpa.open-in-view is enabled by default. Therefore, database queries may be performed during view rendering. Explicitly configure spring.jpa.open-in-view to disable this warning 
[2022/01/19-12:18:25] [ WARN ] [main] org.springframework.boot.web.servlet.context.AnnotationConfigServletWebServerApplicationContext: Exception encountered during context initialization - cancelling refresh attempt: org.springframework.context.ApplicationContextException: Failed to start bean 'webServerStartStop'; nested exception is org.springframework.boot.web.server.PortInUseException: Port 8080 is already in use 
[2022/01/19-12:18:26] [ WARN ] [main] org.springframework.boot.context.event.EventPublishingRunListener: Error calling ApplicationEventListener 
java.lang.IllegalStateException: org.springframework.boot.web.servlet.context.AnnotationConfigServletWebServerApplicationContext@32fe9d0a has not been refreshed yet
	at org.springframework.context.support.AbstractApplicationContext.assertBeanFactoryActive(AbstractApplicationContext.java:1141)
	at org.springframework.context.support.AbstractApplicationContext.getBean(AbstractApplicationContext.java:1153)
	at org.springframework.context.event.ApplicationListenerMethodAdapter.getTargetBean(ApplicationListenerMethodAdapter.java:371)
	at org.springframework.context.event.ApplicationListenerMethodAdapter.doInvoke(ApplicationListenerMethodAdapter.java:336)
	at org.springframework.context.event.ApplicationListenerMethodAdapter.processEvent(ApplicationListenerMethodAdapter.java:229)
	at org.springframework.context.event.ApplicationListenerMethodAdapter.onApplicationEvent(ApplicationListenerMethodAdapter.java:166)
	at org.springframework.context.event.SimpleApplicationEventMulticaster.doInvokeListener(SimpleApplicationEventMulticaster.java:176)
	at org.springframework.context.event.SimpleApplicationEventMulticaster.invokeListener(SimpleApplicationEventMulticaster.java:162)
	at org.springframework.context.event.SimpleApplicationEventMulticaster.multicastEvent(SimpleApplicationEventMulticaster.java:143)
	at org.springframework.context.event.SimpleApplicationEventMulticaster.multicastEvent(SimpleApplicationEventMulticaster.java:131)
	at org.springframework.boot.context.event.EventPublishingRunListener.failed(EventPublishingRunListener.java:136)
	at org.springframework.boot.SpringApplicationRunListeners.callFailedListener(SpringApplicationRunListeners.java:96)
	at org.springframework.boot.SpringApplicationRunListeners.lambda$failed$7(SpringApplicationRunListeners.java:87)
	at java.util.ArrayList.forEach(ArrayList.java:1259)
	at org.springframework.boot.SpringApplicationRunListeners.doWithListeners(SpringApplicationRunListeners.java:120)
	at org.springframework.boot.SpringApplicationRunListeners.failed(SpringApplicationRunListeners.java:86)
	at org.springframework.boot.SpringApplication.handleRunFailure(SpringApplication.java:780)
	at org.springframework.boot.SpringApplication.run(SpringApplication.java:312)
	at org.springframework.boot.SpringApplication.run(SpringApplication.java:1301)
	at org.springframework.boot.SpringApplication.run(SpringApplication.java:1290)
	at com.talex.frame.talexframe.TalexFrameApplication.main(TalexFrameApplication.java:14)
[2022/01/19-12:18:26] [ ERROR] [main] org.springframework.boot.diagnostics.LoggingFailureAnalysisReporter: 

***************************
APPLICATION FAILED TO START
***************************

Description:

Web server failed to start. Port 8080 was already in use.

Action:

Identify and stop the process that's listening on port 8080 or configure this application to listen on another port.
 
[2022/01/19-12:19:25] [ INFO ] [main] com.talex.frame.talexframe.TalexFrameApplication: Starting TalexFrameApplication using Java 1.8.0_291 on LENOVO-NX-T with PID 25204 (G:\WorkSpace\Talexs\TalexFrame\target\classes started by Lenovo in G:\WorkSpace\Talexs\TalexFrame) 
[2022/01/19-12:19:25] [ INFO ] [main] com.talex.frame.talexframe.TalexFrameApplication: No active profile set, falling back to default profiles: default 
[2022/01/19-12:19:27] [ WARN ] [main] org.mybatis.spring.mapper.ClassPathMapperScanner: No MyBatis mapper was found in '[com.talex.frame.talexframe]' package. Please check your configuration. 
[2022/01/19-12:19:28] [ WARN ] [main] org.apache.catalina.core.AprLifecycleListener: This listener must only be nested within Server elements, but is in [TomcatEmbeddedContext]. 
[2022/01/19-12:19:32] [ WARN ] [main] org.springframework.boot.autoconfigure.orm.jpa.JpaBaseConfiguration$JpaWebConfiguration: spring.jpa.open-in-view is enabled by default. Therefore, database queries may be performed during view rendering. Explicitly configure spring.jpa.open-in-view to disable this warning 
[2022/01/19-12:19:36] [ INFO ] [main] com.talex.frame.talexframe.TalexFrameApplication: Started TalexFrameApplication in 13.674 seconds (JVM running for 17.296) 
[2022/01/19-12:19:36] [ INFO ] [main] com.talex.frame.talexframe.listener.FrameMajorListener: 框架启动成功! 
[2022/01/19-12:20:33] [ INFO ] [main] com.talex.frame.talexframe.TalexFrameApplication: Starting TalexFrameApplication using Java 1.8.0_291 on LENOVO-NX-T with PID 28252 (G:\WorkSpace\Talexs\TalexFrame\target\classes started by Lenovo in G:\WorkSpace\Talexs\TalexFrame) 
[2022/01/19-12:20:33] [ INFO ] [main] com.talex.frame.talexframe.TalexFrameApplication: No active profile set, falling back to default profiles: default 
[2022/01/19-12:20:35] [ WARN ] [main] org.mybatis.spring.mapper.ClassPathMapperScanner: No MyBatis mapper was found in '[com.talex.frame.talexframe]' package. Please check your configuration. 
[2022/01/19-12:20:36] [ WARN ] [main] org.apache.catalina.core.AprLifecycleListener: This listener must only be nested within Server elements, but is in [TomcatEmbeddedContext]. 
[2022/01/19-12:20:40] [ WARN ] [main] org.springframework.boot.autoconfigure.orm.jpa.JpaBaseConfiguration$JpaWebConfiguration: spring.jpa.open-in-view is enabled by default. Therefore, database queries may be performed during view rendering. Explicitly configure spring.jpa.open-in-view to disable this warning 
[2022/01/19-12:20:45] [ ERROR] [main] com.talex.frame.talexframe.listener.FrameMajorListener: 框架准备完毕! 
[2022/01/19-12:20:45] [ INFO ] [main] com.talex.frame.talexframe.TalexFrameApplication: Started TalexFrameApplication in 14.614 seconds (JVM running for 18.307) 
[2022/01/19-12:20:45] [ ERROR] [main] com.talex.frame.talexframe.listener.FrameMajorListener: 框架已启动! 
[2022/01/19-12:20:45] [ INFO ] [main] com.talex.frame.talexframe.listener.FrameMajorListener: 框架启动成功! 
[2022/01/19-12:21:17] [ INFO ] [background-preinit] org.hibernate.validator.internal.util.Version: HV000001: Hibernate Validator 6.2.0.Final 
[2022/01/19-12:21:18] [ INFO ] [main] com.talex.frame.talexframe.TalexFrameApplication: Starting TalexFrameApplication using Java 1.8.0_291 on LENOVO-NX-T with PID 22756 (G:\WorkSpace\Talexs\TalexFrame\target\classes started by Lenovo in G:\WorkSpace\Talexs\TalexFrame) 
[2022/01/19-12:21:18] [ INFO ] [main] com.talex.frame.talexframe.TalexFrameApplication: No active profile set, falling back to default profiles: default 
[2022/01/19-12:21:18] [ INFO ] [main] org.springframework.boot.devtools.env.DevToolsPropertyDefaultsPostProcessor: Devtools property defaults active! Set 'spring.devtools.add-properties' to 'false' to disable 
[2022/01/19-12:21:18] [ INFO ] [main] org.springframework.boot.devtools.env.DevToolsPropertyDefaultsPostProcessor: For additional web related logging consider setting the 'logging.level.web' property to 'DEBUG' 
[2022/01/19-12:21:19] [ INFO ] [main] org.springframework.data.repository.config.RepositoryConfigurationDelegate: Multiple Spring Data modules found, entering strict repository configuration mode! 
[2022/01/19-12:21:19] [ INFO ] [main] org.springframework.data.repository.config.RepositoryConfigurationDelegate: Bootstrapping Spring Data JPA repositories in DEFAULT mode. 
[2022/01/19-12:21:19] [ INFO ] [main] org.springframework.data.repository.config.RepositoryConfigurationDelegate: Finished Spring Data repository scanning in 213 ms. Found 1 JPA repository interfaces. 
[2022/01/19-12:21:19] [ INFO ] [main] org.springframework.data.repository.config.RepositoryConfigurationDelegate: Multiple Spring Data modules found, entering strict repository configuration mode! 
[2022/01/19-12:21:19] [ INFO ] [main] org.springframework.data.repository.config.RepositoryConfigurationDelegate: Bootstrapping Spring Data Redis repositories in DEFAULT mode. 
[2022/01/19-12:21:19] [ INFO ] [main] org.springframework.data.repository.config.RepositoryConfigurationExtensionSupport: Spring Data Redis - Could not safely identify store assignment for repository candidate interface com.talex.frame.talexframe.dao.BaseUserDataRepository. If you want this repository to be a Redis repository, consider annotating your entities with one of these annotations: org.springframework.data.redis.core.RedisHash (preferred), or consider extending one of the following types with your repository: org.springframework.data.keyvalue.repository.KeyValueRepository. 
[2022/01/19-12:21:19] [ INFO ] [main] org.springframework.data.repository.config.RepositoryConfigurationDelegate: Finished Spring Data repository scanning in 11 ms. Found 0 Redis repository interfaces. 
[2022/01/19-12:21:19] [ WARN ] [main] org.mybatis.spring.mapper.ClassPathMapperScanner: No MyBatis mapper was found in '[com.talex.frame.talexframe]' package. Please check your configuration. 
[2022/01/19-12:21:20] [ INFO ] [main] org.springframework.cloud.context.scope.GenericScope: BeanFactory id=651d78a5-2b87-3b22-9c3a-c3e51372e01d 
[2022/01/19-12:21:20] [ INFO ] [main] org.springframework.boot.web.embedded.tomcat.TomcatWebServer: Tomcat initialized with port(s): 9981 (http) 
[2022/01/19-12:21:20] [ INFO ] [main] org.apache.coyote.http11.Http11NioProtocol: Initializing ProtocolHandler ["http-nio-9981"] 
[2022/01/19-12:21:20] [ INFO ] [main] org.apache.catalina.core.StandardService: Starting service [Tomcat] 
[2022/01/19-12:21:20] [ INFO ] [main] org.apache.catalina.core.StandardEngine: Starting Servlet engine: [Apache Tomcat/9.0.56] 
[2022/01/19-12:21:20] [ WARN ] [main] org.apache.catalina.core.AprLifecycleListener: This listener must only be nested within Server elements, but is in [TomcatEmbeddedContext]. 
[2022/01/19-12:21:20] [ INFO ] [main] org.apache.catalina.core.AprLifecycleListener: An older version [1.2.14] of the Apache Tomcat Native library is installed, while Tomcat recommends a minimum version of [1.2.30] 
[2022/01/19-12:21:20] [ INFO ] [main] org.apache.catalina.core.AprLifecycleListener: Loaded Apache Tomcat Native library [1.2.14] using APR version [1.6.2]. 
[2022/01/19-12:21:20] [ INFO ] [main] org.apache.catalina.core.AprLifecycleListener: APR capabilities: IPv6 [true], sendfile [true], accept filters [false], random [true], UDS [false]. 
[2022/01/19-12:21:20] [ INFO ] [main] org.apache.catalina.core.AprLifecycleListener: APR/OpenSSL configuration: useAprConnector [false], useOpenSSL [true] 
[2022/01/19-12:21:21] [ INFO ] [main] org.apache.catalina.core.AprLifecycleListener: OpenSSL successfully initialized [OpenSSL 1.0.2l  25 May 2017] 
[2022/01/19-12:21:22] [ INFO ] [main] org.apache.catalina.core.ContainerBase.[Tomcat].[localhost].[/]: Initializing Spring embedded WebApplicationContext 
[2022/01/19-12:21:22] [ INFO ] [main] org.springframework.boot.web.servlet.context.ServletWebServerApplicationContext: Root WebApplicationContext: initialization completed in 3877 ms 
[2022/01/19-12:21:22] [ INFO ] [main] org.hibernate.jpa.internal.util.LogHelper: HHH000204: Processing PersistenceUnitInfo [name: default] 
[2022/01/19-12:21:22] [ INFO ] [main] org.hibernate.Version: HHH000412: Hibernate ORM core version 5.6.3.Final 
[2022/01/19-12:21:22] [ INFO ] [main] org.hibernate.annotations.common.Version: HCANN000001: Hibernate Commons Annotations {5.1.2.Final} 
[2022/01/19-12:21:22] [ INFO ] [main] org.hibernate.dialect.Dialect: HHH000400: Using dialect: org.hibernate.dialect.MySQL57Dialect 
[2022/01/19-12:21:23] [ INFO ] [main] org.hibernate.engine.transaction.jta.platform.internal.JtaPlatformInitiator: HHH000490: Using JtaPlatform implementation: [org.hibernate.engine.transaction.jta.platform.internal.NoJtaPlatform] 
[2022/01/19-12:21:23] [ INFO ] [main] org.springframework.orm.jpa.LocalContainerEntityManagerFactoryBean: Initialized JPA EntityManagerFactory for persistence unit 'default' 
[2022/01/19-12:21:24] [ WARN ] [main] org.springframework.boot.autoconfigure.orm.jpa.JpaBaseConfiguration$JpaWebConfiguration: spring.jpa.open-in-view is enabled by default. Therefore, database queries may be performed during view rendering. Explicitly configure spring.jpa.open-in-view to disable this warning 
[2022/01/19-12:21:25] [ INFO ] [main] org.springframework.boot.devtools.autoconfigure.OptionalLiveReloadServer: LiveReload server is running on port 35729 
[2022/01/19-12:21:27] [ INFO ] [main] org.springframework.cloud.commons.util.InetUtils: Cannot determine local hostname 
[2022/01/19-12:21:27] [ INFO ] [main] org.apache.coyote.http11.Http11NioProtocol: Starting ProtocolHandler ["http-nio-9981"] 
[2022/01/19-12:21:27] [ INFO ] [main] org.springframework.boot.web.embedded.tomcat.TomcatWebServer: Tomcat started on port(s): 9981 (http) with context path '' 
[2022/01/19-12:21:28] [ INFO ] [main] org.springframework.cloud.commons.util.InetUtils: Cannot determine local hostname 
[2022/01/19-12:21:28] [ ERROR] [main] com.talex.frame.talexframe.listener.FrameMajorListener: 框架准备完毕! 
[2022/01/19-12:21:28] [ INFO ] [main] com.talex.frame.talexframe.TalexFrameApplication: Started TalexFrameApplication in 13.271 seconds (JVM running for 17.068) 
[2022/01/19-12:21:28] [ ERROR] [main] com.talex.frame.talexframe.listener.FrameMajorListener: 框架已启动! 
[2022/01/19-12:21:28] [ INFO ] [main] com.talex.frame.talexframe.listener.FrameMajorListener: 框架启动成功! 
[2022/01/19-16:26:13] [ INFO ] [SpringApplicationShutdownHook] org.springframework.orm.jpa.LocalContainerEntityManagerFactoryBean: Closing JPA EntityManagerFactory for persistence unit 'default' 
[2022/01/19-16:26:13] [ INFO ] [SpringApplicationShutdownHook] org.hibernate.tool.schema.internal.SchemaDropperImpl$DelayedDropActionImpl: HHH000477: Starting delayed evictData of schema as part of SessionFactory shut-down' 
[2022/01/19-20:42:52] [ INFO ] [background-preinit] org.hibernate.validator.internal.util.Version: HV000001: Hibernate Validator 6.2.0.Final 
[2022/01/19-20:42:52] [ INFO ] [main] com.talex.frame.talexframe.TalexFrameApplication: Starting TalexFrameApplication using Java 1.8.0_291 on LENOVO-NX-T with PID 20864 (G:\WorkSpace\Talexs\TalexFrame\target\classes started by Lenovo in G:\WorkSpace\Talexs\TalexFrame) 
[2022/01/19-20:42:52] [ INFO ] [main] com.talex.frame.talexframe.TalexFrameApplication: No active profile set, falling back to default profiles: default 
[2022/01/19-20:42:52] [ INFO ] [main] org.springframework.boot.devtools.env.DevToolsPropertyDefaultsPostProcessor: Devtools property defaults active! Set 'spring.devtools.add-properties' to 'false' to disable 
[2022/01/19-20:42:52] [ INFO ] [main] org.springframework.boot.devtools.env.DevToolsPropertyDefaultsPostProcessor: For additional web related logging consider setting the 'logging.level.web' property to 'DEBUG' 
[2022/01/19-20:42:54] [ INFO ] [main] org.springframework.data.repository.config.RepositoryConfigurationDelegate: Multiple Spring Data modules found, entering strict repository configuration mode! 
[2022/01/19-20:42:54] [ INFO ] [main] org.springframework.data.repository.config.RepositoryConfigurationDelegate: Bootstrapping Spring Data JPA repositories in DEFAULT mode. 
[2022/01/19-20:42:54] [ INFO ] [main] org.springframework.data.repository.config.RepositoryConfigurationDelegate: Finished Spring Data repository scanning in 299 ms. Found 1 JPA repository interfaces. 
[2022/01/19-20:42:54] [ INFO ] [main] org.springframework.data.repository.config.RepositoryConfigurationDelegate: Multiple Spring Data modules found, entering strict repository configuration mode! 
[2022/01/19-20:42:54] [ INFO ] [main] org.springframework.data.repository.config.RepositoryConfigurationDelegate: Bootstrapping Spring Data Redis repositories in DEFAULT mode. 
[2022/01/19-20:42:55] [ INFO ] [main] org.springframework.data.repository.config.RepositoryConfigurationExtensionSupport: Spring Data Redis - Could not safely identify store assignment for repository candidate interface com.talex.frame.talexframe.dao.BaseUserDataRepository. If you want this repository to be a Redis repository, consider annotating your entities with one of these annotations: org.springframework.data.redis.core.RedisHash (preferred), or consider extending one of the following types with your repository: org.springframework.data.keyvalue.repository.KeyValueRepository. 
[2022/01/19-20:42:55] [ INFO ] [main] org.springframework.data.repository.config.RepositoryConfigurationDelegate: Finished Spring Data repository scanning in 16 ms. Found 0 Redis repository interfaces. 
[2022/01/19-20:42:55] [ WARN ] [main] org.mybatis.spring.mapper.ClassPathMapperScanner: No MyBatis mapper was found in '[com.talex.frame.talexframe]' package. Please check your configuration. 
[2022/01/19-20:42:55] [ INFO ] [main] org.springframework.cloud.context.scope.GenericScope: BeanFactory id=651d78a5-2b87-3b22-9c3a-c3e51372e01d 
[2022/01/19-20:42:56] [ INFO ] [main] org.springframework.boot.web.embedded.tomcat.TomcatWebServer: Tomcat initialized with port(s): 9981 (http) 
[2022/01/19-20:42:56] [ INFO ] [main] org.apache.coyote.http11.Http11NioProtocol: Initializing ProtocolHandler ["http-nio-9981"] 
[2022/01/19-20:42:56] [ INFO ] [main] org.apache.catalina.core.StandardService: Starting service [Tomcat] 
[2022/01/19-20:42:56] [ INFO ] [main] org.apache.catalina.core.StandardEngine: Starting Servlet engine: [Apache Tomcat/9.0.56] 
[2022/01/19-20:42:56] [ WARN ] [main] org.apache.catalina.core.AprLifecycleListener: This listener must only be nested within Server elements, but is in [TomcatEmbeddedContext]. 
[2022/01/19-20:42:56] [ INFO ] [main] org.apache.catalina.core.AprLifecycleListener: An older version [1.2.14] of the Apache Tomcat Native library is installed, while Tomcat recommends a minimum version of [1.2.30] 
[2022/01/19-20:42:56] [ INFO ] [main] org.apache.catalina.core.AprLifecycleListener: Loaded Apache Tomcat Native library [1.2.14] using APR version [1.6.2]. 
[2022/01/19-20:42:56] [ INFO ] [main] org.apache.catalina.core.AprLifecycleListener: APR capabilities: IPv6 [true], sendfile [true], accept filters [false], random [true], UDS [false]. 
[2022/01/19-20:42:56] [ INFO ] [main] org.apache.catalina.core.AprLifecycleListener: APR/OpenSSL configuration: useAprConnector [false], useOpenSSL [true] 
[2022/01/19-20:42:58] [ INFO ] [main] org.apache.catalina.core.AprLifecycleListener: OpenSSL successfully initialized [OpenSSL 1.0.2l  25 May 2017] 
[2022/01/19-20:42:58] [ INFO ] [main] org.apache.catalina.core.ContainerBase.[Tomcat].[localhost].[/]: Initializing Spring embedded WebApplicationContext 
[2022/01/19-20:42:58] [ INFO ] [main] org.springframework.boot.web.servlet.context.ServletWebServerApplicationContext: Root WebApplicationContext: initialization completed in 5715 ms 
[2022/01/19-20:42:59] [ INFO ] [main] org.hibernate.jpa.internal.util.LogHelper: HHH000204: Processing PersistenceUnitInfo [name: default] 
[2022/01/19-20:42:59] [ INFO ] [main] org.hibernate.Version: HHH000412: Hibernate ORM core version 5.6.3.Final 
[2022/01/19-20:43:00] [ INFO ] [main] org.hibernate.annotations.common.Version: HCANN000001: Hibernate Commons Annotations {5.1.2.Final} 
[2022/01/19-20:43:00] [ INFO ] [main] org.hibernate.dialect.Dialect: HHH000400: Using dialect: org.hibernate.dialect.MySQL57Dialect 
[2022/01/19-20:43:02] [ INFO ] [main] org.hibernate.engine.transaction.jta.platform.internal.JtaPlatformInitiator: HHH000490: Using JtaPlatform implementation: [org.hibernate.engine.transaction.jta.platform.internal.NoJtaPlatform] 
[2022/01/19-20:43:02] [ INFO ] [main] org.springframework.orm.jpa.LocalContainerEntityManagerFactoryBean: Initialized JPA EntityManagerFactory for persistence unit 'default' 
[2022/01/19-20:43:04] [ WARN ] [main] org.springframework.boot.autoconfigure.orm.jpa.JpaBaseConfiguration$JpaWebConfiguration: spring.jpa.open-in-view is enabled by default. Therefore, database queries may be performed during view rendering. Explicitly configure spring.jpa.open-in-view to disable this warning 
[2022/01/19-20:43:05] [ INFO ] [main] org.springframework.boot.devtools.autoconfigure.OptionalLiveReloadServer: LiveReload server is running on port 35729 
[2022/01/19-20:43:07] [ INFO ] [main] org.springframework.cloud.commons.util.InetUtils: Cannot determine local hostname 
[2022/01/19-20:43:07] [ INFO ] [main] org.apache.coyote.http11.Http11NioProtocol: Starting ProtocolHandler ["http-nio-9981"] 
[2022/01/19-20:43:07] [ INFO ] [main] org.springframework.boot.web.embedded.tomcat.TomcatWebServer: Tomcat started on port(s): 9981 (http) with context path '' 
[2022/01/19-20:43:09] [ INFO ] [main] org.springframework.cloud.commons.util.InetUtils: Cannot determine local hostname 
[2022/01/19-20:43:09] [ ERROR] [main] com.talex.frame.talexframe.listener.FrameMajorListener: 框架准备完毕! 
[2022/01/19-20:43:09] [ INFO ] [main] com.talex.frame.talexframe.TalexFrameApplication: Started TalexFrameApplication in 20.326 seconds (JVM running for 25.15) 
[2022/01/19-20:43:09] [ ERROR] [main] com.talex.frame.talexframe.listener.FrameMajorListener: 框架已启动! 
[2022/01/19-20:43:09] [ INFO ] [main] com.talex.frame.talexframe.listener.FrameMajorListener: 框架启动成功! 
[2022/01/19-20:58:03] [ WARN ] [rebel-change-detector-thread] org.mybatis.spring.mapper.ClassPathMapperScanner: No MyBatis mapper was found in '[com.talex.frame.talexframe]' package. Please check your configuration. 
[2022/01/19-20:58:03] [ INFO ] [rebel-change-detector-thread] org.springframework.data.repository.config.RepositoryConfigurationDelegate: Bootstrapping Spring Data Redis repositories in DEFAULT mode. 
[2022/01/19-20:58:03] [ INFO ] [rebel-change-detector-thread] org.springframework.data.repository.config.RepositoryConfigurationExtensionSupport: Spring Data Redis - Could not safely identify store assignment for repository candidate interface com.talex.frame.talexframe.dao.BaseUserDataRepository. If you want this repository to be a Redis repository, consider annotating your entities with one of these annotations: org.springframework.data.redis.core.RedisHash (preferred), or consider extending one of the following types with your repository: org.springframework.data.keyvalue.repository.KeyValueRepository. 
[2022/01/19-20:58:03] [ INFO ] [rebel-change-detector-thread] org.springframework.data.repository.config.RepositoryConfigurationDelegate: Finished Spring Data repository scanning in 52 ms. Found 0 Redis repository interfaces. 
[2022/01/19-20:58:03] [ INFO ] [rebel-change-detector-thread] org.springframework.data.repository.config.RepositoryConfigurationDelegate: Bootstrapping Spring Data JPA repositories in DEFAULT mode. 
[2022/01/19-20:58:03] [ INFO ] [rebel-change-detector-thread] org.springframework.data.repository.config.RepositoryConfigurationDelegate: Finished Spring Data repository scanning in 39 ms. Found 1 JPA repository interfaces. 
[2022/01/19-21:00:50] [ WARN ] [rebel-change-detector-thread] org.mybatis.spring.mapper.ClassPathMapperScanner: No MyBatis mapper was found in '[com.talex.frame.talexframe]' package. Please check your configuration. 
[2022/01/19-21:00:50] [ INFO ] [rebel-change-detector-thread] org.springframework.data.repository.config.RepositoryConfigurationDelegate: Bootstrapping Spring Data Redis repositories in DEFAULT mode. 
[2022/01/19-21:00:50] [ INFO ] [rebel-change-detector-thread] org.springframework.data.repository.config.RepositoryConfigurationExtensionSupport: Spring Data Redis - Could not safely identify store assignment for repository candidate interface com.talex.frame.talexframe.dao.BaseUserDataRepository. If you want this repository to be a Redis repository, consider annotating your entities with one of these annotations: org.springframework.data.redis.core.RedisHash (preferred), or consider extending one of the following types with your repository: org.springframework.data.keyvalue.repository.KeyValueRepository. 
[2022/01/19-21:00:50] [ INFO ] [rebel-change-detector-thread] org.springframework.data.repository.config.RepositoryConfigurationDelegate: Finished Spring Data repository scanning in 13 ms. Found 0 Redis repository interfaces. 
[2022/01/19-21:00:50] [ INFO ] [rebel-change-detector-thread] org.springframework.data.repository.config.RepositoryConfigurationDelegate: Bootstrapping Spring Data JPA repositories in DEFAULT mode. 
[2022/01/19-21:00:50] [ INFO ] [rebel-change-detector-thread] org.springframework.data.repository.config.RepositoryConfigurationDelegate: Finished Spring Data repository scanning in 19 ms. Found 1 JPA repository interfaces. 
[2022/01/19-21:01:24] [ INFO ] [SpringApplicationShutdownHook] org.springframework.orm.jpa.LocalContainerEntityManagerFactoryBean: Closing JPA EntityManagerFactory for persistence unit 'default' 
[2022/01/19-21:01:24] [ INFO ] [SpringApplicationShutdownHook] org.hibernate.jpa.internal.util.LogHelper: HHH000204: Processing PersistenceUnitInfo [name: default] 
[2022/01/19-21:01:24] [ INFO ] [SpringApplicationShutdownHook] org.hibernate.dialect.Dialect: HHH000400: Using dialect: org.hibernate.dialect.MySQL57Dialect 
[2022/01/19-21:01:24] [ INFO ] [SpringApplicationShutdownHook] org.hibernate.engine.transaction.jta.platform.internal.JtaPlatformInitiator: HHH000490: Using JtaPlatform implementation: [org.hibernate.engine.transaction.jta.platform.internal.NoJtaPlatform] 
[2022/01/19-21:01:24] [ INFO ] [SpringApplicationShutdownHook] org.hibernate.tool.schema.internal.SchemaDropperImpl$DelayedDropActionImpl: HHH000477: Starting delayed evictData of schema as part of SessionFactory shut-down' 
[2022/01/19-21:01:36] [ INFO ] [background-preinit] org.hibernate.validator.internal.util.Version: HV000001: Hibernate Validator 6.2.0.Final 
[2022/01/19-21:01:36] [ INFO ] [main] com.talex.frame.talexframe.TalexFrameApplication: Starting TalexFrameApplication using Java 1.8.0_291 on LENOVO-NX-T with PID 2780 (G:\WorkSpace\Talexs\TalexFrame\target\classes started by Lenovo in G:\WorkSpace\Talexs\TalexFrame) 
[2022/01/19-21:01:36] [ INFO ] [main] com.talex.frame.talexframe.TalexFrameApplication: No active profile set, falling back to default profiles: default 
[2022/01/19-21:01:36] [ INFO ] [main] org.springframework.boot.devtools.env.DevToolsPropertyDefaultsPostProcessor: Devtools property defaults active! Set 'spring.devtools.add-properties' to 'false' to disable 
[2022/01/19-21:01:36] [ INFO ] [main] org.springframework.boot.devtools.env.DevToolsPropertyDefaultsPostProcessor: For additional web related logging consider setting the 'logging.level.web' property to 'DEBUG' 
[2022/01/19-21:01:38] [ INFO ] [main] org.springframework.data.repository.config.RepositoryConfigurationDelegate: Multiple Spring Data modules found, entering strict repository configuration mode! 
[2022/01/19-21:01:38] [ INFO ] [main] org.springframework.data.repository.config.RepositoryConfigurationDelegate: Bootstrapping Spring Data JPA repositories in DEFAULT mode. 
[2022/01/19-21:01:38] [ INFO ] [main] org.springframework.data.repository.config.RepositoryConfigurationDelegate: Finished Spring Data repository scanning in 259 ms. Found 1 JPA repository interfaces. 
[2022/01/19-21:01:38] [ INFO ] [main] org.springframework.data.repository.config.RepositoryConfigurationDelegate: Multiple Spring Data modules found, entering strict repository configuration mode! 
[2022/01/19-21:01:38] [ INFO ] [main] org.springframework.data.repository.config.RepositoryConfigurationDelegate: Bootstrapping Spring Data Redis repositories in DEFAULT mode. 
[2022/01/19-21:01:38] [ INFO ] [main] org.springframework.data.repository.config.RepositoryConfigurationExtensionSupport: Spring Data Redis - Could not safely identify store assignment for repository candidate interface com.talex.frame.talexframe.dao.BaseUserDataRepository. If you want this repository to be a Redis repository, consider annotating your entities with one of these annotations: org.springframework.data.redis.core.RedisHash (preferred), or consider extending one of the following types with your repository: org.springframework.data.keyvalue.repository.KeyValueRepository. 
[2022/01/19-21:01:38] [ INFO ] [main] org.springframework.data.repository.config.RepositoryConfigurationDelegate: Finished Spring Data repository scanning in 13 ms. Found 0 Redis repository interfaces. 
[2022/01/19-21:01:39] [ WARN ] [main] org.mybatis.spring.mapper.ClassPathMapperScanner: No MyBatis mapper was found in '[com.talex.frame.talexframe]' package. Please check your configuration. 
[2022/01/19-21:01:39] [ INFO ] [main] org.springframework.cloud.context.scope.GenericScope: BeanFactory id=651d78a5-2b87-3b22-9c3a-c3e51372e01d 
[2022/01/19-21:01:40] [ INFO ] [main] org.springframework.boot.web.embedded.tomcat.TomcatWebServer: Tomcat initialized with port(s): 9981 (http) 
[2022/01/19-21:01:40] [ INFO ] [main] org.apache.coyote.http11.Http11NioProtocol: Initializing ProtocolHandler ["http-nio-9981"] 
[2022/01/19-21:01:40] [ INFO ] [main] org.apache.catalina.core.StandardService: Starting service [Tomcat] 
[2022/01/19-21:01:40] [ INFO ] [main] org.apache.catalina.core.StandardEngine: Starting Servlet engine: [Apache Tomcat/9.0.56] 
[2022/01/19-21:01:40] [ WARN ] [main] org.apache.catalina.core.AprLifecycleListener: This listener must only be nested within Server elements, but is in [TomcatEmbeddedContext]. 
[2022/01/19-21:01:40] [ INFO ] [main] org.apache.catalina.core.AprLifecycleListener: An older version [1.2.14] of the Apache Tomcat Native library is installed, while Tomcat recommends a minimum version of [1.2.30] 
[2022/01/19-21:01:40] [ INFO ] [main] org.apache.catalina.core.AprLifecycleListener: Loaded Apache Tomcat Native library [1.2.14] using APR version [1.6.2]. 
[2022/01/19-21:01:40] [ INFO ] [main] org.apache.catalina.core.AprLifecycleListener: APR capabilities: IPv6 [true], sendfile [true], accept filters [false], random [true], UDS [false]. 
[2022/01/19-21:01:40] [ INFO ] [main] org.apache.catalina.core.AprLifecycleListener: APR/OpenSSL configuration: useAprConnector [false], useOpenSSL [true] 
[2022/01/19-21:01:41] [ INFO ] [main] org.apache.catalina.core.AprLifecycleListener: OpenSSL successfully initialized [OpenSSL 1.0.2l  25 May 2017] 
[2022/01/19-21:01:41] [ INFO ] [main] org.apache.catalina.core.ContainerBase.[Tomcat].[localhost].[/]: Initializing Spring embedded WebApplicationContext 
[2022/01/19-21:01:41] [ INFO ] [main] org.springframework.boot.web.servlet.context.ServletWebServerApplicationContext: Root WebApplicationContext: initialization completed in 4449 ms 
[2022/01/19-21:01:41] [ INFO ] [main] org.hibernate.jpa.internal.util.LogHelper: HHH000204: Processing PersistenceUnitInfo [name: default] 
[2022/01/19-21:01:42] [ INFO ] [main] org.hibernate.Version: HHH000412: Hibernate ORM core version 5.6.3.Final 
[2022/01/19-21:01:42] [ INFO ] [main] org.hibernate.annotations.common.Version: HCANN000001: Hibernate Commons Annotations {5.1.2.Final} 
[2022/01/19-21:01:42] [ INFO ] [main] org.hibernate.dialect.Dialect: HHH000400: Using dialect: org.hibernate.dialect.MySQL57Dialect 
[2022/01/19-21:01:43] [ INFO ] [main] org.hibernate.engine.transaction.jta.platform.internal.JtaPlatformInitiator: HHH000490: Using JtaPlatform implementation: [org.hibernate.engine.transaction.jta.platform.internal.NoJtaPlatform] 
[2022/01/19-21:01:44] [ INFO ] [main] org.springframework.orm.jpa.LocalContainerEntityManagerFactoryBean: Initialized JPA EntityManagerFactory for persistence unit 'default' 
[2022/01/19-21:01:44] [ WARN ] [main] org.springframework.boot.autoconfigure.orm.jpa.JpaBaseConfiguration$JpaWebConfiguration: spring.jpa.open-in-view is enabled by default. Therefore, database queries may be performed during view rendering. Explicitly configure spring.jpa.open-in-view to disable this warning 
[2022/01/19-21:01:45] [ INFO ] [main] org.springframework.boot.devtools.autoconfigure.OptionalLiveReloadServer: LiveReload server is running on port 35729 
[2022/01/19-21:01:47] [ INFO ] [main] org.springframework.cloud.commons.util.InetUtils: Cannot determine local hostname 
[2022/01/19-21:01:47] [ INFO ] [main] org.apache.coyote.http11.Http11NioProtocol: Starting ProtocolHandler ["http-nio-9981"] 
[2022/01/19-21:01:47] [ INFO ] [main] org.springframework.boot.web.embedded.tomcat.TomcatWebServer: Tomcat started on port(s): 9981 (http) with context path '' 
[2022/01/19-21:01:48] [ INFO ] [main] org.springframework.cloud.commons.util.InetUtils: Cannot determine local hostname 
[2022/01/19-21:01:49] [ INFO ] [main] org.apache.coyote.http11.Http11NioProtocol: Pausing ProtocolHandler ["http-nio-9981"] 
[2022/01/19-21:01:49] [ INFO ] [main] org.apache.catalina.core.StandardService: Stopping service [Tomcat] 
[2022/01/19-21:01:49] [ INFO ] [main] org.apache.coyote.http11.Http11NioProtocol: Stopping ProtocolHandler ["http-nio-9981"] 
[2022/01/19-21:01:49] [ INFO ] [main] org.apache.coyote.http11.Http11NioProtocol: Destroying ProtocolHandler ["http-nio-9981"] 
[2022/01/19-21:01:49] [ INFO ] [main] org.springframework.boot.autoconfigure.logging.ConditionEvaluationReportLoggingListener: 

Error starting ApplicationContext. To display the conditions report re-run your application with 'debug' enabled. 
[2022/01/19-21:01:49] [ ERROR] [main] org.springframework.boot.SpringApplication: Application run failed 
java.lang.reflect.UndeclaredThrowableException: Failed to invoke event listener method
HandlerMethod details: 
Bean [com.talex.frame.talexframe.listener.FrameMajorListener]
Method [public void com.talex.frame.talexframe.listener.FrameMajorListener.onStart(org.springframework.boot.context.event.ApplicationPreparedEvent)]
Resolved arguments: 
[0] [type=org.springframework.boot.context.event.ApplicationPreparedEvent] [value=org.springframework.boot.context.event.ApplicationPreparedEvent[source=org.springframework.boot.SpringApplication@61aaec51]]

	at org.springframework.context.event.ApplicationListenerMethodAdapter.doInvoke(ApplicationListenerMethodAdapter.java:361)
	at org.springframework.context.event.ApplicationListenerMethodAdapter.processEvent(ApplicationListenerMethodAdapter.java:229)
	at org.springframework.context.event.ApplicationListenerMethodAdapter.onApplicationEvent(ApplicationListenerMethodAdapter.java:166)
	at org.springframework.context.event.SimpleApplicationEventMulticaster.doInvokeListener(SimpleApplicationEventMulticaster.java:176)
	at org.springframework.context.event.SimpleApplicationEventMulticaster.invokeListener(SimpleApplicationEventMulticaster.java:169)
	at org.springframework.context.event.SimpleApplicationEventMulticaster.multicastEvent(SimpleApplicationEventMulticaster.java:143)
	at org.springframework.context.support.AbstractApplicationContext.publishEvent(AbstractApplicationContext.java:421)
	at org.springframework.context.support.AbstractApplicationContext.publishEvent(AbstractApplicationContext.java:378)
	at org.springframework.cloud.context.restart.RestartListener.onApplicationEvent(RestartListener.java:67)
	at org.springframework.context.event.SimpleApplicationEventMulticaster.doInvokeListener(SimpleApplicationEventMulticaster.java:176)
	at org.springframework.context.event.SimpleApplicationEventMulticaster.invokeListener(SimpleApplicationEventMulticaster.java:169)
	at org.springframework.context.event.SimpleApplicationEventMulticaster.multicastEvent(SimpleApplicationEventMulticaster.java:143)
	at org.springframework.context.support.AbstractApplicationContext.publishEvent(AbstractApplicationContext.java:421)
	at org.springframework.context.support.AbstractApplicationContext.publishEvent(AbstractApplicationContext.java:378)
	at org.springframework.context.support.AbstractApplicationContext.finishRefresh(AbstractApplicationContext.java:938)
	at org.springframework.context.support.AbstractApplicationContext.__refresh(AbstractApplicationContext.java:586)
	at org.springframework.context.support.AbstractApplicationContext.jrLockAndRefresh(AbstractApplicationContext.java:40002)
	at org.springframework.context.support.AbstractApplicationContext.refresh(AbstractApplicationContext.java:41008)
	at org.springframework.boot.web.servlet.context.ServletWebServerApplicationContext.refresh(ServletWebServerApplicationContext.java:145)
	at org.springframework.boot.SpringApplication.refresh(SpringApplication.java:730)
	at org.springframework.boot.SpringApplication.refreshContext(SpringApplication.java:412)
	at org.springframework.boot.SpringApplication.run(SpringApplication.java:302)
	at org.springframework.boot.SpringApplication.run(SpringApplication.java:1301)
	at org.springframework.boot.SpringApplication.run(SpringApplication.java:1290)
	at com.talex.frame.talexframe.TalexFrameApplication.main(TalexFrameApplication.java:16)
Caused by: java.lang.ExceptionInInitializerError: null
	at com.talex.frame.talexframe.listener.FrameMajorListener.onStart(FrameMajorListener.java:36)
	at sun.reflect.NativeMethodAccessorImpl.invoke0(Native Method)
	at sun.reflect.NativeMethodAccessorImpl.invoke(NativeMethodAccessorImpl.java:62)
	at sun.reflect.DelegatingMethodAccessorImpl.invoke(DelegatingMethodAccessorImpl.java:43)
	at java.lang.reflect.Method.invoke(Method.java:498)
	at org.springframework.context.event.ApplicationListenerMethodAdapter.doInvoke(ApplicationListenerMethodAdapter.java:344)
	... 24 common frames omitted
Caused by: java.lang.NullPointerException: null
	at java.util.Objects.requireNonNull(Objects.java:203)
	at com.talex.frame.talexframe.function.plugins.core.PluginManager.<init>(PluginManager.java:50)
	at com.talex.frame.talexframe.function.talex.TFrame.<init>(TFrame.java:68)
	at com.talex.frame.talexframe.function.talex.TFrame.<clinit>(TFrame.java:24)
	... 30 common frames omitted
[2022/01/19-21:01:49] [ INFO ] [main] org.springframework.orm.jpa.LocalContainerEntityManagerFactoryBean: Closing JPA EntityManagerFactory for persistence unit 'default' 
[2022/01/19-21:01:49] [ INFO ] [main] org.hibernate.tool.schema.internal.SchemaDropperImpl$DelayedDropActionImpl: HHH000477: Starting delayed evictData of schema as part of SessionFactory shut-down' 
[2022/01/19-21:03:57] [ INFO ] [background-preinit] org.hibernate.validator.internal.util.Version: HV000001: Hibernate Validator 6.2.0.Final 
[2022/01/19-21:03:57] [ INFO ] [main] com.talex.frame.talexframe.TalexFrameApplication: Starting TalexFrameApplication using Java 1.8.0_291 on LENOVO-NX-T with PID 21788 (G:\WorkSpace\Talexs\TalexFrame\target\classes started by Lenovo in G:\WorkSpace\Talexs\TalexFrame) 
[2022/01/19-21:03:57] [ INFO ] [main] com.talex.frame.talexframe.TalexFrameApplication: No active profile set, falling back to default profiles: default 
[2022/01/19-21:03:57] [ INFO ] [main] org.springframework.boot.devtools.env.DevToolsPropertyDefaultsPostProcessor: Devtools property defaults active! Set 'spring.devtools.add-properties' to 'false' to disable 
[2022/01/19-21:03:57] [ INFO ] [main] org.springframework.boot.devtools.env.DevToolsPropertyDefaultsPostProcessor: For additional web related logging consider setting the 'logging.level.web' property to 'DEBUG' 
[2022/01/19-21:03:59] [ INFO ] [main] org.springframework.data.repository.config.RepositoryConfigurationDelegate: Multiple Spring Data modules found, entering strict repository configuration mode! 
[2022/01/19-21:03:59] [ INFO ] [main] org.springframework.data.repository.config.RepositoryConfigurationDelegate: Bootstrapping Spring Data JPA repositories in DEFAULT mode. 
[2022/01/19-21:03:59] [ INFO ] [main] org.springframework.data.repository.config.RepositoryConfigurationDelegate: Finished Spring Data repository scanning in 89 ms. Found 1 JPA repository interfaces. 
[2022/01/19-21:03:59] [ INFO ] [main] org.springframework.data.repository.config.RepositoryConfigurationDelegate: Multiple Spring Data modules found, entering strict repository configuration mode! 
[2022/01/19-21:03:59] [ INFO ] [main] org.springframework.data.repository.config.RepositoryConfigurationDelegate: Bootstrapping Spring Data Redis repositories in DEFAULT mode. 
[2022/01/19-21:03:59] [ INFO ] [main] org.springframework.data.repository.config.RepositoryConfigurationExtensionSupport: Spring Data Redis - Could not safely identify store assignment for repository candidate interface com.talex.frame.talexframe.dao.BaseUserDataRepository. If you want this repository to be a Redis repository, consider annotating your entities with one of these annotations: org.springframework.data.redis.core.RedisHash (preferred), or consider extending one of the following types with your repository: org.springframework.data.keyvalue.repository.KeyValueRepository. 
[2022/01/19-21:03:59] [ INFO ] [main] org.springframework.data.repository.config.RepositoryConfigurationDelegate: Finished Spring Data repository scanning in 12 ms. Found 0 Redis repository interfaces. 
[2022/01/19-21:03:59] [ WARN ] [main] org.mybatis.spring.mapper.ClassPathMapperScanner: No MyBatis mapper was found in '[com.talex.frame.talexframe]' package. Please check your configuration. 
[2022/01/19-21:03:59] [ INFO ] [main] org.springframework.cloud.context.scope.GenericScope: BeanFactory id=651d78a5-2b87-3b22-9c3a-c3e51372e01d 
[2022/01/19-21:04:00] [ INFO ] [main] org.springframework.boot.web.embedded.tomcat.TomcatWebServer: Tomcat initialized with port(s): 9981 (http) 
[2022/01/19-21:04:00] [ INFO ] [main] org.apache.coyote.http11.Http11NioProtocol: Initializing ProtocolHandler ["http-nio-9981"] 
[2022/01/19-21:04:00] [ INFO ] [main] org.apache.catalina.core.StandardService: Starting service [Tomcat] 
[2022/01/19-21:04:00] [ INFO ] [main] org.apache.catalina.core.StandardEngine: Starting Servlet engine: [Apache Tomcat/9.0.56] 
[2022/01/19-21:04:00] [ WARN ] [main] org.apache.catalina.core.AprLifecycleListener: This listener must only be nested within Server elements, but is in [TomcatEmbeddedContext]. 
[2022/01/19-21:04:00] [ INFO ] [main] org.apache.catalina.core.AprLifecycleListener: An older version [1.2.14] of the Apache Tomcat Native library is installed, while Tomcat recommends a minimum version of [1.2.30] 
[2022/01/19-21:04:00] [ INFO ] [main] org.apache.catalina.core.AprLifecycleListener: Loaded Apache Tomcat Native library [1.2.14] using APR version [1.6.2]. 
[2022/01/19-21:04:00] [ INFO ] [main] org.apache.catalina.core.AprLifecycleListener: APR capabilities: IPv6 [true], sendfile [true], accept filters [false], random [true], UDS [false]. 
[2022/01/19-21:04:00] [ INFO ] [main] org.apache.catalina.core.AprLifecycleListener: APR/OpenSSL configuration: useAprConnector [false], useOpenSSL [true] 
[2022/01/19-21:04:01] [ INFO ] [main] org.apache.catalina.core.AprLifecycleListener: OpenSSL successfully initialized [OpenSSL 1.0.2l  25 May 2017] 
[2022/01/19-21:04:01] [ INFO ] [main] org.apache.catalina.core.ContainerBase.[Tomcat].[localhost].[/]: Initializing Spring embedded WebApplicationContext 
[2022/01/19-21:04:01] [ INFO ] [main] org.springframework.boot.web.servlet.context.ServletWebServerApplicationContext: Root WebApplicationContext: initialization completed in 4167 ms 
[2022/01/19-21:04:02] [ INFO ] [main] org.hibernate.jpa.internal.util.LogHelper: HHH000204: Processing PersistenceUnitInfo [name: default] 
[2022/01/19-21:04:02] [ INFO ] [main] org.hibernate.Version: HHH000412: Hibernate ORM core version 5.6.3.Final 
[2022/01/19-21:04:02] [ INFO ] [main] org.hibernate.annotations.common.Version: HCANN000001: Hibernate Commons Annotations {5.1.2.Final} 
[2022/01/19-21:04:02] [ INFO ] [main] org.hibernate.dialect.Dialect: HHH000400: Using dialect: org.hibernate.dialect.MySQL57Dialect 
[2022/01/19-21:04:03] [ INFO ] [main] org.hibernate.engine.transaction.jta.platform.internal.JtaPlatformInitiator: HHH000490: Using JtaPlatform implementation: [org.hibernate.engine.transaction.jta.platform.internal.NoJtaPlatform] 
[2022/01/19-21:04:03] [ INFO ] [main] org.springframework.orm.jpa.LocalContainerEntityManagerFactoryBean: Initialized JPA EntityManagerFactory for persistence unit 'default' 
[2022/01/19-21:04:04] [ WARN ] [main] org.springframework.boot.autoconfigure.orm.jpa.JpaBaseConfiguration$JpaWebConfiguration: spring.jpa.open-in-view is enabled by default. Therefore, database queries may be performed during view rendering. Explicitly configure spring.jpa.open-in-view to disable this warning 
[2022/01/19-21:04:05] [ INFO ] [main] org.springframework.boot.devtools.autoconfigure.OptionalLiveReloadServer: LiveReload server is running on port 35729 
[2022/01/19-21:04:07] [ INFO ] [main] org.springframework.cloud.commons.util.InetUtils: Cannot determine local hostname 
[2022/01/19-21:04:07] [ INFO ] [main] org.apache.coyote.http11.Http11NioProtocol: Starting ProtocolHandler ["http-nio-9981"] 
[2022/01/19-21:04:07] [ INFO ] [main] org.springframework.boot.web.embedded.tomcat.TomcatWebServer: Tomcat started on port(s): 9981 (http) with context path '' 
[2022/01/19-21:04:08] [ INFO ] [main] org.springframework.cloud.commons.util.InetUtils: Cannot determine local hostname 
[2022/01/19-21:04:08] [ INFO ] [main] com.talex.frame.talexframe.TalexFrameApplication: Started TalexFrameApplication in 14.398 seconds (JVM running for 18.765) 
[2022/01/19-21:04:09] [ ERROR] [main] org.springframework.boot.SpringApplication: Application run failed 
java.lang.NullPointerException: null
	at java.util.Objects.requireNonNull(Objects.java:203)
	at com.talex.frame.talexframe.function.plugins.core.PluginManager.loadAllPluginsInFolder(PluginManager.java:54)
	at com.talex.frame.talexframe.function.talex.TFrame.started(TFrame.java:57)
	at com.talex.frame.talexframe.listener.FrameMajorListener.onStart(FrameMajorListener.java:66)
	at sun.reflect.NativeMethodAccessorImpl.invoke0(Native Method)
	at sun.reflect.NativeMethodAccessorImpl.invoke(NativeMethodAccessorImpl.java:62)
	at sun.reflect.DelegatingMethodAccessorImpl.invoke(DelegatingMethodAccessorImpl.java:43)
	at java.lang.reflect.Method.invoke(Method.java:498)
	at org.springframework.context.event.ApplicationListenerMethodAdapter.doInvoke(ApplicationListenerMethodAdapter.java:344)
	at org.springframework.context.event.ApplicationListenerMethodAdapter.processEvent(ApplicationListenerMethodAdapter.java:229)
	at org.springframework.context.event.ApplicationListenerMethodAdapter.onApplicationEvent(ApplicationListenerMethodAdapter.java:166)
	at org.springframework.context.event.SimpleApplicationEventMulticaster.doInvokeListener(SimpleApplicationEventMulticaster.java:176)
	at org.springframework.context.event.SimpleApplicationEventMulticaster.invokeListener(SimpleApplicationEventMulticaster.java:169)
	at org.springframework.context.event.SimpleApplicationEventMulticaster.multicastEvent(SimpleApplicationEventMulticaster.java:143)
	at org.springframework.context.support.AbstractApplicationContext.publishEvent(AbstractApplicationContext.java:421)
	at org.springframework.context.support.AbstractApplicationContext.publishEvent(AbstractApplicationContext.java:378)
	at org.springframework.boot.context.event.EventPublishingRunListener.ready(EventPublishingRunListener.java:114)
	at org.springframework.boot.SpringApplicationRunListeners.lambda$ready$6(SpringApplicationRunListeners.java:82)
	at java.util.ArrayList.forEach(ArrayList.java:1259)
	at org.springframework.boot.SpringApplicationRunListeners.doWithListeners(SpringApplicationRunListeners.java:120)
	at org.springframework.boot.SpringApplicationRunListeners.doWithListeners(SpringApplicationRunListeners.java:114)
	at org.springframework.boot.SpringApplicationRunListeners.ready(SpringApplicationRunListeners.java:82)
	at org.springframework.boot.SpringApplication.run(SpringApplication.java:317)
	at org.springframework.boot.SpringApplication.run(SpringApplication.java:1301)
	at org.springframework.boot.SpringApplication.run(SpringApplication.java:1290)
	at com.talex.frame.talexframe.TalexFrameApplication.main(TalexFrameApplication.java:19)
[2022/01/19-21:04:09] [ INFO ] [main] org.springframework.orm.jpa.LocalContainerEntityManagerFactoryBean: Closing JPA EntityManagerFactory for persistence unit 'default' 
[2022/01/19-21:04:09] [ INFO ] [main] org.hibernate.tool.schema.internal.SchemaDropperImpl$DelayedDropActionImpl: HHH000477: Starting delayed evictData of schema as part of SessionFactory shut-down' 
[2022/01/19-21:04:34] [ INFO ] [background-preinit] org.hibernate.validator.internal.util.Version: HV000001: Hibernate Validator 6.2.0.Final 
[2022/01/19-21:04:34] [ INFO ] [main] com.talex.frame.talexframe.TalexFrameApplication: Starting TalexFrameApplication using Java 1.8.0_291 on LENOVO-NX-T with PID 3240 (G:\WorkSpace\Talexs\TalexFrame\target\classes started by Lenovo in G:\WorkSpace\Talexs\TalexFrame) 
[2022/01/19-21:04:34] [ INFO ] [main] com.talex.frame.talexframe.TalexFrameApplication: No active profile set, falling back to default profiles: default 
[2022/01/19-21:04:34] [ INFO ] [main] org.springframework.boot.devtools.env.DevToolsPropertyDefaultsPostProcessor: Devtools property defaults active! Set 'spring.devtools.add-properties' to 'false' to disable 
[2022/01/19-21:04:34] [ INFO ] [main] org.springframework.boot.devtools.env.DevToolsPropertyDefaultsPostProcessor: For additional web related logging consider setting the 'logging.level.web' property to 'DEBUG' 
[2022/01/19-21:04:36] [ INFO ] [main] org.springframework.data.repository.config.RepositoryConfigurationDelegate: Multiple Spring Data modules found, entering strict repository configuration mode! 
[2022/01/19-21:04:36] [ INFO ] [main] org.springframework.data.repository.config.RepositoryConfigurationDelegate: Bootstrapping Spring Data JPA repositories in DEFAULT mode. 
[2022/01/19-21:04:36] [ INFO ] [main] org.springframework.data.repository.config.RepositoryConfigurationDelegate: Finished Spring Data repository scanning in 117 ms. Found 1 JPA repository interfaces. 
[2022/01/19-21:04:36] [ INFO ] [main] org.springframework.data.repository.config.RepositoryConfigurationDelegate: Multiple Spring Data modules found, entering strict repository configuration mode! 
[2022/01/19-21:04:36] [ INFO ] [main] org.springframework.data.repository.config.RepositoryConfigurationDelegate: Bootstrapping Spring Data Redis repositories in DEFAULT mode. 
[2022/01/19-21:04:36] [ INFO ] [main] org.springframework.data.repository.config.RepositoryConfigurationExtensionSupport: Spring Data Redis - Could not safely identify store assignment for repository candidate interface com.talex.frame.talexframe.dao.BaseUserDataRepository. If you want this repository to be a Redis repository, consider annotating your entities with one of these annotations: org.springframework.data.redis.core.RedisHash (preferred), or consider extending one of the following types with your repository: org.springframework.data.keyvalue.repository.KeyValueRepository. 
[2022/01/19-21:04:36] [ INFO ] [main] org.springframework.data.repository.config.RepositoryConfigurationDelegate: Finished Spring Data repository scanning in 13 ms. Found 0 Redis repository interfaces. 
[2022/01/19-21:04:36] [ WARN ] [main] org.mybatis.spring.mapper.ClassPathMapperScanner: No MyBatis mapper was found in '[com.talex.frame.talexframe]' package. Please check your configuration. 
[2022/01/19-21:04:36] [ INFO ] [main] org.springframework.cloud.context.scope.GenericScope: BeanFactory id=651d78a5-2b87-3b22-9c3a-c3e51372e01d 
[2022/01/19-21:04:37] [ INFO ] [main] org.springframework.boot.web.embedded.tomcat.TomcatWebServer: Tomcat initialized with port(s): 9981 (http) 
[2022/01/19-21:04:37] [ INFO ] [main] org.apache.coyote.http11.Http11NioProtocol: Initializing ProtocolHandler ["http-nio-9981"] 
[2022/01/19-21:04:37] [ INFO ] [main] org.apache.catalina.core.StandardService: Starting service [Tomcat] 
[2022/01/19-21:04:37] [ INFO ] [main] org.apache.catalina.core.StandardEngine: Starting Servlet engine: [Apache Tomcat/9.0.56] 
[2022/01/19-21:04:37] [ WARN ] [main] org.apache.catalina.core.AprLifecycleListener: This listener must only be nested within Server elements, but is in [TomcatEmbeddedContext]. 
[2022/01/19-21:04:37] [ INFO ] [main] org.apache.catalina.core.AprLifecycleListener: An older version [1.2.14] of the Apache Tomcat Native library is installed, while Tomcat recommends a minimum version of [1.2.30] 
[2022/01/19-21:04:37] [ INFO ] [main] org.apache.catalina.core.AprLifecycleListener: Loaded Apache Tomcat Native library [1.2.14] using APR version [1.6.2]. 
[2022/01/19-21:04:37] [ INFO ] [main] org.apache.catalina.core.AprLifecycleListener: APR capabilities: IPv6 [true], sendfile [true], accept filters [false], random [true], UDS [false]. 
[2022/01/19-21:04:37] [ INFO ] [main] org.apache.catalina.core.AprLifecycleListener: APR/OpenSSL configuration: useAprConnector [false], useOpenSSL [true] 
[2022/01/19-21:04:38] [ INFO ] [main] org.apache.catalina.core.AprLifecycleListener: OpenSSL successfully initialized [OpenSSL 1.0.2l  25 May 2017] 
[2022/01/19-21:04:38] [ INFO ] [main] org.apache.catalina.core.ContainerBase.[Tomcat].[localhost].[/]: Initializing Spring embedded WebApplicationContext 
[2022/01/19-21:04:38] [ INFO ] [main] org.springframework.boot.web.servlet.context.ServletWebServerApplicationContext: Root WebApplicationContext: initialization completed in 4341 ms 
[2022/01/19-21:04:39] [ INFO ] [main] org.hibernate.jpa.internal.util.LogHelper: HHH000204: Processing PersistenceUnitInfo [name: default] 
[2022/01/19-21:04:39] [ INFO ] [main] org.hibernate.Version: HHH000412: Hibernate ORM core version 5.6.3.Final 
[2022/01/19-21:04:39] [ INFO ] [main] org.hibernate.annotations.common.Version: HCANN000001: Hibernate Commons Annotations {5.1.2.Final} 
[2022/01/19-21:04:39] [ INFO ] [main] org.hibernate.dialect.Dialect: HHH000400: Using dialect: org.hibernate.dialect.MySQL57Dialect 
[2022/01/19-21:04:41] [ INFO ] [main] org.hibernate.engine.transaction.jta.platform.internal.JtaPlatformInitiator: HHH000490: Using JtaPlatform implementation: [org.hibernate.engine.transaction.jta.platform.internal.NoJtaPlatform] 
[2022/01/19-21:04:41] [ INFO ] [main] org.springframework.orm.jpa.LocalContainerEntityManagerFactoryBean: Initialized JPA EntityManagerFactory for persistence unit 'default' 
[2022/01/19-21:04:42] [ WARN ] [main] org.springframework.boot.autoconfigure.orm.jpa.JpaBaseConfiguration$JpaWebConfiguration: spring.jpa.open-in-view is enabled by default. Therefore, database queries may be performed during view rendering. Explicitly configure spring.jpa.open-in-view to disable this warning 
[2022/01/19-21:04:43] [ INFO ] [main] org.springframework.boot.devtools.autoconfigure.OptionalLiveReloadServer: LiveReload server is running on port 35729 
[2022/01/19-21:04:44] [ INFO ] [main] org.springframework.cloud.commons.util.InetUtils: Cannot determine local hostname 
[2022/01/19-21:04:44] [ INFO ] [main] org.apache.coyote.http11.Http11NioProtocol: Starting ProtocolHandler ["http-nio-9981"] 
[2022/01/19-21:04:44] [ INFO ] [main] org.springframework.boot.web.embedded.tomcat.TomcatWebServer: Tomcat started on port(s): 9981 (http) with context path '' 
[2022/01/19-21:04:46] [ INFO ] [main] org.springframework.cloud.commons.util.InetUtils: Cannot determine local hostname 
[2022/01/19-21:04:46] [ INFO ] [main] com.talex.frame.talexframe.TalexFrameApplication: Started TalexFrameApplication in 14.742 seconds (JVM running for 19.022) 
[2022/01/19-21:04:46] [ ERROR] [main] org.springframework.boot.SpringApplication: Application run failed 
java.lang.NullPointerException: null
	at java.util.Objects.requireNonNull(Objects.java:203)
	at com.talex.frame.talexframe.function.plugins.core.PluginManager.loadAllPluginsInFolder(PluginManager.java:54)
	at com.talex.frame.talexframe.function.talex.TFrame.started(TFrame.java:57)
	at com.talex.frame.talexframe.listener.FrameMajorListener.onStart(FrameMajorListener.java:66)
	at sun.reflect.NativeMethodAccessorImpl.invoke0(Native Method)
	at sun.reflect.NativeMethodAccessorImpl.invoke(NativeMethodAccessorImpl.java:62)
	at sun.reflect.DelegatingMethodAccessorImpl.invoke(DelegatingMethodAccessorImpl.java:43)
	at java.lang.reflect.Method.invoke(Method.java:498)
	at org.springframework.context.event.ApplicationListenerMethodAdapter.doInvoke(ApplicationListenerMethodAdapter.java:344)
	at org.springframework.context.event.ApplicationListenerMethodAdapter.processEvent(ApplicationListenerMethodAdapter.java:229)
	at org.springframework.context.event.ApplicationListenerMethodAdapter.onApplicationEvent(ApplicationListenerMethodAdapter.java:166)
	at org.springframework.context.event.SimpleApplicationEventMulticaster.doInvokeListener(SimpleApplicationEventMulticaster.java:176)
	at org.springframework.context.event.SimpleApplicationEventMulticaster.invokeListener(SimpleApplicationEventMulticaster.java:169)
	at org.springframework.context.event.SimpleApplicationEventMulticaster.multicastEvent(SimpleApplicationEventMulticaster.java:143)
	at org.springframework.context.support.AbstractApplicationContext.publishEvent(AbstractApplicationContext.java:421)
	at org.springframework.context.support.AbstractApplicationContext.publishEvent(AbstractApplicationContext.java:378)
	at org.springframework.boot.context.event.EventPublishingRunListener.ready(EventPublishingRunListener.java:114)
	at org.springframework.boot.SpringApplicationRunListeners.lambda$ready$6(SpringApplicationRunListeners.java:82)
	at java.util.ArrayList.forEach(ArrayList.java:1259)
	at org.springframework.boot.SpringApplicationRunListeners.doWithListeners(SpringApplicationRunListeners.java:120)
	at org.springframework.boot.SpringApplicationRunListeners.doWithListeners(SpringApplicationRunListeners.java:114)
	at org.springframework.boot.SpringApplicationRunListeners.ready(SpringApplicationRunListeners.java:82)
	at org.springframework.boot.SpringApplication.run(SpringApplication.java:317)
	at org.springframework.boot.SpringApplication.run(SpringApplication.java:1301)
	at org.springframework.boot.SpringApplication.run(SpringApplication.java:1290)
	at com.talex.frame.talexframe.TalexFrameApplication.main(TalexFrameApplication.java:19)
[2022/01/19-21:04:46] [ INFO ] [main] org.springframework.orm.jpa.LocalContainerEntityManagerFactoryBean: Closing JPA EntityManagerFactory for persistence unit 'default' 
[2022/01/19-21:04:46] [ INFO ] [main] org.hibernate.tool.schema.internal.SchemaDropperImpl$DelayedDropActionImpl: HHH000477: Starting delayed evictData of schema as part of SessionFactory shut-down' 
[2022/01/19-21:06:43] [ INFO ] [background-preinit] org.hibernate.validator.internal.util.Version: HV000001: Hibernate Validator 6.2.0.Final 
[2022/01/19-21:06:44] [ INFO ] [main] com.talex.frame.talexframe.TalexFrameApplication: Starting TalexFrameApplication using Java 1.8.0_291 on LENOVO-NX-T with PID 22800 (G:\WorkSpace\Talexs\TalexFrame\target\classes started by Lenovo in G:\WorkSpace\Talexs\TalexFrame) 
[2022/01/19-21:06:44] [ INFO ] [main] com.talex.frame.talexframe.TalexFrameApplication: No active profile set, falling back to default profiles: default 
[2022/01/19-21:06:44] [ INFO ] [main] org.springframework.boot.devtools.env.DevToolsPropertyDefaultsPostProcessor: Devtools property defaults active! Set 'spring.devtools.add-properties' to 'false' to disable 
[2022/01/19-21:06:44] [ INFO ] [main] org.springframework.boot.devtools.env.DevToolsPropertyDefaultsPostProcessor: For additional web related logging consider setting the 'logging.level.web' property to 'DEBUG' 
[2022/01/19-21:06:45] [ INFO ] [main] org.springframework.data.repository.config.RepositoryConfigurationDelegate: Multiple Spring Data modules found, entering strict repository configuration mode! 
[2022/01/19-21:06:45] [ INFO ] [main] org.springframework.data.repository.config.RepositoryConfigurationDelegate: Bootstrapping Spring Data JPA repositories in DEFAULT mode. 
[2022/01/19-21:06:45] [ INFO ] [main] org.springframework.data.repository.config.RepositoryConfigurationDelegate: Finished Spring Data repository scanning in 94 ms. Found 1 JPA repository interfaces. 
[2022/01/19-21:06:45] [ INFO ] [main] org.springframework.data.repository.config.RepositoryConfigurationDelegate: Multiple Spring Data modules found, entering strict repository configuration mode! 
[2022/01/19-21:06:45] [ INFO ] [main] org.springframework.data.repository.config.RepositoryConfigurationDelegate: Bootstrapping Spring Data Redis repositories in DEFAULT mode. 
[2022/01/19-21:06:45] [ INFO ] [main] org.springframework.data.repository.config.RepositoryConfigurationExtensionSupport: Spring Data Redis - Could not safely identify store assignment for repository candidate interface com.talex.frame.talexframe.dao.BaseUserDataRepository. If you want this repository to be a Redis repository, consider annotating your entities with one of these annotations: org.springframework.data.redis.core.RedisHash (preferred), or consider extending one of the following types with your repository: org.springframework.data.keyvalue.repository.KeyValueRepository. 
[2022/01/19-21:06:45] [ INFO ] [main] org.springframework.data.repository.config.RepositoryConfigurationDelegate: Finished Spring Data repository scanning in 12 ms. Found 0 Redis repository interfaces. 
[2022/01/19-21:06:46] [ WARN ] [main] org.mybatis.spring.mapper.ClassPathMapperScanner: No MyBatis mapper was found in '[com.talex.frame.talexframe]' package. Please check your configuration. 
[2022/01/19-21:06:46] [ INFO ] [main] org.springframework.cloud.context.scope.GenericScope: BeanFactory id=651d78a5-2b87-3b22-9c3a-c3e51372e01d 
[2022/01/19-21:06:47] [ INFO ] [main] org.springframework.boot.web.embedded.tomcat.TomcatWebServer: Tomcat initialized with port(s): 9981 (http) 
[2022/01/19-21:06:47] [ INFO ] [main] org.apache.coyote.http11.Http11NioProtocol: Initializing ProtocolHandler ["http-nio-9981"] 
[2022/01/19-21:06:47] [ INFO ] [main] org.apache.catalina.core.StandardService: Starting service [Tomcat] 
[2022/01/19-21:06:47] [ INFO ] [main] org.apache.catalina.core.StandardEngine: Starting Servlet engine: [Apache Tomcat/9.0.56] 
[2022/01/19-21:06:47] [ WARN ] [main] org.apache.catalina.core.AprLifecycleListener: This listener must only be nested within Server elements, but is in [TomcatEmbeddedContext]. 
[2022/01/19-21:06:47] [ INFO ] [main] org.apache.catalina.core.AprLifecycleListener: An older version [1.2.14] of the Apache Tomcat Native library is installed, while Tomcat recommends a minimum version of [1.2.30] 
[2022/01/19-21:06:47] [ INFO ] [main] org.apache.catalina.core.AprLifecycleListener: Loaded Apache Tomcat Native library [1.2.14] using APR version [1.6.2]. 
[2022/01/19-21:06:47] [ INFO ] [main] org.apache.catalina.core.AprLifecycleListener: APR capabilities: IPv6 [true], sendfile [true], accept filters [false], random [true], UDS [false]. 
[2022/01/19-21:06:47] [ INFO ] [main] org.apache.catalina.core.AprLifecycleListener: APR/OpenSSL configuration: useAprConnector [false], useOpenSSL [true] 
[2022/01/19-21:06:48] [ INFO ] [main] org.apache.catalina.core.AprLifecycleListener: OpenSSL successfully initialized [OpenSSL 1.0.2l  25 May 2017] 
[2022/01/19-21:06:48] [ INFO ] [main] org.apache.catalina.core.ContainerBase.[Tomcat].[localhost].[/]: Initializing Spring embedded WebApplicationContext 
[2022/01/19-21:06:48] [ INFO ] [main] org.springframework.boot.web.servlet.context.ServletWebServerApplicationContext: Root WebApplicationContext: initialization completed in 4086 ms 
[2022/01/19-21:06:48] [ INFO ] [main] org.hibernate.jpa.internal.util.LogHelper: HHH000204: Processing PersistenceUnitInfo [name: default] 
[2022/01/19-21:06:48] [ INFO ] [main] org.hibernate.Version: HHH000412: Hibernate ORM core version 5.6.3.Final 
[2022/01/19-21:06:49] [ INFO ] [main] org.hibernate.annotations.common.Version: HCANN000001: Hibernate Commons Annotations {5.1.2.Final} 
[2022/01/19-21:06:49] [ INFO ] [main] org.hibernate.dialect.Dialect: HHH000400: Using dialect: org.hibernate.dialect.MySQL57Dialect 
[2022/01/19-21:06:50] [ INFO ] [main] org.hibernate.engine.transaction.jta.platform.internal.JtaPlatformInitiator: HHH000490: Using JtaPlatform implementation: [org.hibernate.engine.transaction.jta.platform.internal.NoJtaPlatform] 
[2022/01/19-21:06:50] [ INFO ] [main] org.springframework.orm.jpa.LocalContainerEntityManagerFactoryBean: Initialized JPA EntityManagerFactory for persistence unit 'default' 
[2022/01/19-21:06:51] [ WARN ] [main] org.springframework.boot.autoconfigure.orm.jpa.JpaBaseConfiguration$JpaWebConfiguration: spring.jpa.open-in-view is enabled by default. Therefore, database queries may be performed during view rendering. Explicitly configure spring.jpa.open-in-view to disable this warning 
[2022/01/19-21:06:52] [ INFO ] [main] org.springframework.boot.devtools.autoconfigure.OptionalLiveReloadServer: LiveReload server is running on port 35729 
[2022/01/19-21:06:53] [ INFO ] [main] org.springframework.cloud.commons.util.InetUtils: Cannot determine local hostname 
[2022/01/19-21:06:53] [ INFO ] [main] org.apache.coyote.http11.Http11NioProtocol: Starting ProtocolHandler ["http-nio-9981"] 
[2022/01/19-21:06:53] [ INFO ] [main] org.springframework.boot.web.embedded.tomcat.TomcatWebServer: Tomcat started on port(s): 9981 (http) with context path '' 
[2022/01/19-21:06:55] [ INFO ] [main] org.springframework.cloud.commons.util.InetUtils: Cannot determine local hostname 
[2022/01/19-21:06:55] [ INFO ] [main] com.talex.frame.talexframe.TalexFrameApplication: Started TalexFrameApplication in 14.524 seconds (JVM running for 19.194) 
[2022/01/19-21:06:55] [ INFO ] [main] com.talex.frame.talexframe.function.command.CommandReader: [Command] 输入 help 来查看命令列表! 
[2022/01/19-21:11:45] [ INFO ] [SpringApplicationShutdownHook] org.springframework.orm.jpa.LocalContainerEntityManagerFactoryBean: Closing JPA EntityManagerFactory for persistence unit 'default' 
[2022/01/19-21:11:45] [ INFO ] [SpringApplicationShutdownHook] org.hibernate.tool.schema.internal.SchemaDropperImpl$DelayedDropActionImpl: HHH000477: Starting delayed evictData of schema as part of SessionFactory shut-down' 
[2022/01/19-21:11:54] [ INFO ] [background-preinit] org.hibernate.validator.internal.util.Version: HV000001: Hibernate Validator 6.2.0.Final 
[2022/01/19-21:11:54] [ INFO ] [main] com.talex.frame.talexframe.TalexFrameApplication: Starting TalexFrameApplication using Java 1.8.0_291 on LENOVO-NX-T with PID 23108 (G:\WorkSpace\Talexs\TalexFrame\target\classes started by Lenovo in G:\WorkSpace\Talexs\TalexFrame) 
[2022/01/19-21:11:54] [ INFO ] [main] com.talex.frame.talexframe.TalexFrameApplication: No active profile set, falling back to default profiles: default 
[2022/01/19-21:11:54] [ INFO ] [main] org.springframework.boot.devtools.env.DevToolsPropertyDefaultsPostProcessor: Devtools property defaults active! Set 'spring.devtools.add-properties' to 'false' to disable 
[2022/01/19-21:11:54] [ INFO ] [main] org.springframework.boot.devtools.env.DevToolsPropertyDefaultsPostProcessor: For additional web related logging consider setting the 'logging.level.web' property to 'DEBUG' 
[2022/01/19-21:11:56] [ INFO ] [main] org.springframework.data.repository.config.RepositoryConfigurationDelegate: Multiple Spring Data modules found, entering strict repository configuration mode! 
[2022/01/19-21:11:56] [ INFO ] [main] org.springframework.data.repository.config.RepositoryConfigurationDelegate: Bootstrapping Spring Data JPA repositories in DEFAULT mode. 
[2022/01/19-21:11:56] [ INFO ] [main] org.springframework.data.repository.config.RepositoryConfigurationDelegate: Finished Spring Data repository scanning in 93 ms. Found 1 JPA repository interfaces. 
[2022/01/19-21:11:56] [ INFO ] [main] org.springframework.data.repository.config.RepositoryConfigurationDelegate: Multiple Spring Data modules found, entering strict repository configuration mode! 
[2022/01/19-21:11:56] [ INFO ] [main] org.springframework.data.repository.config.RepositoryConfigurationDelegate: Bootstrapping Spring Data Redis repositories in DEFAULT mode. 
[2022/01/19-21:11:56] [ INFO ] [main] org.springframework.data.repository.config.RepositoryConfigurationExtensionSupport: Spring Data Redis - Could not safely identify store assignment for repository candidate interface com.talex.frame.talexframe.dao.BaseUserDataRepository. If you want this repository to be a Redis repository, consider annotating your entities with one of these annotations: org.springframework.data.redis.core.RedisHash (preferred), or consider extending one of the following types with your repository: org.springframework.data.keyvalue.repository.KeyValueRepository. 
[2022/01/19-21:11:56] [ INFO ] [main] org.springframework.data.repository.config.RepositoryConfigurationDelegate: Finished Spring Data repository scanning in 14 ms. Found 0 Redis repository interfaces. 
[2022/01/19-21:11:56] [ WARN ] [main] org.mybatis.spring.mapper.ClassPathMapperScanner: No MyBatis mapper was found in '[com.talex.frame.talexframe]' package. Please check your configuration. 
[2022/01/19-21:11:57] [ INFO ] [main] org.springframework.cloud.context.scope.GenericScope: BeanFactory id=651d78a5-2b87-3b22-9c3a-c3e51372e01d 
[2022/01/19-21:11:57] [ INFO ] [main] org.springframework.boot.web.embedded.tomcat.TomcatWebServer: Tomcat initialized with port(s): 9981 (http) 
[2022/01/19-21:11:57] [ INFO ] [main] org.apache.coyote.http11.Http11NioProtocol: Initializing ProtocolHandler ["http-nio-9981"] 
[2022/01/19-21:11:57] [ INFO ] [main] org.apache.catalina.core.StandardService: Starting service [Tomcat] 
[2022/01/19-21:11:57] [ INFO ] [main] org.apache.catalina.core.StandardEngine: Starting Servlet engine: [Apache Tomcat/9.0.56] 
[2022/01/19-21:11:57] [ WARN ] [main] org.apache.catalina.core.AprLifecycleListener: This listener must only be nested within Server elements, but is in [TomcatEmbeddedContext]. 
[2022/01/19-21:11:57] [ INFO ] [main] org.apache.catalina.core.AprLifecycleListener: An older version [1.2.14] of the Apache Tomcat Native library is installed, while Tomcat recommends a minimum version of [1.2.30] 
[2022/01/19-21:11:57] [ INFO ] [main] org.apache.catalina.core.AprLifecycleListener: Loaded Apache Tomcat Native library [1.2.14] using APR version [1.6.2]. 
[2022/01/19-21:11:57] [ INFO ] [main] org.apache.catalina.core.AprLifecycleListener: APR capabilities: IPv6 [true], sendfile [true], accept filters [false], random [true], UDS [false]. 
[2022/01/19-21:11:57] [ INFO ] [main] org.apache.catalina.core.AprLifecycleListener: APR/OpenSSL configuration: useAprConnector [false], useOpenSSL [true] 
[2022/01/19-21:11:59] [ INFO ] [main] org.apache.catalina.core.AprLifecycleListener: OpenSSL successfully initialized [OpenSSL 1.0.2l  25 May 2017] 
[2022/01/19-21:11:59] [ INFO ] [main] org.apache.catalina.core.ContainerBase.[Tomcat].[localhost].[/]: Initializing Spring embedded WebApplicationContext 
[2022/01/19-21:11:59] [ INFO ] [main] org.springframework.boot.web.servlet.context.ServletWebServerApplicationContext: Root WebApplicationContext: initialization completed in 4343 ms 
[2022/01/19-21:11:59] [ INFO ] [main] org.hibernate.jpa.internal.util.LogHelper: HHH000204: Processing PersistenceUnitInfo [name: default] 
[2022/01/19-21:11:59] [ INFO ] [main] org.hibernate.Version: HHH000412: Hibernate ORM core version 5.6.3.Final 
[2022/01/19-21:11:59] [ INFO ] [main] org.hibernate.annotations.common.Version: HCANN000001: Hibernate Commons Annotations {5.1.2.Final} 
[2022/01/19-21:12:00] [ INFO ] [main] org.hibernate.dialect.Dialect: HHH000400: Using dialect: org.hibernate.dialect.MySQL57Dialect 
[2022/01/19-21:12:01] [ INFO ] [main] org.hibernate.engine.transaction.jta.platform.internal.JtaPlatformInitiator: HHH000490: Using JtaPlatform implementation: [org.hibernate.engine.transaction.jta.platform.internal.NoJtaPlatform] 
[2022/01/19-21:12:01] [ INFO ] [main] org.springframework.orm.jpa.LocalContainerEntityManagerFactoryBean: Initialized JPA EntityManagerFactory for persistence unit 'default' 
[2022/01/19-21:12:02] [ WARN ] [main] org.springframework.boot.autoconfigure.orm.jpa.JpaBaseConfiguration$JpaWebConfiguration: spring.jpa.open-in-view is enabled by default. Therefore, database queries may be performed during view rendering. Explicitly configure spring.jpa.open-in-view to disable this warning 
[2022/01/19-21:12:03] [ INFO ] [main] org.springframework.boot.devtools.autoconfigure.OptionalLiveReloadServer: LiveReload server is running on port 35729 
[2022/01/19-21:12:04] [ INFO ] [main] org.springframework.cloud.commons.util.InetUtils: Cannot determine local hostname 
[2022/01/19-21:12:05] [ INFO ] [main] org.apache.coyote.http11.Http11NioProtocol: Starting ProtocolHandler ["http-nio-9981"] 
[2022/01/19-21:12:05] [ INFO ] [main] org.springframework.boot.web.embedded.tomcat.TomcatWebServer: Tomcat started on port(s): 9981 (http) with context path '' 
[2022/01/19-21:12:06] [ INFO ] [main] org.springframework.cloud.commons.util.InetUtils: Cannot determine local hostname 
[2022/01/19-21:12:06] [ INFO ] [main] com.talex.frame.talexframe.TalexFrameApplication: Started TalexFrameApplication in 14.618 seconds (JVM running for 18.872) 
[2022/01/19-21:12:06] [ INFO ] [main] com.talex.frame.talexframe.function.command.CommandReader: [Command] 输入 help 来查看命令列表! 
[2022/01/19-21:27:01] [ INFO ] [SpringApplicationShutdownHook] org.springframework.orm.jpa.LocalContainerEntityManagerFactoryBean: Closing JPA EntityManagerFactory for persistence unit 'default' 
[2022/01/19-21:27:01] [ INFO ] [SpringApplicationShutdownHook] org.hibernate.tool.schema.internal.SchemaDropperImpl$DelayedDropActionImpl: HHH000477: Starting delayed evictData of schema as part of SessionFactory shut-down' 
[2022/01/19-21:27:13] [ INFO ] [background-preinit] org.hibernate.validator.internal.util.Version: HV000001: Hibernate Validator 6.2.0.Final 
[2022/01/19-21:27:14] [ INFO ] [main] com.talex.frame.talexframe.TalexFrameApplication: Starting TalexFrameApplication using Java 1.8.0_291 on LENOVO-NX-T with PID 10888 (G:\WorkSpace\Talexs\TalexFrame\target\classes started by Lenovo in G:\WorkSpace\Talexs\TalexFrame) 
[2022/01/19-21:27:14] [ INFO ] [main] com.talex.frame.talexframe.TalexFrameApplication: No active profile set, falling back to default profiles: default 
[2022/01/19-21:27:14] [ INFO ] [main] org.springframework.boot.devtools.env.DevToolsPropertyDefaultsPostProcessor: Devtools property defaults active! Set 'spring.devtools.add-properties' to 'false' to disable 
[2022/01/19-21:27:14] [ INFO ] [main] org.springframework.boot.devtools.env.DevToolsPropertyDefaultsPostProcessor: For additional web related logging consider setting the 'logging.level.web' property to 'DEBUG' 
[2022/01/19-21:27:15] [ INFO ] [main] org.springframework.data.repository.config.RepositoryConfigurationDelegate: Multiple Spring Data modules found, entering strict repository configuration mode! 
[2022/01/19-21:27:15] [ INFO ] [main] org.springframework.data.repository.config.RepositoryConfigurationDelegate: Bootstrapping Spring Data JPA repositories in DEFAULT mode. 
[2022/01/19-21:27:15] [ INFO ] [main] org.springframework.data.repository.config.RepositoryConfigurationDelegate: Finished Spring Data repository scanning in 99 ms. Found 1 JPA repository interfaces. 
[2022/01/19-21:27:16] [ INFO ] [main] org.springframework.data.repository.config.RepositoryConfigurationDelegate: Multiple Spring Data modules found, entering strict repository configuration mode! 
[2022/01/19-21:27:16] [ INFO ] [main] org.springframework.data.repository.config.RepositoryConfigurationDelegate: Bootstrapping Spring Data Redis repositories in DEFAULT mode. 
[2022/01/19-21:27:16] [ INFO ] [main] org.springframework.data.repository.config.RepositoryConfigurationExtensionSupport: Spring Data Redis - Could not safely identify store assignment for repository candidate interface com.talex.frame.talexframe.dao.BaseUserDataRepository. If you want this repository to be a Redis repository, consider annotating your entities with one of these annotations: org.springframework.data.redis.core.RedisHash (preferred), or consider extending one of the following types with your repository: org.springframework.data.keyvalue.repository.KeyValueRepository. 
[2022/01/19-21:27:16] [ INFO ] [main] org.springframework.data.repository.config.RepositoryConfigurationDelegate: Finished Spring Data repository scanning in 11 ms. Found 0 Redis repository interfaces. 
[2022/01/19-21:27:16] [ WARN ] [main] org.mybatis.spring.mapper.ClassPathMapperScanner: No MyBatis mapper was found in '[com.talex.frame.talexframe]' package. Please check your configuration. 
[2022/01/19-21:27:16] [ INFO ] [main] org.springframework.cloud.context.scope.GenericScope: BeanFactory id=651d78a5-2b87-3b22-9c3a-c3e51372e01d 
[2022/01/19-21:27:17] [ INFO ] [main] org.springframework.boot.web.embedded.tomcat.TomcatWebServer: Tomcat initialized with port(s): 9981 (http) 
[2022/01/19-21:27:17] [ INFO ] [main] org.apache.coyote.http11.Http11NioProtocol: Initializing ProtocolHandler ["http-nio-9981"] 
[2022/01/19-21:27:17] [ INFO ] [main] org.apache.catalina.core.StandardService: Starting service [Tomcat] 
[2022/01/19-21:27:17] [ INFO ] [main] org.apache.catalina.core.StandardEngine: Starting Servlet engine: [Apache Tomcat/9.0.56] 
[2022/01/19-21:27:17] [ WARN ] [main] org.apache.catalina.core.AprLifecycleListener: This listener must only be nested within Server elements, but is in [TomcatEmbeddedContext]. 
[2022/01/19-21:27:17] [ INFO ] [main] org.apache.catalina.core.AprLifecycleListener: An older version [1.2.14] of the Apache Tomcat Native library is installed, while Tomcat recommends a minimum version of [1.2.30] 
[2022/01/19-21:27:17] [ INFO ] [main] org.apache.catalina.core.AprLifecycleListener: Loaded Apache Tomcat Native library [1.2.14] using APR version [1.6.2]. 
[2022/01/19-21:27:17] [ INFO ] [main] org.apache.catalina.core.AprLifecycleListener: APR capabilities: IPv6 [true], sendfile [true], accept filters [false], random [true], UDS [false]. 
[2022/01/19-21:27:17] [ INFO ] [main] org.apache.catalina.core.AprLifecycleListener: APR/OpenSSL configuration: useAprConnector [false], useOpenSSL [true] 
[2022/01/19-21:27:18] [ INFO ] [main] org.apache.catalina.core.AprLifecycleListener: OpenSSL successfully initialized [OpenSSL 1.0.2l  25 May 2017] 
[2022/01/19-21:27:18] [ INFO ] [main] org.apache.catalina.core.ContainerBase.[Tomcat].[localhost].[/]: Initializing Spring embedded WebApplicationContext 
[2022/01/19-21:27:18] [ INFO ] [main] org.springframework.boot.web.servlet.context.ServletWebServerApplicationContext: Root WebApplicationContext: initialization completed in 4310 ms 
[2022/01/19-21:27:19] [ INFO ] [main] org.hibernate.jpa.internal.util.LogHelper: HHH000204: Processing PersistenceUnitInfo [name: default] 
[2022/01/19-21:27:19] [ INFO ] [main] org.hibernate.Version: HHH000412: Hibernate ORM core version 5.6.3.Final 
[2022/01/19-21:27:19] [ INFO ] [main] org.hibernate.annotations.common.Version: HCANN000001: Hibernate Commons Annotations {5.1.2.Final} 
[2022/01/19-21:27:19] [ INFO ] [main] org.hibernate.dialect.Dialect: HHH000400: Using dialect: org.hibernate.dialect.MySQL57Dialect 
[2022/01/19-21:27:21] [ INFO ] [main] org.hibernate.engine.transaction.jta.platform.internal.JtaPlatformInitiator: HHH000490: Using JtaPlatform implementation: [org.hibernate.engine.transaction.jta.platform.internal.NoJtaPlatform] 
[2022/01/19-21:27:21] [ INFO ] [main] org.springframework.orm.jpa.LocalContainerEntityManagerFactoryBean: Initialized JPA EntityManagerFactory for persistence unit 'default' 
[2022/01/19-21:27:22] [ WARN ] [main] org.springframework.boot.autoconfigure.orm.jpa.JpaBaseConfiguration$JpaWebConfiguration: spring.jpa.open-in-view is enabled by default. Therefore, database queries may be performed during view rendering. Explicitly configure spring.jpa.open-in-view to disable this warning 
[2022/01/19-21:27:23] [ INFO ] [main] org.springframework.boot.devtools.autoconfigure.OptionalLiveReloadServer: LiveReload server is running on port 35729 
[2022/01/19-21:27:24] [ INFO ] [main] org.springframework.cloud.commons.util.InetUtils: Cannot determine local hostname 
[2022/01/19-21:27:25] [ INFO ] [main] org.apache.coyote.http11.Http11NioProtocol: Starting ProtocolHandler ["http-nio-9981"] 
[2022/01/19-21:27:25] [ INFO ] [main] org.springframework.boot.web.embedded.tomcat.TomcatWebServer: Tomcat started on port(s): 9981 (http) with context path '' 
[2022/01/19-21:27:26] [ INFO ] [main] org.springframework.cloud.commons.util.InetUtils: Cannot determine local hostname 
[2022/01/19-21:27:26] [ INFO ] [main] com.talex.frame.talexframe.TalexFrameApplication: Started TalexFrameApplication in 15.3 seconds (JVM running for 19.689) 
[2022/01/19-21:27:26] [ INFO ] [main] com.talex.frame.talexframe.function.command.CommandReader: [Command] 输入 help 来查看命令列表! 
[2022/01/19-21:27:26] [ INFO ] [main] com.talex.frame.talexframe.listener.FrameMajorListener: 框架启动成功! 
[2022/01/19-21:30:07] [ INFO ] [File Watcher] org.springframework.data.repository.config.RepositoryConfigurationDelegate: Bootstrapping Spring Data Redis repositories in DEFAULT mode. 
[2022/01/19-21:30:07] [ INFO ] [File Watcher] org.springframework.data.repository.config.RepositoryConfigurationExtensionSupport: Spring Data Redis - Could not safely identify store assignment for repository candidate interface com.talex.frame.talexframe.dao.BaseUserDataRepository. If you want this repository to be a Redis repository, consider annotating your entities with one of these annotations: org.springframework.data.redis.core.RedisHash (preferred), or consider extending one of the following types with your repository: org.springframework.data.keyvalue.repository.KeyValueRepository. 
[2022/01/19-21:30:07] [ INFO ] [File Watcher] org.springframework.data.repository.config.RepositoryConfigurationDelegate: Finished Spring Data repository scanning in 35 ms. Found 0 Redis repository interfaces. 
[2022/01/19-21:30:07] [ INFO ] [File Watcher] org.springframework.data.repository.config.RepositoryConfigurationDelegate: Bootstrapping Spring Data JPA repositories in DEFAULT mode. 
[2022/01/19-21:30:07] [ INFO ] [File Watcher] org.springframework.data.repository.config.RepositoryConfigurationDelegate: Finished Spring Data repository scanning in 22 ms. Found 1 JPA repository interfaces. 
[2022/01/19-21:30:07] [ WARN ] [File Watcher] org.mybatis.spring.mapper.ClassPathMapperScanner: No MyBatis mapper was found in '[com.talex.frame.talexframe]' package. Please check your configuration. 
[2022/01/19-21:30:19] [ INFO ] [SpringApplicationShutdownHook] org.springframework.orm.jpa.LocalContainerEntityManagerFactoryBean: Closing JPA EntityManagerFactory for persistence unit 'default' 
[2022/01/19-21:30:19] [ INFO ] [SpringApplicationShutdownHook] org.hibernate.tool.schema.internal.SchemaDropperImpl$DelayedDropActionImpl: HHH000477: Starting delayed evictData of schema as part of SessionFactory shut-down' 
[2022/01/19-21:30:27] [ INFO ] [background-preinit] org.hibernate.validator.internal.util.Version: HV000001: Hibernate Validator 6.2.0.Final 
[2022/01/19-21:30:27] [ INFO ] [main] com.talex.frame.talexframe.TalexFrameApplication: Starting TalexFrameApplication using Java 1.8.0_291 on LENOVO-NX-T with PID 19044 (G:\WorkSpace\Talexs\TalexFrame\target\classes started by Lenovo in G:\WorkSpace\Talexs\TalexFrame) 
[2022/01/19-21:30:27] [ INFO ] [main] com.talex.frame.talexframe.TalexFrameApplication: No active profile set, falling back to default profiles: default 
[2022/01/19-21:30:27] [ INFO ] [main] org.springframework.boot.devtools.env.DevToolsPropertyDefaultsPostProcessor: Devtools property defaults active! Set 'spring.devtools.add-properties' to 'false' to disable 
[2022/01/19-21:30:27] [ INFO ] [main] org.springframework.boot.devtools.env.DevToolsPropertyDefaultsPostProcessor: For additional web related logging consider setting the 'logging.level.web' property to 'DEBUG' 
[2022/01/19-21:30:29] [ INFO ] [main] org.springframework.data.repository.config.RepositoryConfigurationDelegate: Multiple Spring Data modules found, entering strict repository configuration mode! 
[2022/01/19-21:30:29] [ INFO ] [main] org.springframework.data.repository.config.RepositoryConfigurationDelegate: Bootstrapping Spring Data JPA repositories in DEFAULT mode. 
[2022/01/19-21:30:29] [ INFO ] [main] org.springframework.data.repository.config.RepositoryConfigurationDelegate: Finished Spring Data repository scanning in 108 ms. Found 1 JPA repository interfaces. 
[2022/01/19-21:30:29] [ INFO ] [main] org.springframework.data.repository.config.RepositoryConfigurationDelegate: Multiple Spring Data modules found, entering strict repository configuration mode! 
[2022/01/19-21:30:29] [ INFO ] [main] org.springframework.data.repository.config.RepositoryConfigurationDelegate: Bootstrapping Spring Data Redis repositories in DEFAULT mode. 
[2022/01/19-21:30:29] [ INFO ] [main] org.springframework.data.repository.config.RepositoryConfigurationExtensionSupport: Spring Data Redis - Could not safely identify store assignment for repository candidate interface com.talex.frame.talexframe.dao.BaseUserDataRepository. If you want this repository to be a Redis repository, consider annotating your entities with one of these annotations: org.springframework.data.redis.core.RedisHash (preferred), or consider extending one of the following types with your repository: org.springframework.data.keyvalue.repository.KeyValueRepository. 
[2022/01/19-21:30:29] [ INFO ] [main] org.springframework.data.repository.config.RepositoryConfigurationDelegate: Finished Spring Data repository scanning in 15 ms. Found 0 Redis repository interfaces. 
[2022/01/19-21:30:29] [ WARN ] [main] org.mybatis.spring.mapper.ClassPathMapperScanner: No MyBatis mapper was found in '[com.talex.frame.talexframe]' package. Please check your configuration. 
[2022/01/19-21:30:29] [ INFO ] [main] org.springframework.cloud.context.scope.GenericScope: BeanFactory id=651d78a5-2b87-3b22-9c3a-c3e51372e01d 
[2022/01/19-21:30:30] [ INFO ] [main] org.springframework.boot.web.embedded.tomcat.TomcatWebServer: Tomcat initialized with port(s): 9981 (http) 
[2022/01/19-21:30:30] [ INFO ] [main] org.apache.coyote.http11.Http11NioProtocol: Initializing ProtocolHandler ["http-nio-9981"] 
[2022/01/19-21:30:30] [ INFO ] [main] org.apache.catalina.core.StandardService: Starting service [Tomcat] 
[2022/01/19-21:30:30] [ INFO ] [main] org.apache.catalina.core.StandardEngine: Starting Servlet engine: [Apache Tomcat/9.0.56] 
[2022/01/19-21:30:30] [ WARN ] [main] org.apache.catalina.core.AprLifecycleListener: This listener must only be nested within Server elements, but is in [TomcatEmbeddedContext]. 
[2022/01/19-21:30:30] [ INFO ] [main] org.apache.catalina.core.AprLifecycleListener: An older version [1.2.14] of the Apache Tomcat Native library is installed, while Tomcat recommends a minimum version of [1.2.30] 
[2022/01/19-21:30:30] [ INFO ] [main] org.apache.catalina.core.AprLifecycleListener: Loaded Apache Tomcat Native library [1.2.14] using APR version [1.6.2]. 
[2022/01/19-21:30:30] [ INFO ] [main] org.apache.catalina.core.AprLifecycleListener: APR capabilities: IPv6 [true], sendfile [true], accept filters [false], random [true], UDS [false]. 
[2022/01/19-21:30:30] [ INFO ] [main] org.apache.catalina.core.AprLifecycleListener: APR/OpenSSL configuration: useAprConnector [false], useOpenSSL [true] 
[2022/01/19-21:30:31] [ INFO ] [main] org.apache.catalina.core.AprLifecycleListener: OpenSSL successfully initialized [OpenSSL 1.0.2l  25 May 2017] 
[2022/01/19-21:30:32] [ INFO ] [main] org.apache.catalina.core.ContainerBase.[Tomcat].[localhost].[/]: Initializing Spring embedded WebApplicationContext 
[2022/01/19-21:30:32] [ INFO ] [main] org.springframework.boot.web.servlet.context.ServletWebServerApplicationContext: Root WebApplicationContext: initialization completed in 4231 ms 
[2022/01/19-21:30:32] [ INFO ] [main] org.hibernate.jpa.internal.util.LogHelper: HHH000204: Processing PersistenceUnitInfo [name: default] 
[2022/01/19-21:30:32] [ INFO ] [main] org.hibernate.Version: HHH000412: Hibernate ORM core version 5.6.3.Final 
[2022/01/19-21:30:32] [ INFO ] [main] org.hibernate.annotations.common.Version: HCANN000001: Hibernate Commons Annotations {5.1.2.Final} 
[2022/01/19-21:30:32] [ INFO ] [main] org.hibernate.dialect.Dialect: HHH000400: Using dialect: org.hibernate.dialect.MySQL57Dialect 
[2022/01/19-21:30:34] [ INFO ] [main] org.hibernate.engine.transaction.jta.platform.internal.JtaPlatformInitiator: HHH000490: Using JtaPlatform implementation: [org.hibernate.engine.transaction.jta.platform.internal.NoJtaPlatform] 
[2022/01/19-21:30:34] [ INFO ] [main] org.springframework.orm.jpa.LocalContainerEntityManagerFactoryBean: Initialized JPA EntityManagerFactory for persistence unit 'default' 
[2022/01/19-21:30:34] [ WARN ] [main] org.springframework.boot.autoconfigure.orm.jpa.JpaBaseConfiguration$JpaWebConfiguration: spring.jpa.open-in-view is enabled by default. Therefore, database queries may be performed during view rendering. Explicitly configure spring.jpa.open-in-view to disable this warning 
[2022/01/19-21:30:35] [ INFO ] [main] org.springframework.boot.devtools.autoconfigure.OptionalLiveReloadServer: LiveReload server is running on port 35729 
[2022/01/19-21:30:37] [ INFO ] [main] org.springframework.cloud.commons.util.InetUtils: Cannot determine local hostname 
[2022/01/19-21:30:37] [ INFO ] [main] org.apache.coyote.http11.Http11NioProtocol: Starting ProtocolHandler ["http-nio-9981"] 
[2022/01/19-21:30:37] [ INFO ] [main] org.springframework.boot.web.embedded.tomcat.TomcatWebServer: Tomcat started on port(s): 9981 (http) with context path '' 
[2022/01/19-21:30:39] [ INFO ] [main] org.springframework.cloud.commons.util.InetUtils: Cannot determine local hostname 
[2022/01/19-21:30:39] [ INFO ] [main] com.talex.frame.talexframe.TalexFrameApplication: Started TalexFrameApplication in 14.171 seconds (JVM running for 18.397) 
[2022/01/19-21:30:39] [ INFO ] [main] com.talex.frame.talexframe.function.command.CommandReader: [Command] 输入 help 来查看命令列表! 
[2022/01/19-21:30:39] [ INFO ] [main] com.talex.frame.talexframe.listener.FrameMajorListener: 框架启动成功! 
