[2022/01/16-12:59:41] [restartedMain] com.talex.frame.talexframe.TalexFrameApplication: Starting TalexFrameApplication using Java 1.8.0_291 on LENOVO-NX-T with PID 7352 (G:\WorkSpace\Talexs\TalexFrame\target\classes started by Lenovo in G:\WorkSpace\Talexs\TalexFrame) 
[2022/01/16-12:59:41] [restartedMain] com.talex.frame.talexframe.TalexFrameApplication: No active profile set, falling back to default profiles: default 
[2022/01/16-12:59:42] [restartedMain] org.mybatis.spring.mapper.ClassPathMapperScanner: No MyBatis mapper was found in '[com.talex.frame.talexframe]' package. Please check your configuration. 
[2022/01/16-12:59:43] [restartedMain] org.apache.catalina.core.AprLifecycleListener: This listener must only be nested within Server elements, but is in [TomcatEmbeddedContext]. 
[2022/01/16-12:59:44] [restartedMain] com.zaxxer.hikari.HikariDataSource: HikariPool-1 - Starting... 
[2022/01/16-12:59:44] [restartedMain] com.zaxxer.hikari.HikariDataSource: HikariPool-1 - Start completed. 
[2022/01/16-12:59:46] [restartedMain] org.springframework.boot.autoconfigure.orm.jpa.JpaBaseConfiguration$JpaWebConfiguration: spring.jpa.open-in-view is enabled by default. Therefore, database queries may be performed during view rendering. Explicitly configure spring.jpa.open-in-view to disable this warning 
[2022/01/16-12:59:49] [restartedMain] com.talex.frame.talexframe.TalexFrameApplication: Started TalexFrameApplication in 9.399 seconds (JVM running for 10.837) 
[2022/01/16-13:00:35] [SpringApplicationShutdownHook] com.zaxxer.hikari.HikariDataSource: HikariPool-1 - Shutdown initiated... 
[2022/01/16-13:00:35] [SpringApplicationShutdownHook] com.zaxxer.hikari.HikariDataSource: HikariPool-1 - Shutdown completed. 
[2022/01/16-13:01:36] [restartedMain] com.talex.frame.talexframe.TalexFrameApplication: Starting TalexFrameApplication using Java 1.8.0_291 on LENOVO-NX-T with PID 12692 (G:\WorkSpace\Talexs\TalexFrame\target\classes started by Lenovo in G:\WorkSpace\Talexs\TalexFrame) 
[2022/01/16-13:01:36] [restartedMain] com.talex.frame.talexframe.TalexFrameApplication: No active profile set, falling back to default profiles: default 
[2022/01/16-13:01:38] [restartedMain] org.mybatis.spring.mapper.ClassPathMapperScanner: No MyBatis mapper was found in '[com.talex.frame.talexframe]' package. Please check your configuration. 
[2022/01/16-13:01:39] [restartedMain] org.apache.catalina.core.AprLifecycleListener: This listener must only be nested within Server elements, but is in [TomcatEmbeddedContext]. 
[2022/01/16-13:01:40] [restartedMain] com.zaxxer.hikari.HikariDataSource: HikariPool-1 - Starting... 
[2022/01/16-13:01:40] [restartedMain] com.zaxxer.hikari.HikariDataSource: HikariPool-1 - Start completed. 
[2022/01/16-13:01:42] [restartedMain] org.springframework.boot.autoconfigure.orm.jpa.JpaBaseConfiguration$JpaWebConfiguration: spring.jpa.open-in-view is enabled by default. Therefore, database queries may be performed during view rendering. Explicitly configure spring.jpa.open-in-view to disable this warning 
[2022/01/16-13:01:45] [restartedMain] com.talex.frame.talexframe.TalexFrameApplication: Started TalexFrameApplication in 9.472 seconds (JVM running for 10.746) 
[2022/01/16-13:02:41] [SpringApplicationShutdownHook] com.zaxxer.hikari.HikariDataSource: HikariPool-1 - Shutdown initiated... 
[2022/01/16-13:02:41] [SpringApplicationShutdownHook] com.zaxxer.hikari.HikariDataSource: HikariPool-1 - Shutdown completed. 
[2022/01/16-13:02:46] [restartedMain] com.talex.frame.talexframe.TalexFrameApplication: Starting TalexFrameApplication using Java 1.8.0_291 on LENOVO-NX-T with PID 11288 (G:\WorkSpace\Talexs\TalexFrame\target\classes started by Lenovo in G:\WorkSpace\Talexs\TalexFrame) 
[2022/01/16-13:02:46] [restartedMain] com.talex.frame.talexframe.TalexFrameApplication: No active profile set, falling back to default profiles: default 
[2022/01/16-13:02:48] [restartedMain] org.mybatis.spring.mapper.ClassPathMapperScanner: No MyBatis mapper was found in '[com.talex.frame.talexframe]' package. Please check your configuration. 
[2022/01/16-13:02:49] [restartedMain] org.apache.catalina.core.AprLifecycleListener: This listener must only be nested within Server elements, but is in [TomcatEmbeddedContext]. 
[2022/01/16-13:02:50] [restartedMain] com.zaxxer.hikari.HikariDataSource: HikariPool-1 - Starting... 
[2022/01/16-13:02:50] [restartedMain] com.zaxxer.hikari.HikariDataSource: HikariPool-1 - Start completed. 
[2022/01/16-13:02:52] [restartedMain] org.springframework.boot.autoconfigure.orm.jpa.JpaBaseConfiguration$JpaWebConfiguration: spring.jpa.open-in-view is enabled by default. Therefore, database queries may be performed during view rendering. Explicitly configure spring.jpa.open-in-view to disable this warning 
[2022/01/16-13:02:55] [restartedMain] com.talex.frame.talexframe.TalexFrameApplication: Started TalexFrameApplication in 9.797 seconds (JVM running for 11.097) 
[2022/01/16-13:03:01] [SpringApplicationShutdownHook] com.zaxxer.hikari.HikariDataSource: HikariPool-1 - Shutdown initiated... 
[2022/01/16-13:03:01] [SpringApplicationShutdownHook] com.zaxxer.hikari.HikariDataSource: HikariPool-1 - Shutdown completed. 
[2022/01/16-13:03:06] [restartedMain] com.talex.frame.talexframe.TalexFrameApplication: Starting TalexFrameApplication using Java 1.8.0_291 on LENOVO-NX-T with PID 1064 (G:\WorkSpace\Talexs\TalexFrame\target\classes started by Lenovo in G:\WorkSpace\Talexs\TalexFrame) 
[2022/01/16-13:03:06] [restartedMain] com.talex.frame.talexframe.TalexFrameApplication: No active profile set, falling back to default profiles: default 
[2022/01/16-13:03:07] [restartedMain] org.mybatis.spring.mapper.ClassPathMapperScanner: No MyBatis mapper was found in '[com.talex.frame.talexframe]' package. Please check your configuration. 
[2022/01/16-13:03:08] [restartedMain] org.apache.catalina.core.AprLifecycleListener: This listener must only be nested within Server elements, but is in [TomcatEmbeddedContext]. 
[2022/01/16-13:03:10] [restartedMain] com.zaxxer.hikari.HikariDataSource: HikariPool-1 - Starting... 
[2022/01/16-13:03:10] [restartedMain] com.zaxxer.hikari.HikariDataSource: HikariPool-1 - Start completed. 
[2022/01/16-13:03:11] [restartedMain] org.springframework.boot.autoconfigure.orm.jpa.JpaBaseConfiguration$JpaWebConfiguration: spring.jpa.open-in-view is enabled by default. Therefore, database queries may be performed during view rendering. Explicitly configure spring.jpa.open-in-view to disable this warning 
[2022/01/16-13:03:14] [restartedMain] com.talex.frame.talexframe.TalexFrameApplication: Started TalexFrameApplication in 9.147 seconds (JVM running for 10.686) 
[2022/01/16-13:05:38] [SpringApplicationShutdownHook] com.zaxxer.hikari.HikariDataSource: HikariPool-1 - Shutdown initiated... 
[2022/01/16-13:05:38] [SpringApplicationShutdownHook] com.zaxxer.hikari.HikariDataSource: HikariPool-1 - Shutdown completed. 
[2022/01/16-13:05:45] [restartedMain] com.talex.frame.talexframe.TalexFrameApplication: Starting TalexFrameApplication using Java 1.8.0_291 on LENOVO-NX-T with PID 28840 (G:\WorkSpace\Talexs\TalexFrame\target\classes started by Lenovo in G:\WorkSpace\Talexs\TalexFrame) 
[2022/01/16-13:05:45] [restartedMain] com.talex.frame.talexframe.TalexFrameApplication: No active profile set, falling back to default profiles: default 
[2022/01/16-13:05:47] [restartedMain] org.mybatis.spring.mapper.ClassPathMapperScanner: No MyBatis mapper was found in '[com.talex.frame.talexframe]' package. Please check your configuration. 
[2022/01/16-13:05:48] [restartedMain] org.apache.catalina.core.AprLifecycleListener: This listener must only be nested within Server elements, but is in [TomcatEmbeddedContext]. 
[2022/01/16-13:05:50] [restartedMain] com.zaxxer.hikari.HikariDataSource: HikariPool-1 - Starting... 
[2022/01/16-13:05:50] [restartedMain] com.zaxxer.hikari.HikariDataSource: HikariPool-1 - Start completed. 
[2022/01/16-13:05:52] [restartedMain] org.springframework.boot.autoconfigure.orm.jpa.JpaBaseConfiguration$JpaWebConfiguration: spring.jpa.open-in-view is enabled by default. Therefore, database queries may be performed during view rendering. Explicitly configure spring.jpa.open-in-view to disable this warning 
[2022/01/16-13:05:55] [restartedMain] com.talex.frame.talexframe.TalexFrameApplication: Started TalexFrameApplication in 10.451 seconds (JVM running for 11.606) 
[2022/01/16-13:08:27] [SpringApplicationShutdownHook] com.zaxxer.hikari.HikariDataSource: HikariPool-1 - Shutdown initiated... 
[2022/01/16-13:08:27] [SpringApplicationShutdownHook] com.zaxxer.hikari.HikariDataSource: HikariPool-1 - Shutdown completed. 
[2022/01/16-13:08:32] [restartedMain] com.talex.frame.talexframe.TalexFrameApplication: Starting TalexFrameApplication using Java 1.8.0_291 on LENOVO-NX-T with PID 22140 (G:\WorkSpace\Talexs\TalexFrame\target\classes started by Lenovo in G:\WorkSpace\Talexs\TalexFrame) 
[2022/01/16-13:08:32] [restartedMain] com.talex.frame.talexframe.TalexFrameApplication: No active profile set, falling back to default profiles: default 
[2022/01/16-13:08:34] [restartedMain] org.mybatis.spring.mapper.ClassPathMapperScanner: No MyBatis mapper was found in '[com.talex.frame.talexframe]' package. Please check your configuration. 
[2022/01/16-13:08:34] [restartedMain] org.apache.catalina.core.AprLifecycleListener: This listener must only be nested within Server elements, but is in [TomcatEmbeddedContext]. 
[2022/01/16-13:08:36] [restartedMain] com.zaxxer.hikari.HikariDataSource: HikariPool-1 - Starting... 
[2022/01/16-13:08:36] [restartedMain] com.zaxxer.hikari.HikariDataSource: HikariPool-1 - Start completed. 
[2022/01/16-13:08:38] [restartedMain] org.springframework.boot.autoconfigure.orm.jpa.JpaBaseConfiguration$JpaWebConfiguration: spring.jpa.open-in-view is enabled by default. Therefore, database queries may be performed during view rendering. Explicitly configure spring.jpa.open-in-view to disable this warning 
[2022/01/16-13:08:40] [restartedMain] com.talex.frame.talexframe.TalexFrameApplication: Started TalexFrameApplication in 9.657 seconds (JVM running for 10.993) 
[2022/01/16-13:10:06] [SpringApplicationShutdownHook] com.zaxxer.hikari.HikariDataSource: HikariPool-1 - Shutdown initiated... 
[2022/01/16-13:10:06] [SpringApplicationShutdownHook] com.zaxxer.hikari.HikariDataSource: HikariPool-1 - Shutdown completed. 
[2022/01/16-13:10:13] [restartedMain] com.talex.frame.talexframe.TalexFrameApplication: Starting TalexFrameApplication using Java 1.8.0_291 on LENOVO-NX-T with PID 18512 (G:\WorkSpace\Talexs\TalexFrame\target\classes started by Lenovo in G:\WorkSpace\Talexs\TalexFrame) 
[2022/01/16-13:10:13] [restartedMain] com.talex.frame.talexframe.TalexFrameApplication: No active profile set, falling back to default profiles: default 
[2022/01/16-13:10:14] [restartedMain] org.mybatis.spring.mapper.ClassPathMapperScanner: No MyBatis mapper was found in '[com.talex.frame.talexframe]' package. Please check your configuration. 
[2022/01/16-13:10:15] [restartedMain] org.apache.catalina.core.AprLifecycleListener: This listener must only be nested within Server elements, but is in [TomcatEmbeddedContext]. 
[2022/01/16-13:10:16] [restartedMain] com.zaxxer.hikari.HikariDataSource: HikariPool-1 - Starting... 
[2022/01/16-13:10:17] [restartedMain] com.zaxxer.hikari.HikariDataSource: HikariPool-1 - Start completed. 
[2022/01/16-13:10:18] [restartedMain] org.springframework.boot.autoconfigure.orm.jpa.JpaBaseConfiguration$JpaWebConfiguration: spring.jpa.open-in-view is enabled by default. Therefore, database queries may be performed during view rendering. Explicitly configure spring.jpa.open-in-view to disable this warning 
[2022/01/16-13:10:21] [restartedMain] com.talex.frame.talexframe.TalexFrameApplication: Started TalexFrameApplication in 8.838 seconds (JVM running for 9.991) 
[2022/01/16-13:10:43] [SpringApplicationShutdownHook] com.zaxxer.hikari.HikariDataSource: HikariPool-1 - Shutdown initiated... 
[2022/01/16-13:10:43] [SpringApplicationShutdownHook] com.zaxxer.hikari.HikariDataSource: HikariPool-1 - Shutdown completed. 
[2022/01/16-13:10:48] [restartedMain] com.talex.frame.talexframe.TalexFrameApplication: Starting TalexFrameApplication using Java 1.8.0_291 on LENOVO-NX-T with PID 7428 (G:\WorkSpace\Talexs\TalexFrame\target\classes started by Lenovo in G:\WorkSpace\Talexs\TalexFrame) 
[2022/01/16-13:10:48] [restartedMain] com.talex.frame.talexframe.TalexFrameApplication: No active profile set, falling back to default profiles: default 
[2022/01/16-13:10:48] [background-preinit] org.hibernate.validator.internal.util.Version: HV000001: Hibernate Validator 6.2.0.Final 
[2022/01/16-13:10:48] [restartedMain] org.springframework.boot.devtools.env.DevToolsPropertyDefaultsPostProcessor: Devtools property defaults active! Set 'spring.devtools.add-properties' to 'false' to disable 
[2022/01/16-13:10:48] [restartedMain] org.springframework.boot.devtools.env.DevToolsPropertyDefaultsPostProcessor: For additional web related logging consider setting the 'logging.level.web' property to 'DEBUG' 
[2022/01/16-13:10:49] [restartedMain] org.springframework.data.repository.config.RepositoryConfigurationDelegate: Multiple Spring Data modules found, entering strict repository configuration mode! 
[2022/01/16-13:10:49] [restartedMain] org.springframework.data.repository.config.RepositoryConfigurationDelegate: Bootstrapping Spring Data JPA repositories in DEFAULT mode. 
[2022/01/16-13:10:49] [restartedMain] org.springframework.data.repository.config.RepositoryConfigurationDelegate: Finished Spring Data repository scanning in 58 ms. Found 1 JPA repository interfaces. 
[2022/01/16-13:10:49] [restartedMain] org.springframework.data.repository.config.RepositoryConfigurationDelegate: Multiple Spring Data modules found, entering strict repository configuration mode! 
[2022/01/16-13:10:49] [restartedMain] org.springframework.data.repository.config.RepositoryConfigurationDelegate: Bootstrapping Spring Data Redis repositories in DEFAULT mode. 
[2022/01/16-13:10:49] [restartedMain] org.springframework.data.repository.config.RepositoryConfigurationExtensionSupport: Spring Data Redis - Could not safely identify store assignment for repository candidate interface com.talex.frame.talexframe.dao.BaseUserDataRepository. If you want this repository to be a Redis repository, consider annotating your entities with one of these annotations: org.springframework.data.redis.core.RedisHash (preferred), or consider extending one of the following types with your repository: org.springframework.data.keyvalue.repository.KeyValueRepository. 
[2022/01/16-13:10:49] [restartedMain] org.springframework.data.repository.config.RepositoryConfigurationDelegate: Finished Spring Data repository scanning in 6 ms. Found 0 Redis repository interfaces. 
[2022/01/16-13:10:50] [restartedMain] org.mybatis.spring.mapper.ClassPathMapperScanner: No MyBatis mapper was found in '[com.talex.frame.talexframe]' package. Please check your configuration. 
[2022/01/16-13:10:50] [restartedMain] org.springframework.cloud.context.scope.GenericScope: BeanFactory id=6ee48b34-2fb7-391e-a45d-f7e61555b1cc 
[2022/01/16-13:10:50] [restartedMain] org.springframework.boot.web.embedded.tomcat.TomcatWebServer: Tomcat initialized with port(s): 8080 (http) 
[2022/01/16-13:10:50] [restartedMain] org.apache.coyote.http11.Http11NioProtocol: Initializing ProtocolHandler ["http-nio-8080"] 
[2022/01/16-13:10:50] [restartedMain] org.apache.catalina.core.StandardService: Starting service [Tomcat] 
[2022/01/16-13:10:50] [restartedMain] org.apache.catalina.core.StandardEngine: Starting Servlet engine: [Apache Tomcat/9.0.56] 
[2022/01/16-13:10:50] [restartedMain] org.apache.catalina.core.AprLifecycleListener: This listener must only be nested within Server elements, but is in [TomcatEmbeddedContext]. 
[2022/01/16-13:10:50] [restartedMain] org.apache.catalina.core.AprLifecycleListener: An older version [1.2.14] of the Apache Tomcat Native library is installed, while Tomcat recommends a minimum version of [1.2.30] 
[2022/01/16-13:10:50] [restartedMain] org.apache.catalina.core.AprLifecycleListener: Loaded Apache Tomcat Native library [1.2.14] using APR version [1.6.2]. 
[2022/01/16-13:10:50] [restartedMain] org.apache.catalina.core.AprLifecycleListener: APR capabilities: IPv6 [true], sendfile [true], accept filters [false], random [true], UDS [false]. 
[2022/01/16-13:10:50] [restartedMain] org.apache.catalina.core.AprLifecycleListener: APR/OpenSSL configuration: useAprConnector [false], useOpenSSL [true] 
[2022/01/16-13:10:51] [restartedMain] org.apache.catalina.core.AprLifecycleListener: OpenSSL successfully initialized [OpenSSL 1.0.2l  25 May 2017] 
[2022/01/16-13:10:52] [restartedMain] org.apache.catalina.core.ContainerBase.[Tomcat].[localhost].[/]: Initializing Spring embedded WebApplicationContext 
[2022/01/16-13:10:52] [restartedMain] org.springframework.boot.web.servlet.context.ServletWebServerApplicationContext: Root WebApplicationContext: initialization completed in 3578 ms 
[2022/01/16-13:10:52] [restartedMain] com.zaxxer.hikari.HikariDataSource: HikariPool-1 - Starting... 
[2022/01/16-13:10:52] [restartedMain] com.zaxxer.hikari.HikariDataSource: HikariPool-1 - Start completed. 
[2022/01/16-13:10:52] [restartedMain] org.hibernate.jpa.internal.util.LogHelper: HHH000204: Processing PersistenceUnitInfo [name: default] 
[2022/01/16-13:10:52] [restartedMain] org.hibernate.Version: HHH000412: Hibernate ORM core version 5.6.3.Final 
[2022/01/16-13:10:52] [restartedMain] org.hibernate.annotations.common.Version: HCANN000001: Hibernate Commons Annotations {5.1.2.Final} 
[2022/01/16-13:10:52] [restartedMain] org.hibernate.dialect.Dialect: HHH000400: Using dialect: org.hibernate.dialect.MySQL57Dialect 
[2022/01/16-13:10:53] [restartedMain] org.hibernate.engine.transaction.jta.platform.internal.JtaPlatformInitiator: HHH000490: Using JtaPlatform implementation: [org.hibernate.engine.transaction.jta.platform.internal.NoJtaPlatform] 
[2022/01/16-13:10:53] [restartedMain] org.springframework.orm.jpa.LocalContainerEntityManagerFactoryBean: Initialized JPA EntityManagerFactory for persistence unit 'default' 
[2022/01/16-13:10:54] [restartedMain] org.springframework.boot.autoconfigure.orm.jpa.JpaBaseConfiguration$JpaWebConfiguration: spring.jpa.open-in-view is enabled by default. Therefore, database queries may be performed during view rendering. Explicitly configure spring.jpa.open-in-view to disable this warning 
[2022/01/16-13:10:55] [restartedMain] org.springframework.boot.autoconfigure.security.servlet.UserDetailsServiceAutoConfiguration: 

Using generated security password: 930f14e8-493b-47e1-ace6-75f09ed72660
 
[2022/01/16-13:10:55] [restartedMain] org.springframework.boot.actuate.endpoint.web.EndpointLinksResolver: Exposing 1 endpoint(s) beneath base path '/actuator' 
[2022/01/16-13:10:55] [restartedMain] org.springframework.security.web.DefaultSecurityFilterChain: Will secure any request with [org.springframework.security.web.context.request.async.WebAsyncManagerIntegrationFilter@26479a41, org.springframework.security.web.context.SecurityContextPersistenceFilter@62e48da8, org.springframework.security.web.header.HeaderWriterFilter@6d9fedd7, org.springframework.web.filter.CorsFilter@1d7f98d2, org.springframework.security.web.csrf.CsrfFilter@39cf570c, org.springframework.security.web.authentication.logout.LogoutFilter@7e95941c, org.springframework.security.web.authentication.UsernamePasswordAuthenticationFilter@2e2f4a6b, org.springframework.security.web.authentication.ui.DefaultLoginPageGeneratingFilter@6242ead7, org.springframework.security.web.authentication.ui.DefaultLogoutPageGeneratingFilter@2abaff86, org.springframework.security.web.authentication.www.BasicAuthenticationFilter@3c816e7d, org.springframework.security.web.savedrequest.RequestCacheAwareFilter@439ee0cc, org.springframework.security.web.servletapi.SecurityContextHolderAwareRequestFilter@4ca6644a, org.springframework.security.web.authentication.AnonymousAuthenticationFilter@140adc19, org.springframework.security.web.session.SessionManagementFilter@37ceb93, org.springframework.security.web.access.ExceptionTranslationFilter@66f5404, org.springframework.security.web.access.intercept.FilterSecurityInterceptor@7651b9ae] 
[2022/01/16-13:10:55] [restartedMain] org.springframework.boot.devtools.autoconfigure.OptionalLiveReloadServer: LiveReload server is running on port 35729 
[2022/01/16-13:10:56] [restartedMain] org.apache.coyote.http11.Http11NioProtocol: Starting ProtocolHandler ["http-nio-8080"] 
[2022/01/16-13:10:56] [restartedMain] org.springframework.boot.web.embedded.tomcat.TomcatWebServer: Tomcat started on port(s): 8080 (http) with context path '' 
[2022/01/16-13:10:56] [restartedMain] com.talex.frame.talexframe.TalexFrameApplication: Started TalexFrameApplication in 9.34 seconds (JVM running for 10.61) 
[2022/01/16-13:10:57] [RMI TCP Connection(2)-192.168.2.11] org.springframework.amqp.rabbit.connection.CachingConnectionFactory: Attempting to connect to: [localhost:5672] 
[2022/01/16-13:10:57] [RMI TCP Connection(1)-192.168.2.11] org.apache.catalina.core.ContainerBase.[Tomcat].[localhost].[/]: Initializing Spring DispatcherServlet 'dispatcherServlet' 
[2022/01/16-13:10:57] [RMI TCP Connection(1)-192.168.2.11] org.springframework.web.servlet.DispatcherServlet: Initializing Servlet 'dispatcherServlet' 
[2022/01/16-13:10:57] [RMI TCP Connection(1)-192.168.2.11] org.springframework.web.servlet.DispatcherServlet: Completed initialization in 2 ms 
[2022/01/16-13:10:57] [RMI TCP Connection(2)-192.168.2.11] org.springframework.amqp.rabbit.connection.CachingConnectionFactory: Created new connection: rabbitConnectionFactory#7ecb530b:0/SimpleConnection@590f7326 [delegate=amqp://guest@127.0.0.1:5672/, localPort= 65200] 
[2022/01/16-13:11:52] [SpringApplicationShutdownHook] org.springframework.orm.jpa.LocalContainerEntityManagerFactoryBean: Closing JPA EntityManagerFactory for persistence unit 'default' 
[2022/01/16-13:11:52] [SpringApplicationShutdownHook] org.hibernate.tool.schema.internal.SchemaDropperImpl$DelayedDropActionImpl: HHH000477: Starting delayed evictData of schema as part of SessionFactory shut-down' 
[2022/01/16-13:11:52] [SpringApplicationShutdownHook] com.zaxxer.hikari.HikariDataSource: HikariPool-1 - Shutdown initiated... 
[2022/01/16-13:11:52] [SpringApplicationShutdownHook] com.zaxxer.hikari.HikariDataSource: HikariPool-1 - Shutdown completed. 
[2022/01/16-13:11:57] [restartedMain] com.talex.frame.talexframe.TalexFrameApplication: Starting TalexFrameApplication using Java 1.8.0_291 on LENOVO-NX-T with PID 29500 (G:\WorkSpace\Talexs\TalexFrame\target\classes started by Lenovo in G:\WorkSpace\Talexs\TalexFrame) 
[2022/01/16-13:11:57] [restartedMain] com.talex.frame.talexframe.TalexFrameApplication: No active profile set, falling back to default profiles: default 
[2022/01/16-13:11:59] [restartedMain] org.mybatis.spring.mapper.ClassPathMapperScanner: No MyBatis mapper was found in '[com.talex.frame.talexframe]' package. Please check your configuration. 
[2022/01/16-13:11:59] [restartedMain] org.apache.catalina.core.AprLifecycleListener: This listener must only be nested within Server elements, but is in [TomcatEmbeddedContext]. 
[2022/01/16-13:12:01] [restartedMain] com.zaxxer.hikari.HikariDataSource: HikariPool-1 - Starting... 
[2022/01/16-13:12:01] [restartedMain] com.zaxxer.hikari.HikariDataSource: HikariPool-1 - Start completed. 
[2022/01/16-13:12:03] [restartedMain] org.springframework.boot.autoconfigure.orm.jpa.JpaBaseConfiguration$JpaWebConfiguration: spring.jpa.open-in-view is enabled by default. Therefore, database queries may be performed during view rendering. Explicitly configure spring.jpa.open-in-view to disable this warning 
[2022/01/16-13:12:05] [restartedMain] com.talex.frame.talexframe.TalexFrameApplication: Started TalexFrameApplication in 9.384 seconds (JVM running for 10.643) 
[2022/01/16-13:12:28] [SpringApplicationShutdownHook] com.zaxxer.hikari.HikariDataSource: HikariPool-1 - Shutdown initiated... 
[2022/01/16-13:12:28] [SpringApplicationShutdownHook] com.zaxxer.hikari.HikariDataSource: HikariPool-1 - Shutdown completed. 
[2022/01/16-13:12:33] [restartedMain] com.talex.frame.talexframe.TalexFrameApplication: Starting TalexFrameApplication using Java 1.8.0_291 on LENOVO-NX-T with PID 9432 (G:\WorkSpace\Talexs\TalexFrame\target\classes started by Lenovo in G:\WorkSpace\Talexs\TalexFrame) 
[2022/01/16-13:12:33] [restartedMain] com.talex.frame.talexframe.TalexFrameApplication: No active profile set, falling back to default profiles: default 
[2022/01/16-13:12:35] [restartedMain] org.mybatis.spring.mapper.ClassPathMapperScanner: No MyBatis mapper was found in '[com.talex.frame.talexframe]' package. Please check your configuration. 
[2022/01/16-13:12:35] [restartedMain] org.apache.catalina.core.AprLifecycleListener: This listener must only be nested within Server elements, but is in [TomcatEmbeddedContext]. 
[2022/01/16-13:12:39] [restartedMain] org.springframework.boot.autoconfigure.orm.jpa.JpaBaseConfiguration$JpaWebConfiguration: spring.jpa.open-in-view is enabled by default. Therefore, database queries may be performed during view rendering. Explicitly configure spring.jpa.open-in-view to disable this warning 
[2022/01/16-13:12:41] [restartedMain] com.talex.frame.talexframe.TalexFrameApplication: Started TalexFrameApplication in 9.34 seconds (JVM running for 10.528) 
[2022/01/16-13:14:14] [restartedMain] com.talex.frame.talexframe.TalexFrameApplication: Starting TalexFrameApplication using Java 1.8.0_291 on LENOVO-NX-T with PID 11652 (G:\WorkSpace\Talexs\TalexFrame\target\classes started by Lenovo in G:\WorkSpace\Talexs\TalexFrame) 
[2022/01/16-13:14:14] [restartedMain] com.talex.frame.talexframe.TalexFrameApplication: No active profile set, falling back to default profiles: default 
[2022/01/16-13:14:16] [restartedMain] org.mybatis.spring.mapper.ClassPathMapperScanner: No MyBatis mapper was found in '[com.talex.frame.talexframe]' package. Please check your configuration. 
[2022/01/16-13:14:17] [restartedMain] org.apache.catalina.core.AprLifecycleListener: This listener must only be nested within Server elements, but is in [TomcatEmbeddedContext]. 
[2022/01/16-13:14:22] [restartedMain] org.springframework.boot.autoconfigure.orm.jpa.JpaBaseConfiguration$JpaWebConfiguration: spring.jpa.open-in-view is enabled by default. Therefore, database queries may be performed during view rendering. Explicitly configure spring.jpa.open-in-view to disable this warning 
[2022/01/16-13:14:25] [restartedMain] com.talex.frame.talexframe.TalexFrameApplication: Started TalexFrameApplication in 11.877 seconds (JVM running for 13.267) 
[2022/01/16-13:19:53] [main] com.talex.frame.talexframe.TalexFrameApplication: Starting TalexFrameApplication using Java 1.8.0_291 on LENOVO-NX-T with PID 25272 (G:\WorkSpace\Talexs\TalexFrame\target\classes started by Lenovo in G:\WorkSpace\Talexs\TalexFrame) 
[2022/01/16-13:19:53] [main] com.talex.frame.talexframe.TalexFrameApplication: No active profile set, falling back to default profiles: default 
[2022/01/16-13:19:56] [main] org.mybatis.spring.mapper.ClassPathMapperScanner: No MyBatis mapper was found in '[com.talex.frame.talexframe]' package. Please check your configuration. 
[2022/01/16-13:19:57] [main] org.apache.catalina.core.AprLifecycleListener: This listener must only be nested within Server elements, but is in [TomcatEmbeddedContext]. 
[2022/01/16-13:20:02] [main] org.springframework.boot.autoconfigure.orm.jpa.JpaBaseConfiguration$JpaWebConfiguration: spring.jpa.open-in-view is enabled by default. Therefore, database queries may be performed during view rendering. Explicitly configure spring.jpa.open-in-view to disable this warning 
[2022/01/16-13:20:05] [main] com.talex.frame.talexframe.TalexFrameApplication: Started TalexFrameApplication in 13.896 seconds (JVM running for 18.388) 
[2022/01/16-13:21:59] [main] com.talex.frame.talexframe.TalexFrameApplication: Starting TalexFrameApplication using Java 1.8.0_291 on LENOVO-NX-T with PID 25964 (G:\WorkSpace\Talexs\TalexFrame\target\classes started by Lenovo in G:\WorkSpace\Talexs\TalexFrame) 
[2022/01/16-13:21:59] [main] com.talex.frame.talexframe.TalexFrameApplication: No active profile set, falling back to default profiles: default 
[2022/01/16-13:22:01] [main] org.mybatis.spring.mapper.ClassPathMapperScanner: No MyBatis mapper was found in '[com.talex.frame.talexframe]' package. Please check your configuration. 
[2022/01/16-13:22:03] [main] org.apache.catalina.core.AprLifecycleListener: This listener must only be nested within Server elements, but is in [TomcatEmbeddedContext]. 
[2022/01/16-13:22:07] [main] org.springframework.boot.autoconfigure.orm.jpa.JpaBaseConfiguration$JpaWebConfiguration: spring.jpa.open-in-view is enabled by default. Therefore, database queries may be performed during view rendering. Explicitly configure spring.jpa.open-in-view to disable this warning 
[2022/01/16-13:22:08] [main] org.springframework.boot.autoconfigure.security.servlet.UserDetailsServiceAutoConfiguration: 

Using generated security password: 62ca5b38-3a28-4866-938f-e7f1afefabc9
 
[2022/01/16-13:22:10] [main] com.talex.frame.talexframe.TalexFrameApplication: Started TalexFrameApplication in 12.414 seconds (JVM running for 16.258) 
[2022/01/16-13:22:16] [http-nio-8080-exec-2] org.springframework.web.servlet.mvc.method.annotation.ExceptionHandlerExceptionResolver: Resolved [org.springframework.web.HttpRequestMethodNotSupportedException: Request method 'GET' not supported] 
[2022/01/16-13:23:06] [http-nio-8080-exec-4] org.mybatis.spring.mapper.ClassPathMapperScanner: No MyBatis mapper was found in '[com.talex.frame.talexframe]' package. Please check your configuration. 
[2022/01/16-13:23:53] [main] com.talex.frame.talexframe.TalexFrameApplication: Starting TalexFrameApplication using Java 1.8.0_291 on LENOVO-NX-T with PID 31768 (G:\WorkSpace\Talexs\TalexFrame\target\classes started by Lenovo in G:\WorkSpace\Talexs\TalexFrame) 
[2022/01/16-13:23:53] [main] com.talex.frame.talexframe.TalexFrameApplication: No active profile set, falling back to default profiles: default 
[2022/01/16-13:23:56] [main] org.mybatis.spring.mapper.ClassPathMapperScanner: No MyBatis mapper was found in '[com.talex.frame.talexframe]' package. Please check your configuration. 
[2022/01/16-13:23:57] [main] org.apache.catalina.core.AprLifecycleListener: This listener must only be nested within Server elements, but is in [TomcatEmbeddedContext]. 
[2022/01/16-13:24:02] [main] org.springframework.boot.autoconfigure.orm.jpa.JpaBaseConfiguration$JpaWebConfiguration: spring.jpa.open-in-view is enabled by default. Therefore, database queries may be performed during view rendering. Explicitly configure spring.jpa.open-in-view to disable this warning 
[2022/01/16-13:24:03] [main] org.springframework.boot.autoconfigure.security.servlet.UserDetailsServiceAutoConfiguration: 

Using generated security password: 48a630de-e0dc-4695-983b-dc91aeade7d4
 
[2022/01/16-13:24:04] [main] com.talex.frame.talexframe.TalexFrameApplication: Started TalexFrameApplication in 12.727 seconds (JVM running for 16.788) 
[2022/01/16-13:24:44] [http-nio-8080-exec-3] org.mybatis.spring.mapper.ClassPathMapperScanner: No MyBatis mapper was found in '[com.talex.frame.talexframe]' package. Please check your configuration. 
[2022/01/16-13:24:45] [http-nio-8080-exec-3] org.springframework.web.servlet.mvc.method.annotation.ExceptionHandlerExceptionResolver: Resolved [org.springframework.web.HttpRequestMethodNotSupportedException: Request method 'GET' not supported] 
[2022/01/16-13:37:21] [http-nio-8080-exec-5] org.mybatis.spring.mapper.ClassPathMapperScanner: No MyBatis mapper was found in '[com.talex.frame.talexframe]' package. Please check your configuration. 
[2022/01/16-13:38:37] [http-nio-8080-exec-7] org.springframework.web.servlet.mvc.method.annotation.ExceptionHandlerExceptionResolver: Resolved [org.springframework.web.HttpRequestMethodNotSupportedException: Request method 'GET' not supported] 
[2022/01/16-13:42:53] [http-nio-8080-exec-8] org.springframework.web.servlet.mvc.method.annotation.ExceptionHandlerExceptionResolver: Resolved [org.springframework.web.HttpRequestMethodNotSupportedException: Request method 'GET' not supported] 
[2022/01/16-13:43:30] [restartedMain] com.talex.frame.talexframe.TalexFrameApplication: Starting TalexFrameApplication using Java 1.8.0_291 on LENOVO-NX-T with PID 29272 (G:\WorkSpace\Talexs\TalexFrame\target\classes started by Lenovo in G:\WorkSpace\Talexs\TalexFrame) 
[2022/01/16-13:43:30] [restartedMain] com.talex.frame.talexframe.TalexFrameApplication: No active profile set, falling back to default profiles: default 
[2022/01/16-13:43:32] [restartedMain] org.mybatis.spring.mapper.ClassPathMapperScanner: No MyBatis mapper was found in '[com.talex.frame.talexframe]' package. Please check your configuration. 
[2022/01/16-13:43:32] [restartedMain] org.apache.catalina.core.AprLifecycleListener: This listener must only be nested within Server elements, but is in [TomcatEmbeddedContext]. 
[2022/01/16-13:43:37] [restartedMain] org.springframework.boot.autoconfigure.orm.jpa.JpaBaseConfiguration$JpaWebConfiguration: spring.jpa.open-in-view is enabled by default. Therefore, database queries may be performed during view rendering. Explicitly configure spring.jpa.open-in-view to disable this warning 
[2022/01/16-13:43:38] [restartedMain] org.springframework.boot.autoconfigure.security.servlet.UserDetailsServiceAutoConfiguration: 

Using generated security password: 2a283c37-5a30-48f4-a621-0dd0608c873a
 
[2022/01/16-13:43:39] [restartedMain] com.talex.frame.talexframe.TalexFrameApplication: Started TalexFrameApplication in 11.065 seconds (JVM running for 12.934) 
[2022/01/16-13:47:47] [restartedMain] com.talex.frame.talexframe.TalexFrameApplication: Starting TalexFrameApplication using Java 1.8.0_291 on LENOVO-NX-T with PID 18544 (G:\WorkSpace\Talexs\TalexFrame\target\classes started by Lenovo in G:\WorkSpace\Talexs\TalexFrame) 
[2022/01/16-13:47:47] [restartedMain] com.talex.frame.talexframe.TalexFrameApplication: No active profile set, falling back to default profiles: default 
[2022/01/16-13:47:49] [restartedMain] org.mybatis.spring.mapper.ClassPathMapperScanner: No MyBatis mapper was found in '[com.talex.frame.talexframe]' package. Please check your configuration. 
[2022/01/16-13:47:49] [restartedMain] org.apache.catalina.core.AprLifecycleListener: This listener must only be nested within Server elements, but is in [TomcatEmbeddedContext]. 
[2022/01/16-13:47:53] [restartedMain] org.springframework.boot.autoconfigure.orm.jpa.JpaBaseConfiguration$JpaWebConfiguration: spring.jpa.open-in-view is enabled by default. Therefore, database queries may be performed during view rendering. Explicitly configure spring.jpa.open-in-view to disable this warning 
[2022/01/16-13:47:55] [restartedMain] org.springframework.boot.autoconfigure.security.servlet.UserDetailsServiceAutoConfiguration: 

Using generated security password: 92f7eecb-92fd-4ea1-9cf3-cbb3322b2205
 
[2022/01/16-13:47:56] [restartedMain] com.talex.frame.talexframe.TalexFrameApplication: Started TalexFrameApplication in 10.689 seconds (JVM running for 12.216) 
[2022/01/16-13:49:54] [restartedMain] com.talex.frame.talexframe.TalexFrameApplication: Starting TalexFrameApplication using Java 1.8.0_291 on LENOVO-NX-T with PID 30920 (G:\WorkSpace\Talexs\TalexFrame\target\classes started by Lenovo in G:\WorkSpace\Talexs\TalexFrame) 
[2022/01/16-13:49:54] [restartedMain] com.talex.frame.talexframe.TalexFrameApplication: No active profile set, falling back to default profiles: default 
[2022/01/16-13:49:57] [restartedMain] org.mybatis.spring.mapper.ClassPathMapperScanner: No MyBatis mapper was found in '[com.talex.frame.talexframe]' package. Please check your configuration. 
[2022/01/16-13:49:58] [restartedMain] org.apache.catalina.core.AprLifecycleListener: This listener must only be nested within Server elements, but is in [TomcatEmbeddedContext]. 
[2022/01/16-13:50:01] [restartedMain] org.springframework.boot.autoconfigure.orm.jpa.JpaBaseConfiguration$JpaWebConfiguration: spring.jpa.open-in-view is enabled by default. Therefore, database queries may be performed during view rendering. Explicitly configure spring.jpa.open-in-view to disable this warning 
[2022/01/16-13:50:02] [restartedMain] org.springframework.boot.autoconfigure.security.servlet.UserDetailsServiceAutoConfiguration: 

Using generated security password: b8d353c1-002c-4735-b5ba-636e1ed9cb10
 
[2022/01/16-13:50:03] [restartedMain] com.talex.frame.talexframe.TalexFrameApplication: Started TalexFrameApplication in 10.118 seconds (JVM running for 11.326) 
[2022/01/16-13:51:41] [restartedMain] com.talex.frame.talexframe.TalexFrameApplication: Starting TalexFrameApplication using Java 1.8.0_291 on LENOVO-NX-T with PID 30920 (G:\WorkSpace\Talexs\TalexFrame\target\classes started by Lenovo in G:\WorkSpace\Talexs\TalexFrame) 
[2022/01/16-13:51:41] [restartedMain] com.talex.frame.talexframe.TalexFrameApplication: No active profile set, falling back to default profiles: default 
[2022/01/16-13:51:41] [restartedMain] org.mybatis.spring.mapper.ClassPathMapperScanner: No MyBatis mapper was found in '[com.talex.frame.talexframe]' package. Please check your configuration. 
[2022/01/16-13:51:42] [restartedMain] org.apache.catalina.core.AprLifecycleListener: This listener must only be nested within Server elements, but is in [TomcatEmbeddedContext]. 
[2022/01/16-13:51:43] [restartedMain] org.springframework.boot.autoconfigure.orm.jpa.JpaBaseConfiguration$JpaWebConfiguration: spring.jpa.open-in-view is enabled by default. Therefore, database queries may be performed during view rendering. Explicitly configure spring.jpa.open-in-view to disable this warning 
[2022/01/16-13:51:43] [restartedMain] org.springframework.boot.autoconfigure.security.servlet.UserDetailsServiceAutoConfiguration: 

Using generated security password: cb961204-9fa2-47a6-bedf-a2ade62b824f
 
[2022/01/16-13:51:44] [restartedMain] com.talex.frame.talexframe.TalexFrameApplication: Started TalexFrameApplication in 4.162 seconds (JVM running for 112.405) 
[2022/01/16-13:51:46] [restartedMain] com.talex.frame.talexframe.TalexFrameApplication: Starting TalexFrameApplication using Java 1.8.0_291 on LENOVO-NX-T with PID 30920 (G:\WorkSpace\Talexs\TalexFrame\target\classes started by Lenovo in G:\WorkSpace\Talexs\TalexFrame) 
[2022/01/16-13:51:46] [restartedMain] com.talex.frame.talexframe.TalexFrameApplication: No active profile set, falling back to default profiles: default 
[2022/01/16-13:51:46] [restartedMain] org.mybatis.spring.mapper.ClassPathMapperScanner: No MyBatis mapper was found in '[com.talex.frame.talexframe]' package. Please check your configuration. 
[2022/01/16-13:51:47] [restartedMain] org.apache.catalina.core.AprLifecycleListener: This listener must only be nested within Server elements, but is in [TomcatEmbeddedContext]. 
[2022/01/16-13:51:47] [restartedMain] org.springframework.boot.autoconfigure.orm.jpa.JpaBaseConfiguration$JpaWebConfiguration: spring.jpa.open-in-view is enabled by default. Therefore, database queries may be performed during view rendering. Explicitly configure spring.jpa.open-in-view to disable this warning 
[2022/01/16-13:51:47] [restartedMain] org.springframework.boot.autoconfigure.security.servlet.UserDetailsServiceAutoConfiguration: 

Using generated security password: 6c2c79c8-d9bf-4bda-97a7-c5e325a0cc69
 
[2022/01/16-13:51:49] [restartedMain] com.talex.frame.talexframe.TalexFrameApplication: Started TalexFrameApplication in 3.2 seconds (JVM running for 116.581) 
[2022/01/16-13:51:51] [restartedMain] com.talex.frame.talexframe.TalexFrameApplication: Starting TalexFrameApplication using Java 1.8.0_291 on LENOVO-NX-T with PID 30920 (G:\WorkSpace\Talexs\TalexFrame\target\classes started by Lenovo in G:\WorkSpace\Talexs\TalexFrame) 
[2022/01/16-13:51:51] [restartedMain] com.talex.frame.talexframe.TalexFrameApplication: No active profile set, falling back to default profiles: default 
[2022/01/16-13:51:52] [restartedMain] org.mybatis.spring.mapper.ClassPathMapperScanner: No MyBatis mapper was found in '[com.talex.frame.talexframe]' package. Please check your configuration. 
[2022/01/16-13:51:52] [restartedMain] org.apache.catalina.core.AprLifecycleListener: This listener must only be nested within Server elements, but is in [TomcatEmbeddedContext]. 
[2022/01/16-13:51:53] [restartedMain] org.springframework.boot.autoconfigure.orm.jpa.JpaBaseConfiguration$JpaWebConfiguration: spring.jpa.open-in-view is enabled by default. Therefore, database queries may be performed during view rendering. Explicitly configure spring.jpa.open-in-view to disable this warning 
[2022/01/16-13:51:54] [restartedMain] org.springframework.boot.autoconfigure.security.servlet.UserDetailsServiceAutoConfiguration: 

Using generated security password: 09b1d65d-e3f0-499a-a026-37a430ff48d6
 
[2022/01/16-13:51:55] [restartedMain] com.talex.frame.talexframe.TalexFrameApplication: Started TalexFrameApplication in 4.908 seconds (JVM running for 123.11) 
[2022/01/16-13:51:55] [main] com.talex.frame.talexframe.TalexFrameApplicationTests: Starting TalexFrameApplicationTests using Java 1.8.0_291 on LENOVO-NX-T with PID 2216 (started by Lenovo in G:\WorkSpace\Talexs\TalexFrame) 
[2022/01/16-13:51:55] [main] com.talex.frame.talexframe.TalexFrameApplicationTests: No active profile set, falling back to default profiles: default 
[2022/01/16-13:51:59] [main] org.mybatis.spring.mapper.ClassPathMapperScanner: No MyBatis mapper was found in '[com.talex.frame.talexframe]' package. Please check your configuration. 
[2022/01/16-13:52:05] [main] org.springframework.boot.autoconfigure.orm.jpa.JpaBaseConfiguration$JpaWebConfiguration: spring.jpa.open-in-view is enabled by default. Therefore, database queries may be performed during view rendering. Explicitly configure spring.jpa.open-in-view to disable this warning 
[2022/01/16-13:52:07] [main] org.springframework.boot.autoconfigure.security.servlet.UserDetailsServiceAutoConfiguration: 

Using generated security password: 813e9fcd-ace2-4aea-babc-9fe56a4b90ff
 
[2022/01/16-13:52:08] [main] com.talex.frame.talexframe.TalexFrameApplicationTests: Started TalexFrameApplicationTests in 14.141 seconds (JVM running for 16.432) 
[2022/01/16-13:58:47] [restartedMain] com.talex.frame.talexframe.TalexFrameApplication: Starting TalexFrameApplication using Java 1.8.0_291 on LENOVO-NX-T with PID 30920 (G:\WorkSpace\Talexs\TalexFrame\target\classes started by Lenovo in G:\WorkSpace\Talexs\TalexFrame) 
[2022/01/16-13:58:47] [restartedMain] com.talex.frame.talexframe.TalexFrameApplication: No active profile set, falling back to default profiles: default 
[2022/01/16-13:58:48] [restartedMain] org.mybatis.spring.mapper.ClassPathMapperScanner: No MyBatis mapper was found in '[com.talex.frame.talexframe]' package. Please check your configuration. 
[2022/01/16-13:58:48] [restartedMain] org.apache.catalina.core.AprLifecycleListener: This listener must only be nested within Server elements, but is in [TomcatEmbeddedContext]. 
[2022/01/16-13:58:48] [restartedMain] org.springframework.boot.autoconfigure.orm.jpa.JpaBaseConfiguration$JpaWebConfiguration: spring.jpa.open-in-view is enabled by default. Therefore, database queries may be performed during view rendering. Explicitly configure spring.jpa.open-in-view to disable this warning 
[2022/01/16-13:58:48] [restartedMain] org.springframework.boot.autoconfigure.security.servlet.UserDetailsServiceAutoConfiguration: 

Using generated security password: cf295029-bb28-45fb-9ab8-086a33817036
 
[2022/01/16-13:58:50] [restartedMain] com.talex.frame.talexframe.TalexFrameApplication: Started TalexFrameApplication in 3.305 seconds (JVM running for 537.667) 
[2022/01/16-13:58:51] [restartedMain] com.talex.frame.talexframe.TalexFrameApplication: Starting TalexFrameApplication using Java 1.8.0_291 on LENOVO-NX-T with PID 30920 (G:\WorkSpace\Talexs\TalexFrame\target\classes started by Lenovo in G:\WorkSpace\Talexs\TalexFrame) 
[2022/01/16-13:58:51] [restartedMain] com.talex.frame.talexframe.TalexFrameApplication: No active profile set, falling back to default profiles: default 
[2022/01/16-13:58:52] [restartedMain] org.mybatis.spring.mapper.ClassPathMapperScanner: No MyBatis mapper was found in '[com.talex.frame.talexframe]' package. Please check your configuration. 
[2022/01/16-13:58:52] [restartedMain] org.apache.catalina.core.AprLifecycleListener: This listener must only be nested within Server elements, but is in [TomcatEmbeddedContext]. 
[2022/01/16-13:58:52] [restartedMain] org.springframework.boot.autoconfigure.orm.jpa.JpaBaseConfiguration$JpaWebConfiguration: spring.jpa.open-in-view is enabled by default. Therefore, database queries may be performed during view rendering. Explicitly configure spring.jpa.open-in-view to disable this warning 
[2022/01/16-13:58:53] [restartedMain] org.springframework.boot.autoconfigure.security.servlet.UserDetailsServiceAutoConfiguration: 

Using generated security password: a0717332-7438-4c46-8dcc-223219dbdb6c
 
[2022/01/16-13:58:54] [main] com.talex.frame.talexframe.TalexFrameApplicationTests: Starting TalexFrameApplicationTests using Java 1.8.0_291 on LENOVO-NX-T with PID 29088 (started by Lenovo in G:\WorkSpace\Talexs\TalexFrame) 
[2022/01/16-13:58:54] [main] com.talex.frame.talexframe.TalexFrameApplicationTests: No active profile set, falling back to default profiles: default 
[2022/01/16-13:58:54] [restartedMain] com.talex.frame.talexframe.TalexFrameApplication: Started TalexFrameApplication in 3.48 seconds (JVM running for 541.919) 
[2022/01/16-13:58:56] [main] org.mybatis.spring.mapper.ClassPathMapperScanner: No MyBatis mapper was found in '[com.talex.frame.talexframe]' package. Please check your configuration. 
[2022/01/16-13:59:01] [main] org.springframework.boot.autoconfigure.orm.jpa.JpaBaseConfiguration$JpaWebConfiguration: spring.jpa.open-in-view is enabled by default. Therefore, database queries may be performed during view rendering. Explicitly configure spring.jpa.open-in-view to disable this warning 
[2022/01/16-13:59:03] [main] org.springframework.boot.autoconfigure.security.servlet.UserDetailsServiceAutoConfiguration: 

Using generated security password: 33a4e7c8-4401-403c-b781-662f9788f3b7
 
[2022/01/16-13:59:04] [main] com.talex.frame.talexframe.TalexFrameApplicationTests: Started TalexFrameApplicationTests in 11.473 seconds (JVM running for 12.9) 
[2022/01/16-14:14:08] [main] com.talex.frame.talexframe.TalexFrameApplication: Starting TalexFrameApplication using Java 1.8.0_291 on LENOVO-NX-T with PID 4868 (G:\WorkSpace\Talexs\TalexFrame\target\classes started by Lenovo in G:\WorkSpace\Talexs\TalexFrame) 
[2022/01/16-14:14:08] [main] com.talex.frame.talexframe.TalexFrameApplication: No active profile set, falling back to default profiles: default 
[2022/01/16-14:14:12] [main] org.mybatis.spring.mapper.ClassPathMapperScanner: No MyBatis mapper was found in '[com.talex.frame.talexframe]' package. Please check your configuration. 
[2022/01/16-14:14:13] [main] org.apache.catalina.core.AprLifecycleListener: This listener must only be nested within Server elements, but is in [TomcatEmbeddedContext]. 
[2022/01/16-14:14:19] [main] org.springframework.boot.autoconfigure.orm.jpa.JpaBaseConfiguration$JpaWebConfiguration: spring.jpa.open-in-view is enabled by default. Therefore, database queries may be performed during view rendering. Explicitly configure spring.jpa.open-in-view to disable this warning 
[2022/01/16-14:14:20] [main] org.springframework.boot.autoconfigure.security.servlet.UserDetailsServiceAutoConfiguration: 

Using generated security password: 0a89b96d-b9c0-4f31-b5ce-da785ba580d8
 
[2022/01/16-14:14:21] [main] org.springframework.boot.devtools.autoconfigure.OptionalLiveReloadServer: Unable to start LiveReload server 
[2022/01/16-14:14:22] [main] org.springframework.boot.web.servlet.context.AnnotationConfigServletWebServerApplicationContext: Exception encountered during context initialization - cancelling refresh attempt: org.springframework.context.ApplicationContextException: Failed to start bean 'webServerStartStop'; nested exception is org.springframework.boot.web.server.PortInUseException: Port 8080 is already in use 
[2022/01/16-14:15:25] [main] com.talex.frame.talexframe.TalexFrameApplicationTests: Starting TalexFrameApplicationTests using Java 1.8.0_291 on LENOVO-NX-T with PID 24588 (started by Lenovo in G:\WorkSpace\Talexs\TalexFrame) 
[2022/01/16-14:15:25] [main] com.talex.frame.talexframe.TalexFrameApplicationTests: No active profile set, falling back to default profiles: default 
[2022/01/16-14:15:28] [main] org.mybatis.spring.mapper.ClassPathMapperScanner: No MyBatis mapper was found in '[com.talex.frame.talexframe]' package. Please check your configuration. 
[2022/01/16-14:15:36] [main] org.springframework.boot.autoconfigure.orm.jpa.JpaBaseConfiguration$JpaWebConfiguration: spring.jpa.open-in-view is enabled by default. Therefore, database queries may be performed during view rendering. Explicitly configure spring.jpa.open-in-view to disable this warning 
[2022/01/16-14:15:40] [main] com.talex.frame.talexframe.TalexFrameApplicationTests: Started TalexFrameApplicationTests in 16.389 seconds (JVM running for 19.051) 
[2022/01/16-14:15:40] [main] com.talex.frame.talexframe.TalexFrameApplication: Starting TalexFrameApplication using Java 1.8.0_291 on LENOVO-NX-T with PID 24944 (G:\WorkSpace\Talexs\TalexFrame\target\classes started by Lenovo in G:\WorkSpace\Talexs\TalexFrame) 
[2022/01/16-14:15:40] [main] com.talex.frame.talexframe.TalexFrameApplication: No active profile set, falling back to default profiles: default 
[2022/01/16-14:15:44] [main] org.mybatis.spring.mapper.ClassPathMapperScanner: No MyBatis mapper was found in '[com.talex.frame.talexframe]' package. Please check your configuration. 
[2022/01/16-14:15:45] [main] org.apache.catalina.core.AprLifecycleListener: This listener must only be nested within Server elements, but is in [TomcatEmbeddedContext]. 
[2022/01/16-14:15:50] [main] org.springframework.boot.autoconfigure.orm.jpa.JpaBaseConfiguration$JpaWebConfiguration: spring.jpa.open-in-view is enabled by default. Therefore, database queries may be performed during view rendering. Explicitly configure spring.jpa.open-in-view to disable this warning 
[2022/01/16-14:15:53] [main] com.talex.frame.talexframe.TalexFrameApplication: Started TalexFrameApplication in 15.512 seconds (JVM running for 25.069) 
[2022/01/16-14:16:54] [http-nio-8080-exec-2] com.talex.frame.talexframe.interceptor.TimeConsumingInterceptor: [TimeConsuming]  / /error #160099000millis 
[2022/01/16-14:18:37] [http-nio-8080-exec-5] org.mybatis.spring.mapper.ClassPathMapperScanner: No MyBatis mapper was found in '[com.talex.frame.talexframe]' package. Please check your configuration. 
[2022/01/16-14:18:37] [http-nio-8080-exec-7] org.springframework.web.servlet.mvc.method.annotation.ExceptionHandlerExceptionResolver: Resolved [org.springframework.web.HttpRequestMethodNotSupportedException: Request method 'GET' not supported] 
[2022/01/16-14:18:37] [http-nio-8080-exec-5] org.springframework.web.servlet.mvc.method.annotation.ExceptionHandlerExceptionResolver: Resolved [org.springframework.web.HttpRequestMethodNotSupportedException: Request method 'GET' not supported] 
[2022/01/16-14:19:07] [http-nio-8080-exec-9] org.springframework.web.servlet.mvc.method.annotation.ExceptionHandlerExceptionResolver: Resolved [org.springframework.web.HttpRequestMethodNotSupportedException: Request method 'GET' not supported] 
[2022/01/16-17:48:07] [main] com.talex.frame.talexframe.TalexFrameApplication: Starting TalexFrameApplication using Java 1.8.0_291 on LENOVO-NX-T with PID 25764 (G:\WorkSpace\Talexs\TalexFrame\target\classes started by Lenovo in G:\WorkSpace\Talexs\TalexFrame) 
[2022/01/16-17:48:07] [main] com.talex.frame.talexframe.TalexFrameApplication: No active profile set, falling back to default profiles: default 
[2022/01/16-17:48:10] [main] org.mybatis.spring.mapper.ClassPathMapperScanner: No MyBatis mapper was found in '[com.talex.frame.talexframe]' package. Please check your configuration. 
[2022/01/16-17:48:12] [main] org.apache.catalina.core.AprLifecycleListener: This listener must only be nested within Server elements, but is in [TomcatEmbeddedContext]. 
[2022/01/16-17:48:16] [main] org.springframework.boot.web.servlet.context.AnnotationConfigServletWebServerApplicationContext: Exception encountered during context initialization - cancelling refresh attempt: org.springframework.beans.factory.UnsatisfiedDependencyException: Error creating bean with name 'userBaseController': Unsatisfied dependency expressed through field 'userDataMapper'; nested exception is org.springframework.beans.factory.NoSuchBeanDefinitionException: No qualifying bean of type 'com.talex.frame.talexframe.mapper.user.IUserDataMapper' available: expected at least 1 bean which qualifies as autowire candidate. Dependency annotations: {@org.springframework.beans.factory.annotation.Autowired(required=true)} 
[2022/01/16-17:49:18] [main] com.talex.frame.talexframe.TalexFrameApplication: Starting TalexFrameApplication using Java 1.8.0_291 on LENOVO-NX-T with PID 21540 (G:\WorkSpace\Talexs\TalexFrame\target\classes started by Lenovo in G:\WorkSpace\Talexs\TalexFrame) 
[2022/01/16-17:49:18] [main] com.talex.frame.talexframe.TalexFrameApplication: No active profile set, falling back to default profiles: default 
[2022/01/16-17:49:20] [main] org.mybatis.spring.mapper.ClassPathMapperScanner: No MyBatis mapper was found in '[com.talex.frame.talexframe]' package. Please check your configuration. 
[2022/01/16-17:49:21] [main] org.apache.catalina.core.AprLifecycleListener: This listener must only be nested within Server elements, but is in [TomcatEmbeddedContext]. 
[2022/01/16-17:49:25] [main] org.springframework.boot.autoconfigure.orm.jpa.JpaBaseConfiguration$JpaWebConfiguration: spring.jpa.open-in-view is enabled by default. Therefore, database queries may be performed during view rendering. Explicitly configure spring.jpa.open-in-view to disable this warning 
[2022/01/16-17:49:27] [main] com.talex.frame.talexframe.TalexFrameApplication: Started TalexFrameApplication in 11.19 seconds (JVM running for 15.077) 
[2022/01/16-17:51:02] [http-nio-8080-exec-2] com.talex.frame.talexframe.interceptor.TimeConsumingInterceptor: [TimeConsuming]  / /error #120142000nanosecond 
[2022/01/16-17:54:57] [http-nio-8080-exec-6] org.mybatis.spring.mapper.ClassPathMapperScanner: No MyBatis mapper was found in '[com.talex.frame.talexframe]' package. Please check your configuration. 
[2022/01/16-18:25:46] [http-nio-8080-exec-2] org.mybatis.spring.mapper.ClassPathMapperScanner: No MyBatis mapper was found in '[com.talex.frame.talexframe]' package. Please check your configuration. 
[2022/01/16-18:26:05] [http-nio-8080-exec-5] org.springframework.web.servlet.mvc.method.annotation.ExceptionHandlerExceptionResolver: Resolved [org.springframework.web.HttpRequestMethodNotSupportedException: Request method 'GET' not supported] 
[2022/01/16-18:31:32] [http-nio-8080-exec-1] org.mybatis.spring.mapper.ClassPathMapperScanner: No MyBatis mapper was found in '[com.talex.frame.talexframe]' package. Please check your configuration. 
[2022/01/16-18:31:32] [http-nio-8080-exec-1] org.springframework.web.servlet.mvc.method.annotation.ExceptionHandlerExceptionResolver: Resolved [java.lang.ClassCastException: org.springframework.http.server.ServletServerHttpRequest cannot be cast to javax.servlet.http.HttpServletRequest] 
[2022/01/16-18:45:16] [http-nio-8080-exec-2] org.mybatis.spring.mapper.ClassPathMapperScanner: No MyBatis mapper was found in '[com.talex.frame.talexframe]' package. Please check your configuration. 
